{"D:\\SzE\\parser-TDK\\Parser\\javascript-parser-for-set-theory\\src\\lexer.js": {"path":"D:\\SzE\\parser-TDK\\Parser\\javascript-parser-for-set-theory\\src\\lexer.js","statementMap":{"0":{"start":{"line":18,"column":8},"end":{"line":18,"column":30}},"1":{"start":{"line":19,"column":8},"end":{"line":23,"column":9}},"2":{"start":{"line":20,"column":12},"end":{"line":22,"column":13}},"3":{"start":{"line":21,"column":16},"end":{"line":21,"column":35}},"4":{"start":{"line":30,"column":21},"end":{"line":30,"column":23}},"5":{"start":{"line":31,"column":22},"end":{"line":31,"column":46}},"6":{"start":{"line":32,"column":21},"end":{"line":32,"column":49}},"7":{"start":{"line":33,"column":25},"end":{"line":33,"column":52}},"8":{"start":{"line":34,"column":31},"end":{"line":34,"column":64}},"9":{"start":{"line":35,"column":34},"end":{"line":35,"column":70}},"10":{"start":{"line":37,"column":8},"end":{"line":166,"column":9}},"11":{"start":{"line":37,"column":21},"end":{"line":37,"column":22}},"12":{"start":{"line":38,"column":18},"end":{"line":38,"column":32}},"13":{"start":{"line":39,"column":12},"end":{"line":165,"column":13}},"14":{"start":{"line":40,"column":24},"end":{"line":40,"column":25}},"15":{"start":{"line":41,"column":16},"end":{"line":43,"column":17}},"16":{"start":{"line":42,"column":20},"end":{"line":42,"column":41}},"17":{"start":{"line":44,"column":16},"end":{"line":44,"column":108}},"18":{"start":{"line":45,"column":16},"end":{"line":45,"column":19}},"19":{"start":{"line":47,"column":17},"end":{"line":165,"column":13}},"20":{"start":{"line":48,"column":22},"end":{"line":48,"column":23}},"21":{"start":{"line":49,"column":15},"end":{"line":51,"column":17}},"22":{"start":{"line":50,"column":20},"end":{"line":50,"column":40}},"23":{"start":{"line":52,"column":16},"end":{"line":52,"column":99}},"24":{"start":{"line":53,"column":16},"end":{"line":53,"column":19}},"25":{"start":{"line":55,"column":17},"end":{"line":165,"column":13}},"26":{"start":{"line":56,"column":16},"end":{"line":56,"column":100}},"27":{"start":{"line":57,"column":16},"end":{"line":57,"column":20}},"28":{"start":{"line":59,"column":17},"end":{"line":165,"column":13}},"29":{"start":{"line":60,"column":16},"end":{"line":60,"column":112}},"30":{"start":{"line":61,"column":16},"end":{"line":61,"column":20}},"31":{"start":{"line":63,"column":17},"end":{"line":165,"column":13}},"32":{"start":{"line":64,"column":16},"end":{"line":64,"column":118}},"33":{"start":{"line":65,"column":16},"end":{"line":65,"column":20}},"34":{"start":{"line":67,"column":17},"end":{"line":165,"column":13}},"35":{"start":{"line":68,"column":16},"end":{"line":68,"column":25}},"36":{"start":{"line":71,"column":15},"end":{"line":164,"column":17}},"37":{"start":{"line":73,"column":24},"end":{"line":73,"column":98}},"38":{"start":{"line":74,"column":24},"end":{"line":74,"column":30}},"39":{"start":{"line":76,"column":24},"end":{"line":76,"column":100}},"40":{"start":{"line":77,"column":24},"end":{"line":77,"column":30}},"41":{"start":{"line":79,"column":24},"end":{"line":79,"column":106}},"42":{"start":{"line":80,"column":24},"end":{"line":80,"column":30}},"43":{"start":{"line":82,"column":24},"end":{"line":82,"column":102}},"44":{"start":{"line":83,"column":24},"end":{"line":83,"column":30}},"45":{"start":{"line":85,"column":24},"end":{"line":85,"column":96}},"46":{"start":{"line":86,"column":24},"end":{"line":86,"column":30}},"47":{"start":{"line":88,"column":24},"end":{"line":88,"column":110}},"48":{"start":{"line":89,"column":24},"end":{"line":89,"column":30}},"49":{"start":{"line":91,"column":24},"end":{"line":91,"column":108}},"50":{"start":{"line":92,"column":24},"end":{"line":92,"column":30}},"51":{"start":{"line":94,"column":24},"end":{"line":94,"column":114}},"52":{"start":{"line":95,"column":24},"end":{"line":95,"column":30}},"53":{"start":{"line":97,"column":24},"end":{"line":97,"column":100}},"54":{"start":{"line":98,"column":24},"end":{"line":98,"column":30}},"55":{"start":{"line":100,"column":24},"end":{"line":100,"column":106}},"56":{"start":{"line":101,"column":24},"end":{"line":101,"column":30}},"57":{"start":{"line":103,"column":24},"end":{"line":103,"column":114}},"58":{"start":{"line":104,"column":24},"end":{"line":104,"column":30}},"59":{"start":{"line":106,"column":24},"end":{"line":106,"column":100}},"60":{"start":{"line":107,"column":24},"end":{"line":107,"column":30}},"61":{"start":{"line":109,"column":24},"end":{"line":109,"column":114}},"62":{"start":{"line":110,"column":24},"end":{"line":110,"column":30}},"63":{"start":{"line":112,"column":24},"end":{"line":112,"column":106}},"64":{"start":{"line":113,"column":24},"end":{"line":113,"column":30}},"65":{"start":{"line":115,"column":24},"end":{"line":115,"column":100}},"66":{"start":{"line":116,"column":24},"end":{"line":116,"column":30}},"67":{"start":{"line":118,"column":24},"end":{"line":118,"column":104}},"68":{"start":{"line":119,"column":24},"end":{"line":119,"column":30}},"69":{"start":{"line":121,"column":24},"end":{"line":121,"column":116}},"70":{"start":{"line":122,"column":24},"end":{"line":122,"column":30}},"71":{"start":{"line":124,"column":24},"end":{"line":124,"column":98}},"72":{"start":{"line":125,"column":24},"end":{"line":125,"column":30}},"73":{"start":{"line":127,"column":24},"end":{"line":127,"column":96}},"74":{"start":{"line":128,"column":24},"end":{"line":128,"column":30}},"75":{"start":{"line":130,"column":24},"end":{"line":130,"column":114}},"76":{"start":{"line":131,"column":24},"end":{"line":131,"column":30}},"77":{"start":{"line":133,"column":24},"end":{"line":133,"column":118}},"78":{"start":{"line":134,"column":24},"end":{"line":134,"column":30}},"79":{"start":{"line":136,"column":25},"end":{"line":136,"column":121}},"80":{"start":{"line":137,"column":25},"end":{"line":137,"column":31}},"81":{"start":{"line":139,"column":24},"end":{"line":139,"column":120}},"82":{"start":{"line":140,"column":24},"end":{"line":140,"column":30}},"83":{"start":{"line":142,"column":24},"end":{"line":142,"column":122}},"84":{"start":{"line":143,"column":24},"end":{"line":143,"column":30}},"85":{"start":{"line":145,"column":24},"end":{"line":145,"column":124}},"86":{"start":{"line":146,"column":24},"end":{"line":146,"column":30}},"87":{"start":{"line":148,"column":24},"end":{"line":148,"column":126}},"88":{"start":{"line":149,"column":24},"end":{"line":149,"column":30}},"89":{"start":{"line":151,"column":24},"end":{"line":151,"column":106}},"90":{"start":{"line":152,"column":24},"end":{"line":152,"column":30}},"91":{"start":{"line":154,"column":24},"end":{"line":154,"column":112}},"92":{"start":{"line":155,"column":24},"end":{"line":155,"column":30}},"93":{"start":{"line":157,"column":24},"end":{"line":157,"column":96}},"94":{"start":{"line":158,"column":24},"end":{"line":158,"column":30}},"95":{"start":{"line":162,"column":24},"end":{"line":162,"column":88}},"96":{"start":{"line":163,"column":24},"end":{"line":163,"column":38}},"97":{"start":{"line":167,"column":8},"end":{"line":167,"column":21}},"98":{"start":{"line":171,"column":8},"end":{"line":171,"column":84}},"99":{"start":{"line":171,"column":47},"end":{"line":171,"column":68}}},"fnMap":{"0":{"name":"(anonymous_0)","decl":{"start":{"line":17,"column":4},"end":{"line":17,"column":5}},"loc":{"start":{"line":17,"column":37},"end":{"line":24,"column":5}},"line":17},"1":{"name":"(anonymous_1)","decl":{"start":{"line":20,"column":26},"end":{"line":20,"column":27}},"loc":{"start":{"line":20,"column":30},"end":{"line":22,"column":13}},"line":20},"2":{"name":"(anonymous_2)","decl":{"start":{"line":29,"column":4},"end":{"line":29,"column":5}},"loc":{"start":{"line":29,"column":14},"end":{"line":168,"column":5}},"line":29},"3":{"name":"(anonymous_3)","decl":{"start":{"line":171,"column":40},"end":{"line":171,"column":41}},"loc":{"start":{"line":171,"column":47},"end":{"line":171,"column":68}},"line":171}},"branchMap":{"0":{"loc":{"start":{"line":17,"column":16},"end":{"line":17,"column":24}},"type":"default-arg","locations":[{"start":{"line":17,"column":22},"end":{"line":17,"column":24}}],"line":17},"1":{"loc":{"start":{"line":17,"column":26},"end":{"line":17,"column":36}},"type":"default-arg","locations":[{"start":{"line":17,"column":31},"end":{"line":17,"column":36}}],"line":17},"2":{"loc":{"start":{"line":19,"column":8},"end":{"line":23,"column":9}},"type":"if","locations":[{"start":{"line":19,"column":8},"end":{"line":23,"column":9}},{"start":{},"end":{}}],"line":19},"3":{"loc":{"start":{"line":39,"column":12},"end":{"line":165,"column":13}},"type":"if","locations":[{"start":{"line":39,"column":12},"end":{"line":165,"column":13}},{"start":{"line":47,"column":17},"end":{"line":165,"column":13}}],"line":39},"4":{"loc":{"start":{"line":47,"column":17},"end":{"line":165,"column":13}},"type":"if","locations":[{"start":{"line":47,"column":17},"end":{"line":165,"column":13}},{"start":{"line":55,"column":17},"end":{"line":165,"column":13}}],"line":47},"5":{"loc":{"start":{"line":55,"column":17},"end":{"line":165,"column":13}},"type":"if","locations":[{"start":{"line":55,"column":17},"end":{"line":165,"column":13}},{"start":{"line":59,"column":17},"end":{"line":165,"column":13}}],"line":55},"6":{"loc":{"start":{"line":59,"column":17},"end":{"line":165,"column":13}},"type":"if","locations":[{"start":{"line":59,"column":17},"end":{"line":165,"column":13}},{"start":{"line":63,"column":17},"end":{"line":165,"column":13}}],"line":59},"7":{"loc":{"start":{"line":63,"column":17},"end":{"line":165,"column":13}},"type":"if","locations":[{"start":{"line":63,"column":17},"end":{"line":165,"column":13}},{"start":{"line":67,"column":17},"end":{"line":165,"column":13}}],"line":63},"8":{"loc":{"start":{"line":67,"column":17},"end":{"line":165,"column":13}},"type":"if","locations":[{"start":{"line":67,"column":17},"end":{"line":165,"column":13}},{"start":{"line":70,"column":16},"end":{"line":165,"column":13}}],"line":67},"9":{"loc":{"start":{"line":67,"column":20},"end":{"line":67,"column":37}},"type":"binary-expr","locations":[{"start":{"line":67,"column":20},"end":{"line":67,"column":27}},{"start":{"line":67,"column":29},"end":{"line":67,"column":37}}],"line":67},"10":{"loc":{"start":{"line":71,"column":15},"end":{"line":164,"column":17}},"type":"switch","locations":[{"start":{"line":72,"column":20},"end":{"line":74,"column":30}},{"start":{"line":75,"column":20},"end":{"line":77,"column":30}},{"start":{"line":78,"column":20},"end":{"line":80,"column":30}},{"start":{"line":81,"column":20},"end":{"line":83,"column":30}},{"start":{"line":84,"column":20},"end":{"line":86,"column":30}},{"start":{"line":87,"column":20},"end":{"line":89,"column":30}},{"start":{"line":90,"column":20},"end":{"line":92,"column":30}},{"start":{"line":93,"column":20},"end":{"line":95,"column":30}},{"start":{"line":96,"column":20},"end":{"line":98,"column":30}},{"start":{"line":99,"column":20},"end":{"line":101,"column":30}},{"start":{"line":102,"column":20},"end":{"line":104,"column":30}},{"start":{"line":105,"column":20},"end":{"line":107,"column":30}},{"start":{"line":108,"column":20},"end":{"line":110,"column":30}},{"start":{"line":111,"column":20},"end":{"line":113,"column":30}},{"start":{"line":114,"column":20},"end":{"line":116,"column":30}},{"start":{"line":117,"column":20},"end":{"line":119,"column":30}},{"start":{"line":120,"column":20},"end":{"line":122,"column":30}},{"start":{"line":123,"column":20},"end":{"line":125,"column":30}},{"start":{"line":126,"column":20},"end":{"line":128,"column":30}},{"start":{"line":129,"column":20},"end":{"line":131,"column":30}},{"start":{"line":132,"column":20},"end":{"line":134,"column":30}},{"start":{"line":135,"column":20},"end":{"line":137,"column":31}},{"start":{"line":138,"column":20},"end":{"line":140,"column":30}},{"start":{"line":141,"column":20},"end":{"line":143,"column":30}},{"start":{"line":144,"column":20},"end":{"line":146,"column":30}},{"start":{"line":147,"column":20},"end":{"line":149,"column":30}},{"start":{"line":150,"column":20},"end":{"line":152,"column":30}},{"start":{"line":153,"column":20},"end":{"line":155,"column":30}},{"start":{"line":156,"column":20},"end":{"line":158,"column":30}},{"start":{"line":161,"column":20},"end":{"line":163,"column":38}}],"line":71}},"s":{"0":46,"1":46,"2":2,"3":2,"4":44,"5":44,"6":44,"7":44,"8":44,"9":44,"10":44,"11":44,"12":451,"13":451,"14":34,"15":34,"16":39,"17":34,"18":34,"19":417,"20":134,"21":134,"22":172,"23":134,"24":134,"25":283,"26":10,"27":10,"28":273,"29":3,"30":3,"31":270,"32":2,"33":2,"34":268,"35":14,"36":254,"37":8,"38":8,"39":14,"40":14,"41":1,"42":1,"43":1,"44":1,"45":2,"46":2,"47":10,"48":10,"49":2,"50":2,"51":2,"52":2,"53":7,"54":7,"55":2,"56":2,"57":3,"58":3,"59":14,"60":14,"61":21,"62":21,"63":3,"64":3,"65":13,"66":13,"67":6,"68":6,"69":1,"70":1,"71":8,"72":8,"73":1,"74":1,"75":38,"76":38,"77":9,"78":9,"79":9,"80":9,"81":10,"82":10,"83":10,"84":10,"85":6,"86":6,"87":6,"88":6,"89":1,"90":1,"91":2,"92":2,"93":43,"94":43,"95":1,"96":1,"97":43,"98":436,"99":10454},"f":{"0":46,"1":2,"2":44,"3":10454},"b":{"0":[0],"1":[44],"2":[2,44],"3":[34,417],"4":[134,283],"5":[10,273],"6":[3,270],"7":[2,268],"8":[14,254],"9":[268,254],"10":[8,14,1,1,2,10,2,2,7,2,3,14,21,3,13,6,1,8,1,38,9,9,10,10,6,6,1,2,43,1]},"_coverageSchema":"1a1c01bbd47fc00a2c39e90264f33305004495a9","hash":"35c598b84517d8441b209cfc81aec832c6942d1b"}
,"D:\\SzE\\parser-TDK\\Parser\\javascript-parser-for-set-theory\\src\\lib.js": {"path":"D:\\SzE\\parser-TDK\\Parser\\javascript-parser-for-set-theory\\src\\lib.js","statementMap":{"0":{"start":{"line":10,"column":4},"end":{"line":10,"column":35}},"1":{"start":{"line":19,"column":4},"end":{"line":19,"column":37}},"2":{"start":{"line":28,"column":4},"end":{"line":28,"column":40}},"3":{"start":{"line":37,"column":15},"end":{"line":37,"column":48}},"4":{"start":{"line":38,"column":5},"end":{"line":38,"column":48}},"5":{"start":{"line":47,"column":4},"end":{"line":47,"column":56}},"6":{"start":{"line":56,"column":4},"end":{"line":56,"column":69}},"7":{"start":{"line":65,"column":4},"end":{"line":65,"column":75}},"8":{"start":{"line":65,"column":31},"end":{"line":65,"column":75}},"9":{"start":{"line":66,"column":17},"end":{"line":66,"column":26}},"10":{"start":{"line":67,"column":4},"end":{"line":69,"column":6}},"11":{"start":{"line":68,"column":8},"end":{"line":68,"column":36}},"12":{"start":{"line":70,"column":4},"end":{"line":70,"column":18}},"13":{"start":{"line":81,"column":4},"end":{"line":81,"column":129}},"14":{"start":{"line":81,"column":78},"end":{"line":81,"column":129}},"15":{"start":{"line":82,"column":18},"end":{"line":82,"column":27}},"16":{"start":{"line":83,"column":4},"end":{"line":85,"column":5}},"17":{"start":{"line":83,"column":17},"end":{"line":83,"column":22}},"18":{"start":{"line":84,"column":8},"end":{"line":84,"column":31}},"19":{"start":{"line":86,"column":4},"end":{"line":86,"column":18}},"20":{"start":{"line":96,"column":4},"end":{"line":96,"column":50}},"21":{"start":{"line":96,"column":21},"end":{"line":96,"column":50}},"22":{"start":{"line":97,"column":4},"end":{"line":97,"column":24}},"23":{"start":{"line":110,"column":4},"end":{"line":110,"column":79}},"24":{"start":{"line":110,"column":45},"end":{"line":110,"column":79}},"25":{"start":{"line":111,"column":4},"end":{"line":111,"column":24}},"26":{"start":{"line":123,"column":4},"end":{"line":123,"column":83}},"27":{"start":{"line":123,"column":45},"end":{"line":123,"column":83}},"28":{"start":{"line":124,"column":4},"end":{"line":124,"column":35}},"29":{"start":{"line":136,"column":4},"end":{"line":136,"column":67}},"30":{"start":{"line":136,"column":37},"end":{"line":136,"column":67}},"31":{"start":{"line":137,"column":4},"end":{"line":137,"column":75}},"32":{"start":{"line":149,"column":4},"end":{"line":149,"column":70}},"33":{"start":{"line":149,"column":37},"end":{"line":149,"column":70}},"34":{"start":{"line":150,"column":4},"end":{"line":154,"column":5}},"35":{"start":{"line":151,"column":8},"end":{"line":153,"column":9}},"36":{"start":{"line":152,"column":12},"end":{"line":152,"column":24}},"37":{"start":{"line":155,"column":4},"end":{"line":155,"column":15}},"38":{"start":{"line":166,"column":4},"end":{"line":166,"column":75}},"39":{"start":{"line":166,"column":37},"end":{"line":166,"column":75}},"40":{"start":{"line":167,"column":4},"end":{"line":167,"column":60}},"41":{"start":{"line":178,"column":4},"end":{"line":178,"column":72}},"42":{"start":{"line":178,"column":41},"end":{"line":178,"column":72}},"43":{"start":{"line":179,"column":4},"end":{"line":179,"column":37}},"44":{"start":{"line":191,"column":4},"end":{"line":193,"column":5}},"45":{"start":{"line":192,"column":8},"end":{"line":192,"column":51}},"46":{"start":{"line":192,"column":25},"end":{"line":192,"column":51}},"47":{"start":{"line":194,"column":19},"end":{"line":194,"column":28}},"48":{"start":{"line":195,"column":4},"end":{"line":199,"column":5}},"49":{"start":{"line":196,"column":8},"end":{"line":198,"column":9}},"50":{"start":{"line":197,"column":10},"end":{"line":197,"column":30}},"51":{"start":{"line":200,"column":4},"end":{"line":200,"column":18}},"52":{"start":{"line":211,"column":4},"end":{"line":213,"column":5}},"53":{"start":{"line":212,"column":8},"end":{"line":212,"column":59}},"54":{"start":{"line":212,"column":25},"end":{"line":212,"column":59}},"55":{"start":{"line":214,"column":4},"end":{"line":216,"column":7}},"56":{"start":{"line":215,"column":8},"end":{"line":215,"column":84}},"57":{"start":{"line":215,"column":58},"end":{"line":215,"column":81}},"58":{"start":{"line":227,"column":4},"end":{"line":227,"column":68}},"59":{"start":{"line":227,"column":37},"end":{"line":227,"column":68}},"60":{"start":{"line":228,"column":17},"end":{"line":228,"column":26}},"61":{"start":{"line":229,"column":4},"end":{"line":233,"column":5}},"62":{"start":{"line":230,"column":8},"end":{"line":232,"column":9}},"63":{"start":{"line":231,"column":12},"end":{"line":231,"column":32}},"64":{"start":{"line":234,"column":4},"end":{"line":234,"column":17}},"65":{"start":{"line":245,"column":4},"end":{"line":245,"column":53}},"66":{"start":{"line":245,"column":21},"end":{"line":245,"column":53}},"67":{"start":{"line":246,"column":4},"end":{"line":246,"column":19}},"68":{"start":{"line":257,"column":4},"end":{"line":257,"column":77}},"69":{"start":{"line":257,"column":45},"end":{"line":257,"column":77}},"70":{"start":{"line":258,"column":16},"end":{"line":258,"column":24}},"71":{"start":{"line":259,"column":4},"end":{"line":259,"column":60}},"72":{"start":{"line":270,"column":4},"end":{"line":270,"column":77}},"73":{"start":{"line":270,"column":45},"end":{"line":270,"column":77}},"74":{"start":{"line":271,"column":4},"end":{"line":271,"column":53}}},"fnMap":{"0":{"name":"is_number","decl":{"start":{"line":9,"column":16},"end":{"line":9,"column":25}},"loc":{"start":{"line":9,"column":31},"end":{"line":11,"column":1}},"line":9},"1":{"name":"is_string","decl":{"start":{"line":18,"column":16},"end":{"line":18,"column":25}},"loc":{"start":{"line":18,"column":34},"end":{"line":20,"column":1}},"line":18},"2":{"name":"is_function","decl":{"start":{"line":27,"column":16},"end":{"line":27,"column":27}},"loc":{"start":{"line":27,"column":38},"end":{"line":29,"column":1}},"line":27},"3":{"name":"is_whole_number","decl":{"start":{"line":36,"column":16},"end":{"line":36,"column":31}},"loc":{"start":{"line":36,"column":37},"end":{"line":39,"column":1}},"line":36},"4":{"name":"is_set","decl":{"start":{"line":46,"column":16},"end":{"line":46,"column":22}},"loc":{"start":{"line":46,"column":27},"end":{"line":49,"column":1}},"line":46},"5":{"name":"illegal_arguments","decl":{"start":{"line":55,"column":16},"end":{"line":55,"column":33}},"loc":{"start":{"line":55,"column":44},"end":{"line":57,"column":1}},"line":55},"6":{"name":"create_set_from_literal","decl":{"start":{"line":64,"column":16},"end":{"line":64,"column":39}},"loc":{"start":{"line":64,"column":51},"end":{"line":71,"column":1}},"line":64},"7":{"name":"(anonymous_7)","decl":{"start":{"line":67,"column":46},"end":{"line":67,"column":47}},"loc":{"start":{"line":67,"column":52},"end":{"line":69,"column":5}},"line":67},"8":{"name":"create_set_from_formula","decl":{"start":{"line":80,"column":16},"end":{"line":80,"column":39}},"loc":{"start":{"line":80,"column":58},"end":{"line":87,"column":1}},"line":80},"9":{"name":"is_empty","decl":{"start":{"line":95,"column":16},"end":{"line":95,"column":24}},"loc":{"start":{"line":95,"column":29},"end":{"line":100,"column":1}},"line":95},"10":{"name":"is_element_of","decl":{"start":{"line":109,"column":16},"end":{"line":109,"column":29}},"loc":{"start":{"line":109,"column":40},"end":{"line":113,"column":1}},"line":109},"11":{"name":"is_not_element_of","decl":{"start":{"line":122,"column":16},"end":{"line":122,"column":33}},"loc":{"start":{"line":122,"column":43},"end":{"line":126,"column":1}},"line":122},"12":{"name":"are_equal","decl":{"start":{"line":135,"column":16},"end":{"line":135,"column":25}},"loc":{"start":{"line":135,"column":36},"end":{"line":139,"column":1}},"line":135},"13":{"name":"is_subset_of","decl":{"start":{"line":148,"column":16},"end":{"line":148,"column":28}},"loc":{"start":{"line":148,"column":39},"end":{"line":156,"column":1}},"line":148},"14":{"name":"is_real_subset_of","decl":{"start":{"line":165,"column":16},"end":{"line":165,"column":33}},"loc":{"start":{"line":165,"column":44},"end":{"line":168,"column":1}},"line":165},"15":{"name":"complement","decl":{"start":{"line":177,"column":16},"end":{"line":177,"column":26}},"loc":{"start":{"line":177,"column":42},"end":{"line":181,"column":1}},"line":177},"16":{"name":"union","decl":{"start":{"line":189,"column":16},"end":{"line":189,"column":21}},"loc":{"start":{"line":189,"column":30},"end":{"line":202,"column":1}},"line":189},"17":{"name":"intersection","decl":{"start":{"line":210,"column":16},"end":{"line":210,"column":28}},"loc":{"start":{"line":210,"column":37},"end":{"line":217,"column":1}},"line":210},"18":{"name":"(anonymous_18)","decl":{"start":{"line":214,"column":23},"end":{"line":214,"column":24}},"loc":{"start":{"line":214,"column":51},"end":{"line":216,"column":5}},"line":214},"19":{"name":"(anonymous_19)","decl":{"start":{"line":215,"column":47},"end":{"line":215,"column":48}},"loc":{"start":{"line":215,"column":58},"end":{"line":215,"column":81}},"line":215},"20":{"name":"difference","decl":{"start":{"line":226,"column":16},"end":{"line":226,"column":26}},"loc":{"start":{"line":226,"column":37},"end":{"line":236,"column":1}},"line":226},"21":{"name":"cardinality","decl":{"start":{"line":244,"column":16},"end":{"line":244,"column":27}},"loc":{"start":{"line":244,"column":32},"end":{"line":247,"column":1}},"line":244},"22":{"name":"add_element","decl":{"start":{"line":256,"column":16},"end":{"line":256,"column":27}},"loc":{"start":{"line":256,"column":37},"end":{"line":260,"column":1}},"line":256},"23":{"name":"del_element","decl":{"start":{"line":269,"column":16},"end":{"line":269,"column":27}},"loc":{"start":{"line":269,"column":37},"end":{"line":272,"column":1}},"line":269},"24":{"name":"Venn","decl":{"start":{"line":273,"column":16},"end":{"line":273,"column":20}},"loc":{"start":{"line":273,"column":22},"end":{"line":275,"column":1}},"line":273},"25":{"name":"IEP","decl":{"start":{"line":277,"column":16},"end":{"line":277,"column":19}},"loc":{"start":{"line":277,"column":21},"end":{"line":279,"column":1}},"line":277}},"branchMap":{"0":{"loc":{"start":{"line":38,"column":12},"end":{"line":38,"column":47}},"type":"binary-expr","locations":[{"start":{"line":38,"column":12},"end":{"line":38,"column":27}},{"start":{"line":38,"column":30},"end":{"line":38,"column":47}}],"line":38},"1":{"loc":{"start":{"line":47,"column":11},"end":{"line":47,"column":56}},"type":"binary-expr","locations":[{"start":{"line":47,"column":11},"end":{"line":47,"column":34}},{"start":{"line":47,"column":38},"end":{"line":47,"column":56}}],"line":47},"2":{"loc":{"start":{"line":65,"column":4},"end":{"line":65,"column":75}},"type":"if","locations":[{"start":{"line":65,"column":4},"end":{"line":65,"column":75}},{"start":{},"end":{}}],"line":65},"3":{"loc":{"start":{"line":81,"column":4},"end":{"line":81,"column":129}},"type":"if","locations":[{"start":{"line":81,"column":4},"end":{"line":81,"column":129}},{"start":{},"end":{}}],"line":81},"4":{"loc":{"start":{"line":81,"column":7},"end":{"line":81,"column":76}},"type":"binary-expr","locations":[{"start":{"line":81,"column":7},"end":{"line":81,"column":30}},{"start":{"line":81,"column":32},"end":{"line":81,"column":53}},{"start":{"line":81,"column":55},"end":{"line":81,"column":76}}],"line":81},"5":{"loc":{"start":{"line":96,"column":4},"end":{"line":96,"column":50}},"type":"if","locations":[{"start":{"line":96,"column":4},"end":{"line":96,"column":50}},{"start":{},"end":{}}],"line":96},"6":{"loc":{"start":{"line":110,"column":4},"end":{"line":110,"column":79}},"type":"if","locations":[{"start":{"line":110,"column":4},"end":{"line":110,"column":79}},{"start":{},"end":{}}],"line":110},"7":{"loc":{"start":{"line":110,"column":7},"end":{"line":110,"column":43}},"type":"binary-expr","locations":[{"start":{"line":110,"column":7},"end":{"line":110,"column":29}},{"start":{"line":110,"column":31},"end":{"line":110,"column":43}}],"line":110},"8":{"loc":{"start":{"line":123,"column":4},"end":{"line":123,"column":83}},"type":"if","locations":[{"start":{"line":123,"column":4},"end":{"line":123,"column":83}},{"start":{},"end":{}}],"line":123},"9":{"loc":{"start":{"line":123,"column":7},"end":{"line":123,"column":43}},"type":"binary-expr","locations":[{"start":{"line":123,"column":7},"end":{"line":123,"column":29}},{"start":{"line":123,"column":31},"end":{"line":123,"column":43}}],"line":123},"10":{"loc":{"start":{"line":136,"column":4},"end":{"line":136,"column":67}},"type":"if","locations":[{"start":{"line":136,"column":4},"end":{"line":136,"column":67}},{"start":{},"end":{}}],"line":136},"11":{"loc":{"start":{"line":136,"column":7},"end":{"line":136,"column":35}},"type":"binary-expr","locations":[{"start":{"line":136,"column":7},"end":{"line":136,"column":20}},{"start":{"line":136,"column":22},"end":{"line":136,"column":35}}],"line":136},"12":{"loc":{"start":{"line":137,"column":11},"end":{"line":137,"column":75}},"type":"binary-expr","locations":[{"start":{"line":137,"column":11},"end":{"line":137,"column":42}},{"start":{"line":137,"column":44},"end":{"line":137,"column":75}}],"line":137},"13":{"loc":{"start":{"line":149,"column":4},"end":{"line":149,"column":70}},"type":"if","locations":[{"start":{"line":149,"column":4},"end":{"line":149,"column":70}},{"start":{},"end":{}}],"line":149},"14":{"loc":{"start":{"line":149,"column":7},"end":{"line":149,"column":35}},"type":"binary-expr","locations":[{"start":{"line":149,"column":7},"end":{"line":149,"column":20}},{"start":{"line":149,"column":22},"end":{"line":149,"column":35}}],"line":149},"15":{"loc":{"start":{"line":151,"column":8},"end":{"line":153,"column":9}},"type":"if","locations":[{"start":{"line":151,"column":8},"end":{"line":153,"column":9}},{"start":{},"end":{}}],"line":151},"16":{"loc":{"start":{"line":166,"column":4},"end":{"line":166,"column":75}},"type":"if","locations":[{"start":{"line":166,"column":4},"end":{"line":166,"column":75}},{"start":{},"end":{}}],"line":166},"17":{"loc":{"start":{"line":166,"column":7},"end":{"line":166,"column":35}},"type":"binary-expr","locations":[{"start":{"line":166,"column":7},"end":{"line":166,"column":20}},{"start":{"line":166,"column":22},"end":{"line":166,"column":35}}],"line":166},"18":{"loc":{"start":{"line":167,"column":11},"end":{"line":167,"column":59}},"type":"binary-expr","locations":[{"start":{"line":167,"column":11},"end":{"line":167,"column":34}},{"start":{"line":167,"column":38},"end":{"line":167,"column":59}}],"line":167},"19":{"loc":{"start":{"line":178,"column":4},"end":{"line":178,"column":72}},"type":"if","locations":[{"start":{"line":178,"column":4},"end":{"line":178,"column":72}},{"start":{},"end":{}}],"line":178},"20":{"loc":{"start":{"line":178,"column":7},"end":{"line":178,"column":39}},"type":"binary-expr","locations":[{"start":{"line":178,"column":7},"end":{"line":178,"column":20}},{"start":{"line":178,"column":22},"end":{"line":178,"column":39}}],"line":178},"21":{"loc":{"start":{"line":192,"column":8},"end":{"line":192,"column":51}},"type":"if","locations":[{"start":{"line":192,"column":8},"end":{"line":192,"column":51}},{"start":{},"end":{}}],"line":192},"22":{"loc":{"start":{"line":212,"column":8},"end":{"line":212,"column":59}},"type":"if","locations":[{"start":{"line":212,"column":8},"end":{"line":212,"column":59}},{"start":{},"end":{}}],"line":212},"23":{"loc":{"start":{"line":227,"column":4},"end":{"line":227,"column":68}},"type":"if","locations":[{"start":{"line":227,"column":4},"end":{"line":227,"column":68}},{"start":{},"end":{}}],"line":227},"24":{"loc":{"start":{"line":227,"column":7},"end":{"line":227,"column":35}},"type":"binary-expr","locations":[{"start":{"line":227,"column":7},"end":{"line":227,"column":20}},{"start":{"line":227,"column":22},"end":{"line":227,"column":35}}],"line":227},"25":{"loc":{"start":{"line":230,"column":8},"end":{"line":232,"column":9}},"type":"if","locations":[{"start":{"line":230,"column":8},"end":{"line":232,"column":9}},{"start":{},"end":{}}],"line":230},"26":{"loc":{"start":{"line":245,"column":4},"end":{"line":245,"column":53}},"type":"if","locations":[{"start":{"line":245,"column":4},"end":{"line":245,"column":53}},{"start":{},"end":{}}],"line":245},"27":{"loc":{"start":{"line":257,"column":4},"end":{"line":257,"column":77}},"type":"if","locations":[{"start":{"line":257,"column":4},"end":{"line":257,"column":77}},{"start":{},"end":{}}],"line":257},"28":{"loc":{"start":{"line":257,"column":7},"end":{"line":257,"column":43}},"type":"binary-expr","locations":[{"start":{"line":257,"column":7},"end":{"line":257,"column":19}},{"start":{"line":257,"column":21},"end":{"line":257,"column":43}}],"line":257},"29":{"loc":{"start":{"line":259,"column":11},"end":{"line":259,"column":59}},"type":"binary-expr","locations":[{"start":{"line":259,"column":11},"end":{"line":259,"column":24}},{"start":{"line":259,"column":28},"end":{"line":259,"column":58}}],"line":259},"30":{"loc":{"start":{"line":270,"column":4},"end":{"line":270,"column":77}},"type":"if","locations":[{"start":{"line":270,"column":4},"end":{"line":270,"column":77}},{"start":{},"end":{}}],"line":270},"31":{"loc":{"start":{"line":270,"column":7},"end":{"line":270,"column":43}},"type":"binary-expr","locations":[{"start":{"line":270,"column":7},"end":{"line":270,"column":19}},{"start":{"line":270,"column":21},"end":{"line":270,"column":43}}],"line":270},"32":{"loc":{"start":{"line":271,"column":11},"end":{"line":271,"column":53}},"type":"binary-expr","locations":[{"start":{"line":271,"column":11},"end":{"line":271,"column":25}},{"start":{"line":271,"column":29},"end":{"line":271,"column":52}}],"line":271}},"s":{"0":86,"1":2,"2":2,"3":46,"4":46,"5":111,"6":0,"7":2,"8":0,"9":2,"10":2,"11":6,"12":2,"13":2,"14":0,"15":2,"16":2,"17":2,"18":6,"19":2,"20":11,"21":0,"22":11,"23":4,"24":0,"25":4,"26":2,"27":0,"28":2,"29":5,"30":0,"31":5,"32":6,"33":0,"34":6,"35":14,"36":2,"37":4,"38":4,"39":0,"40":4,"41":3,"42":0,"43":3,"44":5,"45":14,"46":0,"47":5,"48":5,"49":14,"50":28,"51":5,"52":3,"53":8,"54":0,"55":3,"56":5,"57":9,"58":15,"59":0,"60":15,"61":15,"62":58,"63":16,"64":15,"65":2,"66":0,"67":2,"68":2,"69":0,"70":2,"71":2,"72":2,"73":0,"74":2},"f":{"0":86,"1":2,"2":2,"3":46,"4":111,"5":0,"6":2,"7":6,"8":2,"9":11,"10":4,"11":2,"12":5,"13":6,"14":4,"15":3,"16":5,"17":3,"18":5,"19":9,"20":15,"21":2,"22":2,"23":2,"24":0,"25":0},"b":{"0":[46,46],"1":[111,111],"2":[0,2],"3":[0,2],"4":[2,2,2],"5":[0,11],"6":[0,4],"7":[4,4],"8":[0,2],"9":[2,2],"10":[0,5],"11":[5,5],"12":[5,4],"13":[0,6],"14":[6,6],"15":[2,12],"16":[0,4],"17":[4,4],"18":[4,3],"19":[0,3],"20":[3,3],"21":[0,14],"22":[0,8],"23":[0,15],"24":[15,15],"25":[16,42],"26":[0,2],"27":[0,2],"28":[2,2],"29":[2,1],"30":[0,2],"31":[2,2],"32":[2,1]},"_coverageSchema":"1a1c01bbd47fc00a2c39e90264f33305004495a9","hash":"8741def27e90eda15dbae61a4759f2e5fbe92196"}
,"D:\\SzE\\parser-TDK\\Parser\\javascript-parser-for-set-theory\\src\\parser.js": {"path":"D:\\SzE\\parser-TDK\\Parser\\javascript-parser-for-set-theory\\src\\parser.js","statementMap":{"0":{"start":{"line":16,"column":8},"end":{"line":16,"column":30}},"1":{"start":{"line":26,"column":8},"end":{"line":26,"column":78}},"2":{"start":{"line":35,"column":17},"end":{"line":35,"column":41}},"3":{"start":{"line":36,"column":17},"end":{"line":36,"column":39}},"4":{"start":{"line":46,"column":17},"end":{"line":46,"column":31}},"5":{"start":{"line":47,"column":8},"end":{"line":47,"column":56}},"6":{"start":{"line":47,"column":35},"end":{"line":47,"column":56}},"7":{"start":{"line":48,"column":8},"end":{"line":48,"column":24}},"8":{"start":{"line":58,"column":17},"end":{"line":58,"column":31}},"9":{"start":{"line":59,"column":8},"end":{"line":59,"column":54}},"10":{"start":{"line":59,"column":33},"end":{"line":59,"column":54}},"11":{"start":{"line":60,"column":8},"end":{"line":60,"column":18}},"12":{"start":{"line":69,"column":29},"end":{"line":69,"column":43}},"13":{"start":{"line":70,"column":8},"end":{"line":70,"column":72}},"14":{"start":{"line":70,"column":51},"end":{"line":70,"column":72}},"15":{"start":{"line":71,"column":8},"end":{"line":71,"column":30}},"16":{"start":{"line":238,"column":16},"end":{"line":238,"column":18}},"17":{"start":{"line":239,"column":8},"end":{"line":241,"column":9}},"18":{"start":{"line":239,"column":21},"end":{"line":239,"column":22}},"19":{"start":{"line":242,"column":8},"end":{"line":242,"column":19}}},"fnMap":{"0":{"name":"(anonymous_0)","decl":{"start":{"line":15,"column":4},"end":{"line":15,"column":5}},"loc":{"start":{"line":15,"column":23},"end":{"line":17,"column":5}},"line":15},"1":{"name":"(anonymous_1)","decl":{"start":{"line":237,"column":4},"end":{"line":237,"column":5}},"loc":{"start":{"line":237,"column":12},"end":{"line":243,"column":5}},"line":237}},"branchMap":{"0":{"loc":{"start":{"line":47,"column":8},"end":{"line":47,"column":56}},"type":"if","locations":[{"start":{"line":47,"column":8},"end":{"line":47,"column":56}},{"start":{},"end":{}}],"line":47},"1":{"loc":{"start":{"line":59,"column":8},"end":{"line":59,"column":54}},"type":"if","locations":[{"start":{"line":59,"column":8},"end":{"line":59,"column":54}},{"start":{},"end":{}}],"line":59},"2":{"loc":{"start":{"line":70,"column":8},"end":{"line":70,"column":72}},"type":"if","locations":[{"start":{"line":70,"column":8},"end":{"line":70,"column":72}},{"start":{},"end":{}}],"line":70}},"s":{"0":0,"1":0,"2":0,"3":0,"4":0,"5":0,"6":0,"7":0,"8":0,"9":0,"10":0,"11":0,"12":0,"13":0,"14":0,"15":0,"16":0,"17":0,"18":0,"19":0},"f":{"0":0,"1":0},"b":{"0":[0,0],"1":[0,0],"2":[0,0]},"_coverageSchema":"1a1c01bbd47fc00a2c39e90264f33305004495a9","hash":"f2216eb76dc0ac58c5a3ee130dee40174deff813"}
,"D:\\SzE\\parser-TDK\\Parser\\javascript-parser-for-set-theory\\src\\pointsetdiagramlib.js": {"path":"D:\\SzE\\parser-TDK\\Parser\\javascript-parser-for-set-theory\\src\\pointsetdiagramlib.js","statementMap":{"0":{"start":{"line":15,"column":8},"end":{"line":15,"column":85}},"1":{"start":{"line":15,"column":41},"end":{"line":15,"column":85}},"2":{"start":{"line":16,"column":8},"end":{"line":24,"column":9}},"3":{"start":{"line":18,"column":12},"end":{"line":18,"column":40}},"4":{"start":{"line":19,"column":12},"end":{"line":19,"column":40}},"5":{"start":{"line":22,"column":12},"end":{"line":22,"column":21}},"6":{"start":{"line":23,"column":12},"end":{"line":23,"column":21}},"7":{"start":{"line":36,"column":4},"end":{"line":36,"column":63}},"8":{"start":{"line":45,"column":4},"end":{"line":45,"column":68}},"9":{"start":{"line":45,"column":52},"end":{"line":45,"column":67}},"10":{"start":{"line":48,"column":4},"end":{"line":50,"column":5}},"11":{"start":{"line":49,"column":8},"end":{"line":49,"column":72}},"12":{"start":{"line":49,"column":29},"end":{"line":49,"column":72}},"13":{"start":{"line":160,"column":8},"end":{"line":160,"column":24}},"14":{"start":{"line":161,"column":8},"end":{"line":161,"column":25}},"15":{"start":{"line":162,"column":8},"end":{"line":162,"column":73}},"16":{"start":{"line":163,"column":8},"end":{"line":163,"column":73}},"17":{"start":{"line":164,"column":8},"end":{"line":164,"column":59}},"18":{"start":{"line":165,"column":8},"end":{"line":165,"column":59}},"19":{"start":{"line":166,"column":8},"end":{"line":166,"column":66}},"20":{"start":{"line":167,"column":8},"end":{"line":167,"column":67}},"21":{"start":{"line":168,"column":8},"end":{"line":168,"column":103}},"22":{"start":{"line":169,"column":8},"end":{"line":169,"column":103}},"23":{"start":{"line":179,"column":8},"end":{"line":179,"column":24}},"24":{"start":{"line":184,"column":8},"end":{"line":184,"column":21}},"25":{"start":{"line":189,"column":8},"end":{"line":189,"column":24}},"26":{"start":{"line":194,"column":8},"end":{"line":194,"column":21}},"27":{"start":{"line":199,"column":8},"end":{"line":199,"column":23}},"28":{"start":{"line":204,"column":8},"end":{"line":204,"column":23}},"29":{"start":{"line":205,"column":8},"end":{"line":205,"column":29}},"30":{"start":{"line":214,"column":8},"end":{"line":214,"column":27}},"31":{"start":{"line":222,"column":8},"end":{"line":222,"column":25}},"32":{"start":{"line":230,"column":8},"end":{"line":230,"column":28}},"33":{"start":{"line":238,"column":8},"end":{"line":238,"column":27}},"34":{"start":{"line":246,"column":8},"end":{"line":246,"column":25}},"35":{"start":{"line":254,"column":8},"end":{"line":254,"column":28}},"36":{"start":{"line":262,"column":8},"end":{"line":262,"column":27}},"37":{"start":{"line":270,"column":8},"end":{"line":270,"column":28}},"38":{"start":{"line":278,"column":8},"end":{"line":278,"column":32}},"39":{"start":{"line":286,"column":8},"end":{"line":286,"column":32}},"40":{"start":{"line":294,"column":8},"end":{"line":294,"column":37}},"41":{"start":{"line":302,"column":8},"end":{"line":302,"column":37}},"42":{"start":{"line":310,"column":8},"end":{"line":310,"column":34}},"43":{"start":{"line":318,"column":8},"end":{"line":318,"column":34}},"44":{"start":{"line":326,"column":8},"end":{"line":326,"column":36}},"45":{"start":{"line":334,"column":8},"end":{"line":334,"column":36}},"46":{"start":{"line":349,"column":4},"end":{"line":349,"column":68}},"47":{"start":{"line":349,"column":30},"end":{"line":349,"column":68}},"48":{"start":{"line":350,"column":25},"end":{"line":367,"column":5}},"49":{"start":{"line":369,"column":17},"end":{"line":369,"column":129}},"50":{"start":{"line":370,"column":14},"end":{"line":370,"column":37}},"51":{"start":{"line":371,"column":4},"end":{"line":371,"column":59}},"52":{"start":{"line":372,"column":4},"end":{"line":372,"column":56}},"53":{"start":{"line":373,"column":4},"end":{"line":373,"column":43}},"54":{"start":{"line":375,"column":4},"end":{"line":375,"column":37}},"55":{"start":{"line":376,"column":4},"end":{"line":376,"column":30}},"56":{"start":{"line":386,"column":4},"end":{"line":386,"column":23}},"57":{"start":{"line":387,"column":4},"end":{"line":387,"column":48}},"58":{"start":{"line":388,"column":4},"end":{"line":388,"column":52}},"59":{"start":{"line":389,"column":4},"end":{"line":389,"column":17}},"60":{"start":{"line":392,"column":4},"end":{"line":414,"column":5}},"61":{"start":{"line":392,"column":14},"end":{"line":392,"column":15}},"62":{"start":{"line":393,"column":8},"end":{"line":393,"column":80}},"63":{"start":{"line":393,"column":71},"end":{"line":393,"column":80}},"64":{"start":{"line":395,"column":8},"end":{"line":407,"column":9}},"65":{"start":{"line":396,"column":12},"end":{"line":399,"column":13}},"66":{"start":{"line":401,"column":13},"end":{"line":407,"column":9}},"67":{"start":{"line":403,"column":12},"end":{"line":406,"column":17}},"68":{"start":{"line":410,"column":8},"end":{"line":410,"column":27}},"69":{"start":{"line":411,"column":8},"end":{"line":411,"column":109}},"70":{"start":{"line":412,"column":8},"end":{"line":412,"column":109}},"71":{"start":{"line":413,"column":8},"end":{"line":413,"column":21}},"72":{"start":{"line":424,"column":4},"end":{"line":424,"column":23}},"73":{"start":{"line":425,"column":4},"end":{"line":425,"column":48}},"74":{"start":{"line":426,"column":4},"end":{"line":426,"column":53}},"75":{"start":{"line":427,"column":4},"end":{"line":427,"column":17}},"76":{"start":{"line":430,"column":4},"end":{"line":449,"column":5}},"77":{"start":{"line":430,"column":14},"end":{"line":430,"column":15}},"78":{"start":{"line":431,"column":8},"end":{"line":431,"column":80}},"79":{"start":{"line":431,"column":71},"end":{"line":431,"column":80}},"80":{"start":{"line":433,"column":8},"end":{"line":444,"column":9}},"81":{"start":{"line":434,"column":12},"end":{"line":437,"column":14}},"82":{"start":{"line":439,"column":13},"end":{"line":444,"column":9}},"83":{"start":{"line":440,"column":12},"end":{"line":443,"column":14}},"84":{"start":{"line":445,"column":8},"end":{"line":445,"column":27}},"85":{"start":{"line":446,"column":8},"end":{"line":446,"column":109}},"86":{"start":{"line":447,"column":8},"end":{"line":447,"column":109}},"87":{"start":{"line":448,"column":8},"end":{"line":448,"column":21}},"88":{"start":{"line":459,"column":4},"end":{"line":466,"column":7}},"89":{"start":{"line":461,"column":18},"end":{"line":461,"column":72}},"90":{"start":{"line":462,"column":8},"end":{"line":462,"column":24}},"91":{"start":{"line":463,"column":8},"end":{"line":463,"column":34}},"92":{"start":{"line":464,"column":8},"end":{"line":464,"column":21}},"93":{"start":{"line":479,"column":14},"end":{"line":479,"column":79}},"94":{"start":{"line":480,"column":23},"end":{"line":480,"column":70}},"95":{"start":{"line":481,"column":23},"end":{"line":481,"column":70}},"96":{"start":{"line":482,"column":4},"end":{"line":482,"column":76}}},"fnMap":{"0":{"name":"(anonymous_0)","decl":{"start":{"line":14,"column":4},"end":{"line":14,"column":5}},"loc":{"start":{"line":14,"column":20},"end":{"line":26,"column":5}},"line":14},"1":{"name":"is_point","decl":{"start":{"line":35,"column":9},"end":{"line":35,"column":17}},"loc":{"start":{"line":35,"column":24},"end":{"line":37,"column":1}},"line":35},"2":{"name":"is_point_set","decl":{"start":{"line":44,"column":9},"end":{"line":44,"column":21}},"loc":{"start":{"line":44,"column":29},"end":{"line":46,"column":1}},"line":44},"3":{"name":"(anonymous_3)","decl":{"start":{"line":45,"column":45},"end":{"line":45,"column":46}},"loc":{"start":{"line":45,"column":52},"end":{"line":45,"column":67}},"line":45},"4":{"name":"create_set_from_points","decl":{"start":{"line":47,"column":16},"end":{"line":47,"column":38}},"loc":{"start":{"line":47,"column":40},"end":{"line":53,"column":1}},"line":47},"5":{"name":"(anonymous_5)","decl":{"start":{"line":174,"column":4},"end":{"line":174,"column":5}},"loc":{"start":{"line":174,"column":17},"end":{"line":207,"column":5}},"line":174},"6":{"name":"(anonymous_6)","decl":{"start":{"line":213,"column":4},"end":{"line":213,"column":5}},"loc":{"start":{"line":213,"column":16},"end":{"line":215,"column":5}},"line":213},"7":{"name":"(anonymous_7)","decl":{"start":{"line":221,"column":4},"end":{"line":221,"column":5}},"loc":{"start":{"line":221,"column":14},"end":{"line":223,"column":5}},"line":221},"8":{"name":"(anonymous_8)","decl":{"start":{"line":229,"column":4},"end":{"line":229,"column":5}},"loc":{"start":{"line":229,"column":17},"end":{"line":231,"column":5}},"line":229},"9":{"name":"(anonymous_9)","decl":{"start":{"line":237,"column":4},"end":{"line":237,"column":5}},"loc":{"start":{"line":237,"column":16},"end":{"line":239,"column":5}},"line":237},"10":{"name":"(anonymous_10)","decl":{"start":{"line":245,"column":4},"end":{"line":245,"column":5}},"loc":{"start":{"line":245,"column":14},"end":{"line":247,"column":5}},"line":245},"11":{"name":"(anonymous_11)","decl":{"start":{"line":253,"column":4},"end":{"line":253,"column":5}},"loc":{"start":{"line":253,"column":17},"end":{"line":255,"column":5}},"line":253},"12":{"name":"(anonymous_12)","decl":{"start":{"line":261,"column":4},"end":{"line":261,"column":5}},"loc":{"start":{"line":261,"column":15},"end":{"line":263,"column":5}},"line":261},"13":{"name":"(anonymous_13)","decl":{"start":{"line":269,"column":4},"end":{"line":269,"column":5}},"loc":{"start":{"line":269,"column":16},"end":{"line":271,"column":5}},"line":269},"14":{"name":"(anonymous_14)","decl":{"start":{"line":277,"column":4},"end":{"line":277,"column":5}},"loc":{"start":{"line":277,"column":20},"end":{"line":279,"column":5}},"line":277},"15":{"name":"(anonymous_15)","decl":{"start":{"line":285,"column":4},"end":{"line":285,"column":5}},"loc":{"start":{"line":285,"column":20},"end":{"line":287,"column":5}},"line":285},"16":{"name":"(anonymous_16)","decl":{"start":{"line":293,"column":4},"end":{"line":293,"column":5}},"loc":{"start":{"line":293,"column":25},"end":{"line":295,"column":5}},"line":293},"17":{"name":"(anonymous_17)","decl":{"start":{"line":301,"column":4},"end":{"line":301,"column":5}},"loc":{"start":{"line":301,"column":25},"end":{"line":303,"column":5}},"line":301},"18":{"name":"(anonymous_18)","decl":{"start":{"line":309,"column":4},"end":{"line":309,"column":5}},"loc":{"start":{"line":309,"column":22},"end":{"line":311,"column":5}},"line":309},"19":{"name":"(anonymous_19)","decl":{"start":{"line":317,"column":4},"end":{"line":317,"column":5}},"loc":{"start":{"line":317,"column":22},"end":{"line":319,"column":5}},"line":317},"20":{"name":"(anonymous_20)","decl":{"start":{"line":325,"column":4},"end":{"line":325,"column":5}},"loc":{"start":{"line":325,"column":24},"end":{"line":327,"column":5}},"line":325},"21":{"name":"(anonymous_21)","decl":{"start":{"line":333,"column":4},"end":{"line":333,"column":5}},"loc":{"start":{"line":333,"column":24},"end":{"line":335,"column":5}},"line":333},"22":{"name":"point_set_diagram","decl":{"start":{"line":348,"column":16},"end":{"line":348,"column":33}},"loc":{"start":{"line":348,"column":78},"end":{"line":377,"column":1}},"line":348},"23":{"name":"draw_horizontal_axes","decl":{"start":{"line":385,"column":9},"end":{"line":385,"column":29}},"loc":{"start":{"line":385,"column":55},"end":{"line":415,"column":1}},"line":385},"24":{"name":"draw_vertical_axes","decl":{"start":{"line":423,"column":9},"end":{"line":423,"column":27}},"loc":{"start":{"line":423,"column":54},"end":{"line":450,"column":1}},"line":423},"25":{"name":"draw_points","decl":{"start":{"line":458,"column":9},"end":{"line":458,"column":20}},"loc":{"start":{"line":458,"column":47},"end":{"line":468,"column":1}},"line":458},"26":{"name":"(anonymous_26)","decl":{"start":{"line":459,"column":19},"end":{"line":459,"column":20}},"loc":{"start":{"line":459,"column":28},"end":{"line":466,"column":5}},"line":459},"27":{"name":"get_canvas_coordinates","decl":{"start":{"line":477,"column":9},"end":{"line":477,"column":31}},"loc":{"start":{"line":477,"column":61},"end":{"line":483,"column":1}},"line":477}},"branchMap":{"0":{"loc":{"start":{"line":15,"column":8},"end":{"line":15,"column":85}},"type":"if","locations":[{"start":{"line":15,"column":8},"end":{"line":15,"column":85}},{"start":{},"end":{}}],"line":15},"1":{"loc":{"start":{"line":15,"column":11},"end":{"line":15,"column":39}},"type":"binary-expr","locations":[{"start":{"line":15,"column":11},"end":{"line":15,"column":24}},{"start":{"line":15,"column":26},"end":{"line":15,"column":39}}],"line":15},"2":{"loc":{"start":{"line":16,"column":8},"end":{"line":24,"column":9}},"type":"if","locations":[{"start":{"line":16,"column":8},"end":{"line":24,"column":9}},{"start":{"line":21,"column":12},"end":{"line":24,"column":9}}],"line":16},"3":{"loc":{"start":{"line":16,"column":11},"end":{"line":16,"column":51}},"type":"binary-expr","locations":[{"start":{"line":16,"column":11},"end":{"line":16,"column":30}},{"start":{"line":16,"column":32},"end":{"line":16,"column":51}}],"line":16},"4":{"loc":{"start":{"line":36,"column":11},"end":{"line":36,"column":62}},"type":"binary-expr","locations":[{"start":{"line":36,"column":11},"end":{"line":36,"column":36}},{"start":{"line":36,"column":40},"end":{"line":36,"column":62}}],"line":36},"5":{"loc":{"start":{"line":45,"column":11},"end":{"line":45,"column":68}},"type":"binary-expr","locations":[{"start":{"line":45,"column":11},"end":{"line":45,"column":25}},{"start":{"line":45,"column":27},"end":{"line":45,"column":68}}],"line":45},"6":{"loc":{"start":{"line":49,"column":8},"end":{"line":49,"column":72}},"type":"if","locations":[{"start":{"line":49,"column":8},"end":{"line":49,"column":72}},{"start":{},"end":{}}],"line":49},"7":{"loc":{"start":{"line":348,"column":41},"end":{"line":348,"column":77}},"type":"default-arg","locations":[{"start":{"line":348,"column":49},"end":{"line":348,"column":77}}],"line":348},"8":{"loc":{"start":{"line":349,"column":4},"end":{"line":349,"column":68}},"type":"if","locations":[{"start":{"line":349,"column":4},"end":{"line":349,"column":68}},{"start":{},"end":{}}],"line":349},"9":{"loc":{"start":{"line":393,"column":8},"end":{"line":393,"column":80}},"type":"if","locations":[{"start":{"line":393,"column":8},"end":{"line":393,"column":80}},{"start":{},"end":{}}],"line":393},"10":{"loc":{"start":{"line":395,"column":8},"end":{"line":407,"column":9}},"type":"if","locations":[{"start":{"line":395,"column":8},"end":{"line":407,"column":9}},{"start":{"line":401,"column":13},"end":{"line":407,"column":9}}],"line":395},"11":{"loc":{"start":{"line":395,"column":11},"end":{"line":395,"column":136}},"type":"binary-expr","locations":[{"start":{"line":395,"column":11},"end":{"line":395,"column":58}},{"start":{"line":395,"column":60},"end":{"line":395,"column":136}}],"line":395},"12":{"loc":{"start":{"line":401,"column":13},"end":{"line":407,"column":9}},"type":"if","locations":[{"start":{"line":401,"column":13},"end":{"line":407,"column":9}},{"start":{},"end":{}}],"line":401},"13":{"loc":{"start":{"line":401,"column":16},"end":{"line":401,"column":139}},"type":"binary-expr","locations":[{"start":{"line":401,"column":16},"end":{"line":401,"column":61}},{"start":{"line":401,"column":63},"end":{"line":401,"column":139}}],"line":401},"14":{"loc":{"start":{"line":431,"column":8},"end":{"line":431,"column":80}},"type":"if","locations":[{"start":{"line":431,"column":8},"end":{"line":431,"column":80}},{"start":{},"end":{}}],"line":431},"15":{"loc":{"start":{"line":433,"column":8},"end":{"line":444,"column":9}},"type":"if","locations":[{"start":{"line":433,"column":8},"end":{"line":444,"column":9}},{"start":{"line":439,"column":13},"end":{"line":444,"column":9}}],"line":433},"16":{"loc":{"start":{"line":433,"column":11},"end":{"line":433,"column":136}},"type":"binary-expr","locations":[{"start":{"line":433,"column":11},"end":{"line":433,"column":58}},{"start":{"line":433,"column":60},"end":{"line":433,"column":136}}],"line":433},"17":{"loc":{"start":{"line":439,"column":13},"end":{"line":444,"column":9}},"type":"if","locations":[{"start":{"line":439,"column":13},"end":{"line":444,"column":9}},{"start":{},"end":{}}],"line":439},"18":{"loc":{"start":{"line":439,"column":16},"end":{"line":439,"column":139}},"type":"binary-expr","locations":[{"start":{"line":439,"column":16},"end":{"line":439,"column":61}},{"start":{"line":439,"column":63},"end":{"line":439,"column":139}}],"line":439}},"s":{"0":20,"1":0,"2":20,"3":8,"4":8,"5":12,"6":12,"7":0,"8":0,"9":0,"10":0,"11":0,"12":0,"13":0,"14":0,"15":0,"16":0,"17":0,"18":0,"19":0,"20":0,"21":0,"22":0,"23":0,"24":0,"25":0,"26":0,"27":0,"28":0,"29":0,"30":0,"31":0,"32":0,"33":0,"34":0,"35":0,"36":0,"37":0,"38":0,"39":0,"40":0,"41":0,"42":0,"43":0,"44":0,"45":0,"46":0,"47":0,"48":0,"49":0,"50":0,"51":0,"52":0,"53":0,"54":0,"55":0,"56":0,"57":0,"58":0,"59":0,"60":0,"61":0,"62":0,"63":0,"64":0,"65":0,"66":0,"67":0,"68":0,"69":0,"70":0,"71":0,"72":0,"73":0,"74":0,"75":0,"76":0,"77":0,"78":0,"79":0,"80":0,"81":0,"82":0,"83":0,"84":0,"85":0,"86":0,"87":0,"88":0,"89":0,"90":0,"91":0,"92":0,"93":0,"94":0,"95":0,"96":0},"f":{"0":20,"1":0,"2":0,"3":0,"4":0,"5":0,"6":0,"7":0,"8":0,"9":0,"10":0,"11":0,"12":0,"13":0,"14":0,"15":0,"16":0,"17":0,"18":0,"19":0,"20":0,"21":0,"22":0,"23":0,"24":0,"25":0,"26":0,"27":0},"b":{"0":[0,20],"1":[20,20],"2":[8,12],"3":[20,12],"4":[0,0],"5":[0,0],"6":[0,0],"7":[0],"8":[0,0],"9":[0,0],"10":[0,0],"11":[0,0],"12":[0,0],"13":[0,0],"14":[0,0],"15":[0,0],"16":[0,0],"17":[0,0],"18":[0,0]},"_coverageSchema":"1a1c01bbd47fc00a2c39e90264f33305004495a9","hash":"1f2ed6998b5d9b5d8ec075fdd020512547808d98"}
,"D:\\SzE\\parser-TDK\\Parser\\javascript-parser-for-set-theory\\src\\token.js": {"path":"D:\\SzE\\parser-TDK\\Parser\\javascript-parser-for-set-theory\\src\\token.js","statementMap":{"0":{"start":{"line":6,"column":19},"end":{"line":41,"column":1}}},"fnMap":{},"branchMap":{},"s":{"0":1},"f":{},"b":{},"_coverageSchema":"1a1c01bbd47fc00a2c39e90264f33305004495a9","hash":"6b2c8db750f0558b09f83bdeab4bfe61081c1db7"}
}
