TN:
SF:src\lexer.js
FN:17,(anonymous_0)
FN:20,(anonymous_1)
FN:29,(anonymous_2)
FN:171,(anonymous_3)
FNF:4
FNH:4
FNDA:46,(anonymous_0)
FNDA:2,(anonymous_1)
FNDA:44,(anonymous_2)
FNDA:10454,(anonymous_3)
DA:18,46
DA:19,46
DA:20,2
DA:21,2
DA:30,44
DA:31,44
DA:32,44
DA:33,44
DA:34,44
DA:35,44
DA:37,44
DA:38,451
DA:39,451
DA:40,34
DA:41,34
DA:42,39
DA:44,34
DA:45,34
DA:47,417
DA:48,134
DA:49,134
DA:50,172
DA:52,134
DA:53,134
DA:55,283
DA:56,10
DA:57,10
DA:59,273
DA:60,3
DA:61,3
DA:63,270
DA:64,2
DA:65,2
DA:67,268
DA:68,14
DA:71,254
DA:73,8
DA:74,8
DA:76,14
DA:77,14
DA:79,1
DA:80,1
DA:82,1
DA:83,1
DA:85,2
DA:86,2
DA:88,10
DA:89,10
DA:91,2
DA:92,2
DA:94,2
DA:95,2
DA:97,7
DA:98,7
DA:100,2
DA:101,2
DA:103,3
DA:104,3
DA:106,14
DA:107,14
DA:109,21
DA:110,21
DA:112,3
DA:113,3
DA:115,13
DA:116,13
DA:118,6
DA:119,6
DA:121,1
DA:122,1
DA:124,8
DA:125,8
DA:127,1
DA:128,1
DA:130,38
DA:131,38
DA:133,9
DA:134,9
DA:136,9
DA:137,9
DA:139,10
DA:140,10
DA:142,10
DA:143,10
DA:145,6
DA:146,6
DA:148,6
DA:149,6
DA:151,1
DA:152,1
DA:154,2
DA:155,2
DA:157,43
DA:158,43
DA:162,1
DA:163,1
DA:167,43
DA:171,10454
LF:98
LH:98
BRDA:17,0,0,0
BRDA:17,1,0,44
BRDA:19,2,0,2
BRDA:19,2,1,44
BRDA:39,3,0,34
BRDA:39,3,1,417
BRDA:47,4,0,134
BRDA:47,4,1,283
BRDA:55,5,0,10
BRDA:55,5,1,273
BRDA:59,6,0,3
BRDA:59,6,1,270
BRDA:63,7,0,2
BRDA:63,7,1,268
BRDA:67,8,0,14
BRDA:67,8,1,254
BRDA:67,9,0,268
BRDA:67,9,1,254
BRDA:71,10,0,8
BRDA:71,10,1,14
BRDA:71,10,2,1
BRDA:71,10,3,1
BRDA:71,10,4,2
BRDA:71,10,5,10
BRDA:71,10,6,2
BRDA:71,10,7,2
BRDA:71,10,8,7
BRDA:71,10,9,2
BRDA:71,10,10,3
BRDA:71,10,11,14
BRDA:71,10,12,21
BRDA:71,10,13,3
BRDA:71,10,14,13
BRDA:71,10,15,6
BRDA:71,10,16,1
BRDA:71,10,17,8
BRDA:71,10,18,1
BRDA:71,10,19,38
BRDA:71,10,20,9
BRDA:71,10,21,9
BRDA:71,10,22,10
BRDA:71,10,23,10
BRDA:71,10,24,6
BRDA:71,10,25,6
BRDA:71,10,26,1
BRDA:71,10,27,2
BRDA:71,10,28,43
BRDA:71,10,29,1
BRF:48
BRH:47
end_of_record
TN:
SF:src\lib.js
FN:9,is_number
FN:18,is_string
FN:27,is_function
FN:36,is_whole_number
FN:46,is_set
FN:55,illegal_arguments
FN:64,create_set_from_literal
FN:67,(anonymous_7)
FN:80,create_set_from_formula
FN:95,is_empty
FN:109,is_element_of
FN:122,is_not_element_of
FN:135,are_equal
FN:148,is_subset_of
FN:165,is_real_subset_of
FN:177,complement
FN:189,union
FN:210,intersection
FN:214,(anonymous_18)
FN:215,(anonymous_19)
FN:226,difference
FN:244,cardinality
FN:256,add_element
FN:269,del_element
FN:273,Venn
FN:277,IEP
FNF:26
FNH:23
FNDA:86,is_number
FNDA:2,is_string
FNDA:2,is_function
FNDA:46,is_whole_number
FNDA:111,is_set
FNDA:0,illegal_arguments
FNDA:2,create_set_from_literal
FNDA:6,(anonymous_7)
FNDA:2,create_set_from_formula
FNDA:11,is_empty
FNDA:4,is_element_of
FNDA:2,is_not_element_of
FNDA:5,are_equal
FNDA:6,is_subset_of
FNDA:4,is_real_subset_of
FNDA:3,complement
FNDA:5,union
FNDA:3,intersection
FNDA:5,(anonymous_18)
FNDA:9,(anonymous_19)
FNDA:15,difference
FNDA:2,cardinality
FNDA:2,add_element
FNDA:2,del_element
FNDA:0,Venn
FNDA:0,IEP
DA:10,86
DA:19,2
DA:28,2
DA:37,46
DA:38,46
DA:47,111
DA:56,0
DA:65,2
DA:66,2
DA:67,2
DA:68,6
DA:70,2
DA:81,2
DA:82,2
DA:83,2
DA:84,6
DA:86,2
DA:96,11
DA:97,11
DA:110,4
DA:111,4
DA:123,2
DA:124,2
DA:136,5
DA:137,5
DA:149,6
DA:150,6
DA:151,14
DA:152,2
DA:155,4
DA:166,4
DA:167,4
DA:178,3
DA:179,3
DA:191,5
DA:192,14
DA:194,5
DA:195,5
DA:196,14
DA:197,28
DA:200,5
DA:211,3
DA:212,8
DA:214,3
DA:215,9
DA:227,15
DA:228,15
DA:229,15
DA:230,58
DA:231,16
DA:234,15
DA:245,2
DA:246,2
DA:257,2
DA:258,2
DA:259,2
DA:270,2
DA:271,2
LF:58
LH:57
BRDA:38,0,0,46
BRDA:38,0,1,46
BRDA:47,1,0,111
BRDA:47,1,1,111
BRDA:65,2,0,0
BRDA:65,2,1,2
BRDA:81,3,0,0
BRDA:81,3,1,2
BRDA:81,4,0,2
BRDA:81,4,1,2
BRDA:81,4,2,2
BRDA:96,5,0,0
BRDA:96,5,1,11
BRDA:110,6,0,0
BRDA:110,6,1,4
BRDA:110,7,0,4
BRDA:110,7,1,4
BRDA:123,8,0,0
BRDA:123,8,1,2
BRDA:123,9,0,2
BRDA:123,9,1,2
BRDA:136,10,0,0
BRDA:136,10,1,5
BRDA:136,11,0,5
BRDA:136,11,1,5
BRDA:137,12,0,5
BRDA:137,12,1,4
BRDA:149,13,0,0
BRDA:149,13,1,6
BRDA:149,14,0,6
BRDA:149,14,1,6
BRDA:151,15,0,2
BRDA:151,15,1,12
BRDA:166,16,0,0
BRDA:166,16,1,4
BRDA:166,17,0,4
BRDA:166,17,1,4
BRDA:167,18,0,4
BRDA:167,18,1,3
BRDA:178,19,0,0
BRDA:178,19,1,3
BRDA:178,20,0,3
BRDA:178,20,1,3
BRDA:192,21,0,0
BRDA:192,21,1,14
BRDA:212,22,0,0
BRDA:212,22,1,8
BRDA:227,23,0,0
BRDA:227,23,1,15
BRDA:227,24,0,15
BRDA:227,24,1,15
BRDA:230,25,0,16
BRDA:230,25,1,42
BRDA:245,26,0,0
BRDA:245,26,1,2
BRDA:257,27,0,0
BRDA:257,27,1,2
BRDA:257,28,0,2
BRDA:257,28,1,2
BRDA:259,29,0,2
BRDA:259,29,1,1
BRDA:270,30,0,0
BRDA:270,30,1,2
BRDA:270,31,0,2
BRDA:270,31,1,2
BRDA:271,32,0,2
BRDA:271,32,1,1
BRF:67
BRH:52
end_of_record
TN:
SF:src\parser.js
FN:15,(anonymous_0)
FN:237,(anonymous_1)
FNF:2
FNH:0
FNDA:0,(anonymous_0)
FNDA:0,(anonymous_1)
DA:16,0
DA:26,0
DA:35,0
DA:36,0
DA:46,0
DA:47,0
DA:48,0
DA:58,0
DA:59,0
DA:60,0
DA:69,0
DA:70,0
DA:71,0
DA:238,0
DA:239,0
DA:242,0
LF:16
LH:0
BRDA:47,0,0,0
BRDA:47,0,1,0
BRDA:59,1,0,0
BRDA:59,1,1,0
BRDA:70,2,0,0
BRDA:70,2,1,0
BRF:6
BRH:0
end_of_record
TN:
SF:src\pointsetdiagramlib.js
FN:14,(anonymous_0)
FN:35,is_point
FN:44,is_point_set
FN:45,(anonymous_3)
FN:47,create_set_from_points
FN:174,(anonymous_5)
FN:213,(anonymous_6)
FN:221,(anonymous_7)
FN:229,(anonymous_8)
FN:237,(anonymous_9)
FN:245,(anonymous_10)
FN:253,(anonymous_11)
FN:261,(anonymous_12)
FN:269,(anonymous_13)
FN:277,(anonymous_14)
FN:285,(anonymous_15)
FN:293,(anonymous_16)
FN:301,(anonymous_17)
FN:309,(anonymous_18)
FN:317,(anonymous_19)
FN:325,(anonymous_20)
FN:333,(anonymous_21)
FN:348,point_set_diagram
FN:385,draw_horizontal_axes
FN:423,draw_vertical_axes
FN:458,draw_points
FN:459,(anonymous_26)
FN:477,get_canvas_coordinates
FNF:28
FNH:1
FNDA:20,(anonymous_0)
FNDA:0,is_point
FNDA:0,is_point_set
FNDA:0,(anonymous_3)
FNDA:0,create_set_from_points
FNDA:0,(anonymous_5)
FNDA:0,(anonymous_6)
FNDA:0,(anonymous_7)
FNDA:0,(anonymous_8)
FNDA:0,(anonymous_9)
FNDA:0,(anonymous_10)
FNDA:0,(anonymous_11)
FNDA:0,(anonymous_12)
FNDA:0,(anonymous_13)
FNDA:0,(anonymous_14)
FNDA:0,(anonymous_15)
FNDA:0,(anonymous_16)
FNDA:0,(anonymous_17)
FNDA:0,(anonymous_18)
FNDA:0,(anonymous_19)
FNDA:0,(anonymous_20)
FNDA:0,(anonymous_21)
FNDA:0,point_set_diagram
FNDA:0,draw_horizontal_axes
FNDA:0,draw_vertical_axes
FNDA:0,draw_points
FNDA:0,(anonymous_26)
FNDA:0,get_canvas_coordinates
DA:15,20
DA:16,20
DA:18,8
DA:19,8
DA:22,12
DA:23,12
DA:36,0
DA:45,0
DA:48,0
DA:49,0
DA:160,0
DA:161,0
DA:162,0
DA:163,0
DA:164,0
DA:165,0
DA:166,0
DA:167,0
DA:168,0
DA:169,0
DA:179,0
DA:184,0
DA:189,0
DA:194,0
DA:199,0
DA:204,0
DA:205,0
DA:214,0
DA:222,0
DA:230,0
DA:238,0
DA:246,0
DA:254,0
DA:262,0
DA:270,0
DA:278,0
DA:286,0
DA:294,0
DA:302,0
DA:310,0
DA:318,0
DA:326,0
DA:334,0
DA:349,0
DA:350,0
DA:369,0
DA:370,0
DA:371,0
DA:372,0
DA:373,0
DA:375,0
DA:376,0
DA:386,0
DA:387,0
DA:388,0
DA:389,0
DA:392,0
DA:393,0
DA:395,0
DA:396,0
DA:401,0
DA:403,0
DA:410,0
DA:411,0
DA:412,0
DA:413,0
DA:424,0
DA:425,0
DA:426,0
DA:427,0
DA:430,0
DA:431,0
DA:433,0
DA:434,0
DA:439,0
DA:440,0
DA:445,0
DA:446,0
DA:447,0
DA:448,0
DA:459,0
DA:461,0
DA:462,0
DA:463,0
DA:464,0
DA:479,0
DA:480,0
DA:481,0
DA:482,0
LF:89
LH:6
BRDA:15,0,0,0
BRDA:15,0,1,20
BRDA:15,1,0,20
BRDA:15,1,1,20
BRDA:16,2,0,8
BRDA:16,2,1,12
BRDA:16,3,0,20
BRDA:16,3,1,12
BRDA:36,4,0,0
BRDA:36,4,1,0
BRDA:45,5,0,0
BRDA:45,5,1,0
BRDA:49,6,0,0
BRDA:49,6,1,0
BRDA:348,7,0,0
BRDA:349,8,0,0
BRDA:349,8,1,0
BRDA:393,9,0,0
BRDA:393,9,1,0
BRDA:395,10,0,0
BRDA:395,10,1,0
BRDA:395,11,0,0
BRDA:395,11,1,0
BRDA:401,12,0,0
BRDA:401,12,1,0
BRDA:401,13,0,0
BRDA:401,13,1,0
BRDA:431,14,0,0
BRDA:431,14,1,0
BRDA:433,15,0,0
BRDA:433,15,1,0
BRDA:433,16,0,0
BRDA:433,16,1,0
BRDA:439,17,0,0
BRDA:439,17,1,0
BRDA:439,18,0,0
BRDA:439,18,1,0
BRF:37
BRH:7
end_of_record
TN:
SF:src\token.js
FNF:0
FNH:0
DA:6,1
LF:1
LH:1
BRF:0
BRH:0
end_of_record
