<?xml version="1.0" encoding="UTF-8"?>
<coverage generated="1683426275579" clover="3.2.0">
  <project timestamp="1683426275579" name="All files">
    <metrics statements="221" coveredstatements="86" conditionals="127" coveredconditionals="62" methods="55" coveredmethods="24" elements="403" coveredelements="172" complexity="0" loc="221" ncloc="221" packages="1" files="5" classes="5"/>
    <file name="lexer.js" path="D:\SzE\parser-TDK\Parser\javascript-parser-for-set-theory\src\lexer.js">
      <metrics statements="62" coveredstatements="25" conditionals="26" coveredconditionals="8" methods="2" coveredmethods="2"/>
      <line num="18" count="1" type="stmt"/>
      <line num="25" count="1" type="stmt"/>
      <line num="26" count="1" type="stmt"/>
      <line num="27" count="1" type="stmt"/>
      <line num="28" count="1" type="stmt"/>
      <line num="29" count="1" type="stmt"/>
      <line num="30" count="1" type="stmt"/>
      <line num="32" count="1" type="stmt"/>
      <line num="33" count="3" type="stmt"/>
      <line num="34" count="3" type="cond" truecount="2" falsecount="0"/>
      <line num="35" count="1" type="stmt"/>
      <line num="36" count="1" type="stmt"/>
      <line num="37" count="2" type="stmt"/>
      <line num="39" count="1" type="stmt"/>
      <line num="40" count="1" type="stmt"/>
      <line num="42" count="2" type="cond" truecount="1" falsecount="1"/>
      <line num="43" count="0" type="stmt"/>
      <line num="44" count="0" type="stmt"/>
      <line num="45" count="0" type="stmt"/>
      <line num="47" count="0" type="stmt"/>
      <line num="48" count="0" type="stmt"/>
      <line num="50" count="2" type="cond" truecount="1" falsecount="1"/>
      <line num="51" count="0" type="stmt"/>
      <line num="52" count="0" type="stmt"/>
      <line num="54" count="2" type="cond" truecount="1" falsecount="1"/>
      <line num="55" count="0" type="stmt"/>
      <line num="56" count="0" type="stmt"/>
      <line num="58" count="2" type="cond" truecount="1" falsecount="1"/>
      <line num="59" count="0" type="stmt"/>
      <line num="60" count="0" type="stmt"/>
      <line num="63" count="2" type="cond" truecount="2" falsecount="13"/>
      <line num="65" count="0" type="stmt"/>
      <line num="66" count="0" type="stmt"/>
      <line num="68" count="0" type="stmt"/>
      <line num="69" count="0" type="stmt"/>
      <line num="71" count="0" type="stmt"/>
      <line num="72" count="0" type="stmt"/>
      <line num="74" count="0" type="stmt"/>
      <line num="75" count="0" type="stmt"/>
      <line num="77" count="0" type="stmt"/>
      <line num="78" count="0" type="stmt"/>
      <line num="80" count="0" type="stmt"/>
      <line num="81" count="0" type="stmt"/>
      <line num="83" count="0" type="stmt"/>
      <line num="84" count="0" type="stmt"/>
      <line num="86" count="0" type="stmt"/>
      <line num="87" count="0" type="stmt"/>
      <line num="89" count="0" type="stmt"/>
      <line num="90" count="0" type="stmt"/>
      <line num="92" count="0" type="stmt"/>
      <line num="93" count="0" type="stmt"/>
      <line num="95" count="1" type="stmt"/>
      <line num="96" count="1" type="stmt"/>
      <line num="98" count="1" type="stmt"/>
      <line num="99" count="1" type="stmt"/>
      <line num="101" count="0" type="stmt"/>
      <line num="102" count="0" type="stmt"/>
      <line num="104" count="0" type="stmt"/>
      <line num="105" count="0" type="stmt"/>
      <line num="109" count="0" type="stmt"/>
      <line num="110" count="0" type="stmt"/>
      <line num="114" count="1" type="stmt"/>
    </file>
    <file name="lib.js" path="D:\SzE\parser-TDK\Parser\javascript-parser-for-set-theory\src\lib.js">
      <metrics statements="55" coveredstatements="54" conditionals="60" coveredconditionals="47" methods="24" coveredmethods="21"/>
      <line num="10" count="82" type="stmt"/>
      <line num="19" count="42" type="stmt"/>
      <line num="20" count="42" type="cond" truecount="2" falsecount="0"/>
      <line num="29" count="109" type="cond" truecount="2" falsecount="0"/>
      <line num="38" count="0" type="stmt"/>
      <line num="41" count="2" type="stmt"/>
      <line num="42" count="2" type="stmt"/>
      <line num="43" count="6" type="stmt"/>
      <line num="45" count="2" type="stmt"/>
      <line num="48" count="2" type="stmt"/>
      <line num="49" count="2" type="stmt"/>
      <line num="50" count="6" type="stmt"/>
      <line num="52" count="2" type="stmt"/>
      <line num="62" count="11" type="cond" truecount="1" falsecount="1"/>
      <line num="63" count="11" type="stmt"/>
      <line num="76" count="4" type="cond" truecount="3" falsecount="1"/>
      <line num="77" count="4" type="stmt"/>
      <line num="89" count="2" type="cond" truecount="3" falsecount="1"/>
      <line num="90" count="2" type="stmt"/>
      <line num="102" count="5" type="cond" truecount="3" falsecount="1"/>
      <line num="103" count="5" type="cond" truecount="2" falsecount="0"/>
      <line num="115" count="6" type="cond" truecount="3" falsecount="1"/>
      <line num="116" count="6" type="stmt"/>
      <line num="117" count="14" type="cond" truecount="2" falsecount="0"/>
      <line num="118" count="2" type="stmt"/>
      <line num="121" count="4" type="stmt"/>
      <line num="132" count="4" type="cond" truecount="3" falsecount="1"/>
      <line num="133" count="4" type="cond" truecount="2" falsecount="0"/>
      <line num="144" count="3" type="cond" truecount="3" falsecount="1"/>
      <line num="145" count="3" type="stmt"/>
      <line num="157" count="4" type="stmt"/>
      <line num="158" count="12" type="cond" truecount="1" falsecount="1"/>
      <line num="160" count="4" type="stmt"/>
      <line num="161" count="4" type="stmt"/>
      <line num="162" count="12" type="stmt"/>
      <line num="163" count="24" type="stmt"/>
      <line num="166" count="4" type="stmt"/>
      <line num="177" count="3" type="stmt"/>
      <line num="178" count="8" type="cond" truecount="1" falsecount="1"/>
      <line num="180" count="3" type="stmt"/>
      <line num="181" count="3" type="stmt"/>
      <line num="182" count="9" type="stmt"/>
      <line num="194" count="15" type="cond" truecount="3" falsecount="1"/>
      <line num="195" count="15" type="stmt"/>
      <line num="196" count="15" type="stmt"/>
      <line num="197" count="58" type="cond" truecount="2" falsecount="0"/>
      <line num="198" count="16" type="stmt"/>
      <line num="201" count="15" type="stmt"/>
      <line num="212" count="2" type="cond" truecount="1" falsecount="1"/>
      <line num="213" count="2" type="stmt"/>
      <line num="224" count="2" type="cond" truecount="3" falsecount="1"/>
      <line num="225" count="2" type="stmt"/>
      <line num="226" count="2" type="cond" truecount="2" falsecount="0"/>
      <line num="237" count="2" type="cond" truecount="3" falsecount="1"/>
      <line num="238" count="2" type="cond" truecount="2" falsecount="0"/>
    </file>
    <file name="parser.js" path="D:\SzE\parser-TDK\Parser\javascript-parser-for-set-theory\src\parser.js">
      <metrics statements="16" coveredstatements="0" conditionals="6" coveredconditionals="0" methods="2" coveredmethods="0"/>
      <line num="16" count="0" type="stmt"/>
      <line num="26" count="0" type="stmt"/>
      <line num="35" count="0" type="stmt"/>
      <line num="36" count="0" type="stmt"/>
      <line num="46" count="0" type="stmt"/>
      <line num="47" count="0" type="cond" truecount="0" falsecount="2"/>
      <line num="48" count="0" type="stmt"/>
      <line num="58" count="0" type="stmt"/>
      <line num="59" count="0" type="cond" truecount="0" falsecount="2"/>
      <line num="60" count="0" type="stmt"/>
      <line num="69" count="0" type="stmt"/>
      <line num="70" count="0" type="cond" truecount="0" falsecount="2"/>
      <line num="71" count="0" type="stmt"/>
      <line num="238" count="0" type="stmt"/>
      <line num="239" count="0" type="stmt"/>
      <line num="242" count="0" type="stmt"/>
    </file>
    <file name="pointsetdiagramlib.js" path="D:\SzE\parser-TDK\Parser\javascript-parser-for-set-theory\src\pointsetdiagramlib.js">
      <metrics statements="87" coveredstatements="6" conditionals="35" coveredconditionals="7" methods="27" coveredmethods="1"/>
      <line num="15" count="20" type="cond" truecount="3" falsecount="1"/>
      <line num="16" count="20" type="cond" truecount="4" falsecount="0"/>
      <line num="18" count="8" type="stmt"/>
      <line num="19" count="8" type="stmt"/>
      <line num="22" count="12" type="stmt"/>
      <line num="23" count="12" type="stmt"/>
      <line num="36" count="0" type="cond" truecount="0" falsecount="2"/>
      <line num="45" count="0" type="cond" truecount="0" falsecount="2"/>
      <line num="153" count="0" type="stmt"/>
      <line num="154" count="0" type="stmt"/>
      <line num="155" count="0" type="stmt"/>
      <line num="156" count="0" type="stmt"/>
      <line num="157" count="0" type="stmt"/>
      <line num="158" count="0" type="stmt"/>
      <line num="159" count="0" type="stmt"/>
      <line num="160" count="0" type="stmt"/>
      <line num="161" count="0" type="stmt"/>
      <line num="162" count="0" type="stmt"/>
      <line num="169" count="0" type="stmt"/>
      <line num="170" count="0" type="stmt"/>
      <line num="171" count="0" type="stmt"/>
      <line num="172" count="0" type="stmt"/>
      <line num="173" count="0" type="stmt"/>
      <line num="174" count="0" type="stmt"/>
      <line num="175" count="0" type="stmt"/>
      <line num="184" count="0" type="stmt"/>
      <line num="192" count="0" type="stmt"/>
      <line num="200" count="0" type="stmt"/>
      <line num="208" count="0" type="stmt"/>
      <line num="216" count="0" type="stmt"/>
      <line num="224" count="0" type="stmt"/>
      <line num="232" count="0" type="stmt"/>
      <line num="240" count="0" type="stmt"/>
      <line num="248" count="0" type="stmt"/>
      <line num="256" count="0" type="stmt"/>
      <line num="264" count="0" type="stmt"/>
      <line num="272" count="0" type="stmt"/>
      <line num="280" count="0" type="stmt"/>
      <line num="288" count="0" type="stmt"/>
      <line num="296" count="0" type="stmt"/>
      <line num="304" count="0" type="stmt"/>
      <line num="325" count="0" type="cond" truecount="0" falsecount="2"/>
      <line num="326" count="0" type="stmt"/>
      <line num="345" count="0" type="stmt"/>
      <line num="346" count="0" type="stmt"/>
      <line num="347" count="0" type="stmt"/>
      <line num="348" count="0" type="stmt"/>
      <line num="349" count="0" type="stmt"/>
      <line num="351" count="0" type="stmt"/>
      <line num="352" count="0" type="stmt"/>
      <line num="361" count="0" type="stmt"/>
      <line num="362" count="0" type="stmt"/>
      <line num="363" count="0" type="stmt"/>
      <line num="364" count="0" type="stmt"/>
      <line num="367" count="0" type="stmt"/>
      <line num="368" count="0" type="cond" truecount="0" falsecount="2"/>
      <line num="370" count="0" type="cond" truecount="0" falsecount="4"/>
      <line num="371" count="0" type="stmt"/>
      <line num="376" count="0" type="cond" truecount="0" falsecount="4"/>
      <line num="378" count="0" type="stmt"/>
      <line num="385" count="0" type="stmt"/>
      <line num="386" count="0" type="stmt"/>
      <line num="387" count="0" type="stmt"/>
      <line num="388" count="0" type="stmt"/>
      <line num="398" count="0" type="stmt"/>
      <line num="399" count="0" type="stmt"/>
      <line num="400" count="0" type="stmt"/>
      <line num="401" count="0" type="stmt"/>
      <line num="404" count="0" type="stmt"/>
      <line num="405" count="0" type="cond" truecount="0" falsecount="2"/>
      <line num="407" count="0" type="cond" truecount="0" falsecount="4"/>
      <line num="408" count="0" type="stmt"/>
      <line num="413" count="0" type="cond" truecount="0" falsecount="4"/>
      <line num="414" count="0" type="stmt"/>
      <line num="419" count="0" type="stmt"/>
      <line num="420" count="0" type="stmt"/>
      <line num="421" count="0" type="stmt"/>
      <line num="422" count="0" type="stmt"/>
      <line num="432" count="0" type="stmt"/>
      <line num="434" count="0" type="stmt"/>
      <line num="435" count="0" type="stmt"/>
      <line num="436" count="0" type="stmt"/>
      <line num="437" count="0" type="stmt"/>
      <line num="451" count="0" type="stmt"/>
      <line num="452" count="0" type="stmt"/>
      <line num="453" count="0" type="stmt"/>
      <line num="454" count="0" type="stmt"/>
    </file>
    <file name="token.js" path="D:\SzE\parser-TDK\Parser\javascript-parser-for-set-theory\src\token.js">
      <metrics statements="1" coveredstatements="1" conditionals="0" coveredconditionals="0" methods="0" coveredmethods="0"/>
      <line num="6" count="1" type="stmt"/>
    </file>
  </project>
</coverage>
