<?xml version="1.0" encoding="UTF-8"?>
<coverage generated="1683774543855" clover="3.2.0">
  <project timestamp="1683774543855" name="All files">
    <metrics statements="262" coveredstatements="162" conditionals="158" coveredconditionals="106" methods="60" coveredmethods="28" elements="480" coveredelements="296" complexity="0" loc="262" ncloc="262" packages="1" files="5" classes="5"/>
    <file name="lexer.js" path="D:\SzE\parser-TDK\Parser\javascript-parser-for-set-theory\src\lexer.js">
      <metrics statements="98" coveredstatements="98" conditionals="48" coveredconditionals="47" methods="4" coveredmethods="4"/>
      <line num="18" count="46" type="stmt"/>
      <line num="19" count="46" type="cond" truecount="2" falsecount="0"/>
      <line num="20" count="2" type="stmt"/>
      <line num="21" count="2" type="stmt"/>
      <line num="30" count="44" type="stmt"/>
      <line num="31" count="44" type="stmt"/>
      <line num="32" count="44" type="stmt"/>
      <line num="33" count="44" type="stmt"/>
      <line num="34" count="44" type="stmt"/>
      <line num="35" count="44" type="stmt"/>
      <line num="37" count="44" type="stmt"/>
      <line num="38" count="451" type="stmt"/>
      <line num="39" count="451" type="cond" truecount="2" falsecount="0"/>
      <line num="40" count="34" type="stmt"/>
      <line num="41" count="34" type="stmt"/>
      <line num="42" count="39" type="stmt"/>
      <line num="44" count="34" type="stmt"/>
      <line num="45" count="34" type="stmt"/>
      <line num="47" count="417" type="cond" truecount="2" falsecount="0"/>
      <line num="48" count="134" type="stmt"/>
      <line num="49" count="134" type="stmt"/>
      <line num="50" count="172" type="stmt"/>
      <line num="52" count="134" type="stmt"/>
      <line num="53" count="134" type="stmt"/>
      <line num="55" count="283" type="cond" truecount="2" falsecount="0"/>
      <line num="56" count="10" type="stmt"/>
      <line num="57" count="10" type="stmt"/>
      <line num="59" count="273" type="cond" truecount="2" falsecount="0"/>
      <line num="60" count="3" type="stmt"/>
      <line num="61" count="3" type="stmt"/>
      <line num="63" count="270" type="cond" truecount="2" falsecount="0"/>
      <line num="64" count="2" type="stmt"/>
      <line num="65" count="2" type="stmt"/>
      <line num="67" count="268" type="cond" truecount="4" falsecount="0"/>
      <line num="68" count="14" type="stmt"/>
      <line num="71" count="254" type="cond" truecount="30" falsecount="0"/>
      <line num="73" count="8" type="stmt"/>
      <line num="74" count="8" type="stmt"/>
      <line num="76" count="14" type="stmt"/>
      <line num="77" count="14" type="stmt"/>
      <line num="79" count="1" type="stmt"/>
      <line num="80" count="1" type="stmt"/>
      <line num="82" count="1" type="stmt"/>
      <line num="83" count="1" type="stmt"/>
      <line num="85" count="2" type="stmt"/>
      <line num="86" count="2" type="stmt"/>
      <line num="88" count="10" type="stmt"/>
      <line num="89" count="10" type="stmt"/>
      <line num="91" count="2" type="stmt"/>
      <line num="92" count="2" type="stmt"/>
      <line num="94" count="2" type="stmt"/>
      <line num="95" count="2" type="stmt"/>
      <line num="97" count="7" type="stmt"/>
      <line num="98" count="7" type="stmt"/>
      <line num="100" count="2" type="stmt"/>
      <line num="101" count="2" type="stmt"/>
      <line num="103" count="3" type="stmt"/>
      <line num="104" count="3" type="stmt"/>
      <line num="106" count="14" type="stmt"/>
      <line num="107" count="14" type="stmt"/>
      <line num="109" count="21" type="stmt"/>
      <line num="110" count="21" type="stmt"/>
      <line num="112" count="3" type="stmt"/>
      <line num="113" count="3" type="stmt"/>
      <line num="115" count="13" type="stmt"/>
      <line num="116" count="13" type="stmt"/>
      <line num="118" count="6" type="stmt"/>
      <line num="119" count="6" type="stmt"/>
      <line num="121" count="1" type="stmt"/>
      <line num="122" count="1" type="stmt"/>
      <line num="124" count="8" type="stmt"/>
      <line num="125" count="8" type="stmt"/>
      <line num="127" count="1" type="stmt"/>
      <line num="128" count="1" type="stmt"/>
      <line num="130" count="38" type="stmt"/>
      <line num="131" count="38" type="stmt"/>
      <line num="133" count="9" type="stmt"/>
      <line num="134" count="9" type="stmt"/>
      <line num="136" count="9" type="stmt"/>
      <line num="137" count="9" type="stmt"/>
      <line num="139" count="10" type="stmt"/>
      <line num="140" count="10" type="stmt"/>
      <line num="142" count="10" type="stmt"/>
      <line num="143" count="10" type="stmt"/>
      <line num="145" count="6" type="stmt"/>
      <line num="146" count="6" type="stmt"/>
      <line num="148" count="6" type="stmt"/>
      <line num="149" count="6" type="stmt"/>
      <line num="151" count="1" type="stmt"/>
      <line num="152" count="1" type="stmt"/>
      <line num="154" count="2" type="stmt"/>
      <line num="155" count="2" type="stmt"/>
      <line num="157" count="43" type="stmt"/>
      <line num="158" count="43" type="stmt"/>
      <line num="162" count="1" type="stmt"/>
      <line num="163" count="1" type="stmt"/>
      <line num="167" count="43" type="stmt"/>
      <line num="171" count="10454" type="stmt"/>
    </file>
    <file name="lib.js" path="D:\SzE\parser-TDK\Parser\javascript-parser-for-set-theory\src\lib.js">
      <metrics statements="58" coveredstatements="57" conditionals="67" coveredconditionals="52" methods="26" coveredmethods="23"/>
      <line num="10" count="86" type="stmt"/>
      <line num="19" count="2" type="stmt"/>
      <line num="28" count="2" type="stmt"/>
      <line num="37" count="46" type="stmt"/>
      <line num="38" count="46" type="cond" truecount="2" falsecount="0"/>
      <line num="47" count="111" type="cond" truecount="2" falsecount="0"/>
      <line num="56" count="0" type="stmt"/>
      <line num="65" count="2" type="cond" truecount="1" falsecount="1"/>
      <line num="66" count="2" type="stmt"/>
      <line num="67" count="2" type="stmt"/>
      <line num="68" count="6" type="stmt"/>
      <line num="70" count="2" type="stmt"/>
      <line num="81" count="2" type="cond" truecount="4" falsecount="1"/>
      <line num="82" count="2" type="stmt"/>
      <line num="83" count="2" type="stmt"/>
      <line num="84" count="6" type="stmt"/>
      <line num="86" count="2" type="stmt"/>
      <line num="96" count="11" type="cond" truecount="1" falsecount="1"/>
      <line num="97" count="11" type="stmt"/>
      <line num="110" count="4" type="cond" truecount="3" falsecount="1"/>
      <line num="111" count="4" type="stmt"/>
      <line num="123" count="2" type="cond" truecount="3" falsecount="1"/>
      <line num="124" count="2" type="stmt"/>
      <line num="136" count="5" type="cond" truecount="3" falsecount="1"/>
      <line num="137" count="5" type="cond" truecount="2" falsecount="0"/>
      <line num="149" count="6" type="cond" truecount="3" falsecount="1"/>
      <line num="150" count="6" type="stmt"/>
      <line num="151" count="14" type="cond" truecount="2" falsecount="0"/>
      <line num="152" count="2" type="stmt"/>
      <line num="155" count="4" type="stmt"/>
      <line num="166" count="4" type="cond" truecount="3" falsecount="1"/>
      <line num="167" count="4" type="cond" truecount="2" falsecount="0"/>
      <line num="178" count="3" type="cond" truecount="3" falsecount="1"/>
      <line num="179" count="3" type="stmt"/>
      <line num="191" count="5" type="stmt"/>
      <line num="192" count="14" type="cond" truecount="1" falsecount="1"/>
      <line num="194" count="5" type="stmt"/>
      <line num="195" count="5" type="stmt"/>
      <line num="196" count="14" type="stmt"/>
      <line num="197" count="28" type="stmt"/>
      <line num="200" count="5" type="stmt"/>
      <line num="211" count="3" type="stmt"/>
      <line num="212" count="8" type="cond" truecount="1" falsecount="1"/>
      <line num="214" count="3" type="stmt"/>
      <line num="215" count="9" type="stmt"/>
      <line num="227" count="15" type="cond" truecount="3" falsecount="1"/>
      <line num="228" count="15" type="stmt"/>
      <line num="229" count="15" type="stmt"/>
      <line num="230" count="58" type="cond" truecount="2" falsecount="0"/>
      <line num="231" count="16" type="stmt"/>
      <line num="234" count="15" type="stmt"/>
      <line num="245" count="2" type="cond" truecount="1" falsecount="1"/>
      <line num="246" count="2" type="stmt"/>
      <line num="257" count="2" type="cond" truecount="3" falsecount="1"/>
      <line num="258" count="2" type="stmt"/>
      <line num="259" count="2" type="cond" truecount="2" falsecount="0"/>
      <line num="270" count="2" type="cond" truecount="3" falsecount="1"/>
      <line num="271" count="2" type="cond" truecount="2" falsecount="0"/>
    </file>
    <file name="parser.js" path="D:\SzE\parser-TDK\Parser\javascript-parser-for-set-theory\src\parser.js">
      <metrics statements="16" coveredstatements="0" conditionals="6" coveredconditionals="0" methods="2" coveredmethods="0"/>
      <line num="16" count="0" type="stmt"/>
      <line num="26" count="0" type="stmt"/>
      <line num="35" count="0" type="stmt"/>
      <line num="36" count="0" type="stmt"/>
      <line num="46" count="0" type="stmt"/>
      <line num="47" count="0" type="cond" truecount="0" falsecount="2"/>
      <line num="48" count="0" type="stmt"/>
      <line num="58" count="0" type="stmt"/>
      <line num="59" count="0" type="cond" truecount="0" falsecount="2"/>
      <line num="60" count="0" type="stmt"/>
      <line num="69" count="0" type="stmt"/>
      <line num="70" count="0" type="cond" truecount="0" falsecount="2"/>
      <line num="71" count="0" type="stmt"/>
      <line num="238" count="0" type="stmt"/>
      <line num="239" count="0" type="stmt"/>
      <line num="242" count="0" type="stmt"/>
    </file>
    <file name="pointsetdiagramlib.js" path="D:\SzE\parser-TDK\Parser\javascript-parser-for-set-theory\src\pointsetdiagramlib.js">
      <metrics statements="89" coveredstatements="6" conditionals="37" coveredconditionals="7" methods="28" coveredmethods="1"/>
      <line num="15" count="20" type="cond" truecount="3" falsecount="1"/>
      <line num="16" count="20" type="cond" truecount="4" falsecount="0"/>
      <line num="18" count="8" type="stmt"/>
      <line num="19" count="8" type="stmt"/>
      <line num="22" count="12" type="stmt"/>
      <line num="23" count="12" type="stmt"/>
      <line num="36" count="0" type="cond" truecount="0" falsecount="2"/>
      <line num="45" count="0" type="cond" truecount="0" falsecount="2"/>
      <line num="48" count="0" type="stmt"/>
      <line num="49" count="0" type="cond" truecount="0" falsecount="2"/>
      <line num="160" count="0" type="stmt"/>
      <line num="161" count="0" type="stmt"/>
      <line num="162" count="0" type="stmt"/>
      <line num="163" count="0" type="stmt"/>
      <line num="164" count="0" type="stmt"/>
      <line num="165" count="0" type="stmt"/>
      <line num="166" count="0" type="stmt"/>
      <line num="167" count="0" type="stmt"/>
      <line num="168" count="0" type="stmt"/>
      <line num="169" count="0" type="stmt"/>
      <line num="179" count="0" type="stmt"/>
      <line num="184" count="0" type="stmt"/>
      <line num="189" count="0" type="stmt"/>
      <line num="194" count="0" type="stmt"/>
      <line num="199" count="0" type="stmt"/>
      <line num="204" count="0" type="stmt"/>
      <line num="205" count="0" type="stmt"/>
      <line num="214" count="0" type="stmt"/>
      <line num="222" count="0" type="stmt"/>
      <line num="230" count="0" type="stmt"/>
      <line num="238" count="0" type="stmt"/>
      <line num="246" count="0" type="stmt"/>
      <line num="254" count="0" type="stmt"/>
      <line num="262" count="0" type="stmt"/>
      <line num="270" count="0" type="stmt"/>
      <line num="278" count="0" type="stmt"/>
      <line num="286" count="0" type="stmt"/>
      <line num="294" count="0" type="stmt"/>
      <line num="302" count="0" type="stmt"/>
      <line num="310" count="0" type="stmt"/>
      <line num="318" count="0" type="stmt"/>
      <line num="326" count="0" type="stmt"/>
      <line num="334" count="0" type="stmt"/>
      <line num="349" count="0" type="cond" truecount="0" falsecount="2"/>
      <line num="350" count="0" type="stmt"/>
      <line num="369" count="0" type="stmt"/>
      <line num="370" count="0" type="stmt"/>
      <line num="371" count="0" type="stmt"/>
      <line num="372" count="0" type="stmt"/>
      <line num="373" count="0" type="stmt"/>
      <line num="375" count="0" type="stmt"/>
      <line num="376" count="0" type="stmt"/>
      <line num="386" count="0" type="stmt"/>
      <line num="387" count="0" type="stmt"/>
      <line num="388" count="0" type="stmt"/>
      <line num="389" count="0" type="stmt"/>
      <line num="392" count="0" type="stmt"/>
      <line num="393" count="0" type="cond" truecount="0" falsecount="2"/>
      <line num="395" count="0" type="cond" truecount="0" falsecount="4"/>
      <line num="396" count="0" type="stmt"/>
      <line num="401" count="0" type="cond" truecount="0" falsecount="4"/>
      <line num="403" count="0" type="stmt"/>
      <line num="410" count="0" type="stmt"/>
      <line num="411" count="0" type="stmt"/>
      <line num="412" count="0" type="stmt"/>
      <line num="413" count="0" type="stmt"/>
      <line num="424" count="0" type="stmt"/>
      <line num="425" count="0" type="stmt"/>
      <line num="426" count="0" type="stmt"/>
      <line num="427" count="0" type="stmt"/>
      <line num="430" count="0" type="stmt"/>
      <line num="431" count="0" type="cond" truecount="0" falsecount="2"/>
      <line num="433" count="0" type="cond" truecount="0" falsecount="4"/>
      <line num="434" count="0" type="stmt"/>
      <line num="439" count="0" type="cond" truecount="0" falsecount="4"/>
      <line num="440" count="0" type="stmt"/>
      <line num="445" count="0" type="stmt"/>
      <line num="446" count="0" type="stmt"/>
      <line num="447" count="0" type="stmt"/>
      <line num="448" count="0" type="stmt"/>
      <line num="459" count="0" type="stmt"/>
      <line num="461" count="0" type="stmt"/>
      <line num="462" count="0" type="stmt"/>
      <line num="463" count="0" type="stmt"/>
      <line num="464" count="0" type="stmt"/>
      <line num="479" count="0" type="stmt"/>
      <line num="480" count="0" type="stmt"/>
      <line num="481" count="0" type="stmt"/>
      <line num="482" count="0" type="stmt"/>
    </file>
    <file name="token.js" path="D:\SzE\parser-TDK\Parser\javascript-parser-for-set-theory\src\token.js">
      <metrics statements="1" coveredstatements="1" conditionals="0" coveredconditionals="0" methods="0" coveredmethods="0"/>
      <line num="6" count="1" type="stmt"/>
    </file>
  </project>
</coverage>
