{"D:\\SzE\\parser-TDK\\Parser\\javascript-parser-for-set-theory\\src\\lexer.js": {"path":"D:\\SzE\\parser-TDK\\Parser\\javascript-parser-for-set-theory\\src\\lexer.js","statementMap":{"0":{"start":{"line":18,"column":8},"end":{"line":18,"column":26}},"1":{"start":{"line":25,"column":21},"end":{"line":25,"column":23}},"2":{"start":{"line":26,"column":22},"end":{"line":26,"column":46}},"3":{"start":{"line":27,"column":21},"end":{"line":27,"column":49}},"4":{"start":{"line":28,"column":25},"end":{"line":28,"column":52}},"5":{"start":{"line":29,"column":31},"end":{"line":29,"column":64}},"6":{"start":{"line":30,"column":34},"end":{"line":30,"column":70}},"7":{"start":{"line":32,"column":8},"end":{"line":113,"column":9}},"8":{"start":{"line":32,"column":21},"end":{"line":32,"column":22}},"9":{"start":{"line":33,"column":18},"end":{"line":33,"column":32}},"10":{"start":{"line":34,"column":12},"end":{"line":112,"column":13}},"11":{"start":{"line":35,"column":24},"end":{"line":35,"column":25}},"12":{"start":{"line":36,"column":16},"end":{"line":38,"column":17}},"13":{"start":{"line":37,"column":20},"end":{"line":37,"column":41}},"14":{"start":{"line":39,"column":16},"end":{"line":39,"column":86}},"15":{"start":{"line":40,"column":16},"end":{"line":40,"column":20}},"16":{"start":{"line":42,"column":17},"end":{"line":112,"column":13}},"17":{"start":{"line":43,"column":22},"end":{"line":43,"column":23}},"18":{"start":{"line":44,"column":15},"end":{"line":46,"column":17}},"19":{"start":{"line":45,"column":20},"end":{"line":45,"column":40}},"20":{"start":{"line":47,"column":16},"end":{"line":47,"column":69}},"21":{"start":{"line":48,"column":15},"end":{"line":48,"column":19}},"22":{"start":{"line":50,"column":17},"end":{"line":112,"column":13}},"23":{"start":{"line":51,"column":16},"end":{"line":51,"column":69}},"24":{"start":{"line":52,"column":16},"end":{"line":52,"column":20}},"25":{"start":{"line":54,"column":17},"end":{"line":112,"column":13}},"26":{"start":{"line":55,"column":16},"end":{"line":55,"column":75}},"27":{"start":{"line":56,"column":16},"end":{"line":56,"column":20}},"28":{"start":{"line":58,"column":17},"end":{"line":112,"column":13}},"29":{"start":{"line":59,"column":16},"end":{"line":59,"column":78}},"30":{"start":{"line":60,"column":16},"end":{"line":60,"column":20}},"31":{"start":{"line":63,"column":15},"end":{"line":111,"column":17}},"32":{"start":{"line":65,"column":24},"end":{"line":65,"column":78}},"33":{"start":{"line":66,"column":24},"end":{"line":66,"column":30}},"34":{"start":{"line":68,"column":24},"end":{"line":68,"column":77}},"35":{"start":{"line":69,"column":24},"end":{"line":69,"column":30}},"36":{"start":{"line":71,"column":24},"end":{"line":71,"column":80}},"37":{"start":{"line":72,"column":24},"end":{"line":72,"column":30}},"38":{"start":{"line":74,"column":24},"end":{"line":74,"column":76}},"39":{"start":{"line":75,"column":24},"end":{"line":75,"column":30}},"40":{"start":{"line":77,"column":24},"end":{"line":77,"column":73}},"41":{"start":{"line":78,"column":24},"end":{"line":78,"column":30}},"42":{"start":{"line":80,"column":24},"end":{"line":80,"column":73}},"43":{"start":{"line":81,"column":24},"end":{"line":81,"column":30}},"44":{"start":{"line":83,"column":24},"end":{"line":83,"column":80}},"45":{"start":{"line":84,"column":24},"end":{"line":84,"column":30}},"46":{"start":{"line":86,"column":24},"end":{"line":86,"column":76}},"47":{"start":{"line":87,"column":24},"end":{"line":87,"column":30}},"48":{"start":{"line":89,"column":24},"end":{"line":89,"column":74}},"49":{"start":{"line":90,"column":24},"end":{"line":90,"column":30}},"50":{"start":{"line":92,"column":24},"end":{"line":92,"column":83}},"51":{"start":{"line":93,"column":24},"end":{"line":93,"column":30}},"52":{"start":{"line":95,"column":24},"end":{"line":95,"column":89}},"53":{"start":{"line":96,"column":24},"end":{"line":96,"column":30}},"54":{"start":{"line":98,"column":25},"end":{"line":98,"column":92}},"55":{"start":{"line":99,"column":25},"end":{"line":99,"column":31}},"56":{"start":{"line":101,"column":24},"end":{"line":101,"column":76}},"57":{"start":{"line":102,"column":24},"end":{"line":102,"column":30}},"58":{"start":{"line":104,"column":24},"end":{"line":104,"column":79}},"59":{"start":{"line":105,"column":24},"end":{"line":105,"column":30}},"60":{"start":{"line":109,"column":24},"end":{"line":109,"column":86}},"61":{"start":{"line":110,"column":24},"end":{"line":110,"column":38}},"62":{"start":{"line":114,"column":8},"end":{"line":114,"column":21}}},"fnMap":{"0":{"name":"(anonymous_0)","decl":{"start":{"line":17,"column":4},"end":{"line":17,"column":5}},"loc":{"start":{"line":17,"column":25},"end":{"line":19,"column":5}},"line":17},"1":{"name":"(anonymous_1)","decl":{"start":{"line":24,"column":4},"end":{"line":24,"column":5}},"loc":{"start":{"line":24,"column":14},"end":{"line":115,"column":5}},"line":24}},"branchMap":{"0":{"loc":{"start":{"line":17,"column":16},"end":{"line":17,"column":24}},"type":"default-arg","locations":[{"start":{"line":17,"column":22},"end":{"line":17,"column":24}}],"line":17},"1":{"loc":{"start":{"line":34,"column":12},"end":{"line":112,"column":13}},"type":"if","locations":[{"start":{"line":34,"column":12},"end":{"line":112,"column":13}},{"start":{"line":42,"column":17},"end":{"line":112,"column":13}}],"line":34},"2":{"loc":{"start":{"line":42,"column":17},"end":{"line":112,"column":13}},"type":"if","locations":[{"start":{"line":42,"column":17},"end":{"line":112,"column":13}},{"start":{"line":50,"column":17},"end":{"line":112,"column":13}}],"line":42},"3":{"loc":{"start":{"line":50,"column":17},"end":{"line":112,"column":13}},"type":"if","locations":[{"start":{"line":50,"column":17},"end":{"line":112,"column":13}},{"start":{"line":54,"column":17},"end":{"line":112,"column":13}}],"line":50},"4":{"loc":{"start":{"line":54,"column":17},"end":{"line":112,"column":13}},"type":"if","locations":[{"start":{"line":54,"column":17},"end":{"line":112,"column":13}},{"start":{"line":58,"column":17},"end":{"line":112,"column":13}}],"line":54},"5":{"loc":{"start":{"line":58,"column":17},"end":{"line":112,"column":13}},"type":"if","locations":[{"start":{"line":58,"column":17},"end":{"line":112,"column":13}},{"start":{"line":62,"column":16},"end":{"line":112,"column":13}}],"line":58},"6":{"loc":{"start":{"line":63,"column":15},"end":{"line":111,"column":17}},"type":"switch","locations":[{"start":{"line":64,"column":20},"end":{"line":66,"column":30}},{"start":{"line":67,"column":20},"end":{"line":69,"column":30}},{"start":{"line":70,"column":20},"end":{"line":72,"column":30}},{"start":{"line":73,"column":20},"end":{"line":75,"column":30}},{"start":{"line":76,"column":20},"end":{"line":78,"column":30}},{"start":{"line":79,"column":20},"end":{"line":81,"column":30}},{"start":{"line":82,"column":20},"end":{"line":84,"column":30}},{"start":{"line":85,"column":20},"end":{"line":87,"column":30}},{"start":{"line":88,"column":20},"end":{"line":90,"column":30}},{"start":{"line":91,"column":20},"end":{"line":93,"column":30}},{"start":{"line":94,"column":20},"end":{"line":96,"column":30}},{"start":{"line":97,"column":20},"end":{"line":99,"column":31}},{"start":{"line":100,"column":20},"end":{"line":102,"column":30}},{"start":{"line":103,"column":20},"end":{"line":105,"column":30}},{"start":{"line":108,"column":20},"end":{"line":110,"column":38}}],"line":63}},"s":{"0":1,"1":1,"2":1,"3":1,"4":1,"5":1,"6":1,"7":1,"8":1,"9":3,"10":3,"11":1,"12":1,"13":2,"14":1,"15":1,"16":2,"17":0,"18":0,"19":0,"20":0,"21":0,"22":2,"23":0,"24":0,"25":2,"26":0,"27":0,"28":2,"29":0,"30":0,"31":2,"32":0,"33":0,"34":0,"35":0,"36":0,"37":0,"38":0,"39":0,"40":0,"41":0,"42":0,"43":0,"44":0,"45":0,"46":0,"47":0,"48":0,"49":0,"50":0,"51":0,"52":1,"53":1,"54":1,"55":1,"56":0,"57":0,"58":0,"59":0,"60":0,"61":0,"62":1},"f":{"0":1,"1":1},"b":{"0":[0],"1":[1,2],"2":[0,2],"3":[0,2],"4":[0,2],"5":[0,2],"6":[0,0,0,0,0,0,0,0,0,0,1,1,0,0,0]},"_coverageSchema":"1a1c01bbd47fc00a2c39e90264f33305004495a9","hash":"3aaa2f908740f3922004e4c166e7ada1e9d61d97"}
,"D:\\SzE\\parser-TDK\\Parser\\javascript-parser-for-set-theory\\src\\lib.js": {"path":"D:\\SzE\\parser-TDK\\Parser\\javascript-parser-for-set-theory\\src\\lib.js","statementMap":{"0":{"start":{"line":10,"column":4},"end":{"line":10,"column":35}},"1":{"start":{"line":19,"column":15},"end":{"line":19,"column":48}},"2":{"start":{"line":20,"column":5},"end":{"line":20,"column":48}},"3":{"start":{"line":29,"column":4},"end":{"line":29,"column":56}},"4":{"start":{"line":38,"column":4},"end":{"line":38,"column":69}},"5":{"start":{"line":41,"column":12},"end":{"line":41,"column":21}},"6":{"start":{"line":42,"column":4},"end":{"line":44,"column":6}},"7":{"start":{"line":43,"column":8},"end":{"line":43,"column":33}},"8":{"start":{"line":45,"column":4},"end":{"line":45,"column":15}},"9":{"start":{"line":48,"column":13},"end":{"line":48,"column":22}},"10":{"start":{"line":49,"column":4},"end":{"line":51,"column":5}},"11":{"start":{"line":49,"column":17},"end":{"line":49,"column":22}},"12":{"start":{"line":50,"column":8},"end":{"line":50,"column":28}},"13":{"start":{"line":52,"column":4},"end":{"line":52,"column":15}},"14":{"start":{"line":62,"column":4},"end":{"line":62,"column":50}},"15":{"start":{"line":62,"column":21},"end":{"line":62,"column":50}},"16":{"start":{"line":63,"column":4},"end":{"line":63,"column":24}},"17":{"start":{"line":76,"column":4},"end":{"line":76,"column":79}},"18":{"start":{"line":76,"column":45},"end":{"line":76,"column":79}},"19":{"start":{"line":77,"column":4},"end":{"line":77,"column":24}},"20":{"start":{"line":89,"column":4},"end":{"line":89,"column":83}},"21":{"start":{"line":89,"column":45},"end":{"line":89,"column":83}},"22":{"start":{"line":90,"column":4},"end":{"line":90,"column":35}},"23":{"start":{"line":102,"column":4},"end":{"line":102,"column":67}},"24":{"start":{"line":102,"column":37},"end":{"line":102,"column":67}},"25":{"start":{"line":103,"column":4},"end":{"line":103,"column":75}},"26":{"start":{"line":115,"column":4},"end":{"line":115,"column":70}},"27":{"start":{"line":115,"column":37},"end":{"line":115,"column":70}},"28":{"start":{"line":116,"column":4},"end":{"line":120,"column":5}},"29":{"start":{"line":117,"column":8},"end":{"line":119,"column":9}},"30":{"start":{"line":118,"column":12},"end":{"line":118,"column":24}},"31":{"start":{"line":121,"column":4},"end":{"line":121,"column":15}},"32":{"start":{"line":132,"column":4},"end":{"line":132,"column":75}},"33":{"start":{"line":132,"column":37},"end":{"line":132,"column":75}},"34":{"start":{"line":133,"column":4},"end":{"line":133,"column":60}},"35":{"start":{"line":144,"column":4},"end":{"line":144,"column":72}},"36":{"start":{"line":144,"column":41},"end":{"line":144,"column":72}},"37":{"start":{"line":145,"column":4},"end":{"line":145,"column":37}},"38":{"start":{"line":157,"column":4},"end":{"line":159,"column":5}},"39":{"start":{"line":158,"column":8},"end":{"line":158,"column":51}},"40":{"start":{"line":158,"column":25},"end":{"line":158,"column":51}},"41":{"start":{"line":160,"column":19},"end":{"line":160,"column":28}},"42":{"start":{"line":161,"column":4},"end":{"line":165,"column":5}},"43":{"start":{"line":162,"column":8},"end":{"line":164,"column":9}},"44":{"start":{"line":163,"column":10},"end":{"line":163,"column":30}},"45":{"start":{"line":166,"column":4},"end":{"line":166,"column":18}},"46":{"start":{"line":177,"column":4},"end":{"line":179,"column":5}},"47":{"start":{"line":177,"column":17},"end":{"line":177,"column":18}},"48":{"start":{"line":178,"column":8},"end":{"line":178,"column":68}},"49":{"start":{"line":178,"column":34},"end":{"line":178,"column":68}},"50":{"start":{"line":180,"column":17},"end":{"line":180,"column":38}},"51":{"start":{"line":181,"column":4},"end":{"line":183,"column":7}},"52":{"start":{"line":182,"column":8},"end":{"line":182,"column":84}},"53":{"start":{"line":182,"column":58},"end":{"line":182,"column":81}},"54":{"start":{"line":194,"column":4},"end":{"line":194,"column":68}},"55":{"start":{"line":194,"column":37},"end":{"line":194,"column":68}},"56":{"start":{"line":195,"column":15},"end":{"line":195,"column":24}},"57":{"start":{"line":196,"column":4},"end":{"line":200,"column":5}},"58":{"start":{"line":197,"column":8},"end":{"line":199,"column":9}},"59":{"start":{"line":198,"column":12},"end":{"line":198,"column":32}},"60":{"start":{"line":201,"column":4},"end":{"line":201,"column":17}},"61":{"start":{"line":212,"column":4},"end":{"line":212,"column":53}},"62":{"start":{"line":212,"column":21},"end":{"line":212,"column":53}},"63":{"start":{"line":213,"column":4},"end":{"line":213,"column":19}},"64":{"start":{"line":224,"column":4},"end":{"line":224,"column":77}},"65":{"start":{"line":224,"column":45},"end":{"line":224,"column":77}},"66":{"start":{"line":225,"column":16},"end":{"line":225,"column":24}},"67":{"start":{"line":226,"column":4},"end":{"line":226,"column":60}},"68":{"start":{"line":237,"column":4},"end":{"line":237,"column":77}},"69":{"start":{"line":237,"column":45},"end":{"line":237,"column":77}},"70":{"start":{"line":238,"column":4},"end":{"line":238,"column":53}}},"fnMap":{"0":{"name":"is_number","decl":{"start":{"line":9,"column":16},"end":{"line":9,"column":25}},"loc":{"start":{"line":9,"column":31},"end":{"line":11,"column":1}},"line":9},"1":{"name":"is_whole_number","decl":{"start":{"line":18,"column":16},"end":{"line":18,"column":31}},"loc":{"start":{"line":18,"column":37},"end":{"line":21,"column":1}},"line":18},"2":{"name":"is_set","decl":{"start":{"line":28,"column":16},"end":{"line":28,"column":22}},"loc":{"start":{"line":28,"column":27},"end":{"line":31,"column":1}},"line":28},"3":{"name":"illegal_arguments","decl":{"start":{"line":37,"column":16},"end":{"line":37,"column":33}},"loc":{"start":{"line":37,"column":44},"end":{"line":39,"column":1}},"line":37},"4":{"name":"create_set_from_literal","decl":{"start":{"line":40,"column":16},"end":{"line":40,"column":39}},"loc":{"start":{"line":40,"column":51},"end":{"line":46,"column":1}},"line":40},"5":{"name":"(anonymous_5)","decl":{"start":{"line":42,"column":46},"end":{"line":42,"column":47}},"loc":{"start":{"line":42,"column":52},"end":{"line":44,"column":5}},"line":42},"6":{"name":"create_set_from_formula","decl":{"start":{"line":47,"column":16},"end":{"line":47,"column":39}},"loc":{"start":{"line":47,"column":58},"end":{"line":53,"column":1}},"line":47},"7":{"name":"is_empty","decl":{"start":{"line":61,"column":16},"end":{"line":61,"column":24}},"loc":{"start":{"line":61,"column":29},"end":{"line":66,"column":1}},"line":61},"8":{"name":"is_element_of","decl":{"start":{"line":75,"column":16},"end":{"line":75,"column":29}},"loc":{"start":{"line":75,"column":40},"end":{"line":79,"column":1}},"line":75},"9":{"name":"is_not_element_of","decl":{"start":{"line":88,"column":16},"end":{"line":88,"column":33}},"loc":{"start":{"line":88,"column":43},"end":{"line":92,"column":1}},"line":88},"10":{"name":"are_equal","decl":{"start":{"line":101,"column":16},"end":{"line":101,"column":25}},"loc":{"start":{"line":101,"column":36},"end":{"line":105,"column":1}},"line":101},"11":{"name":"is_subset_of","decl":{"start":{"line":114,"column":16},"end":{"line":114,"column":28}},"loc":{"start":{"line":114,"column":39},"end":{"line":122,"column":1}},"line":114},"12":{"name":"is_real_subset_of","decl":{"start":{"line":131,"column":16},"end":{"line":131,"column":33}},"loc":{"start":{"line":131,"column":44},"end":{"line":134,"column":1}},"line":131},"13":{"name":"complement","decl":{"start":{"line":143,"column":16},"end":{"line":143,"column":26}},"loc":{"start":{"line":143,"column":42},"end":{"line":147,"column":1}},"line":143},"14":{"name":"union","decl":{"start":{"line":155,"column":16},"end":{"line":155,"column":21}},"loc":{"start":{"line":155,"column":23},"end":{"line":168,"column":1}},"line":155},"15":{"name":"intersection","decl":{"start":{"line":176,"column":16},"end":{"line":176,"column":28}},"loc":{"start":{"line":176,"column":30},"end":{"line":184,"column":1}},"line":176},"16":{"name":"(anonymous_16)","decl":{"start":{"line":181,"column":23},"end":{"line":181,"column":24}},"loc":{"start":{"line":181,"column":51},"end":{"line":183,"column":5}},"line":181},"17":{"name":"(anonymous_17)","decl":{"start":{"line":182,"column":47},"end":{"line":182,"column":48}},"loc":{"start":{"line":182,"column":58},"end":{"line":182,"column":81}},"line":182},"18":{"name":"difference","decl":{"start":{"line":193,"column":16},"end":{"line":193,"column":26}},"loc":{"start":{"line":193,"column":37},"end":{"line":203,"column":1}},"line":193},"19":{"name":"cardinality","decl":{"start":{"line":211,"column":16},"end":{"line":211,"column":27}},"loc":{"start":{"line":211,"column":32},"end":{"line":214,"column":1}},"line":211},"20":{"name":"add_element","decl":{"start":{"line":223,"column":16},"end":{"line":223,"column":27}},"loc":{"start":{"line":223,"column":37},"end":{"line":227,"column":1}},"line":223},"21":{"name":"del_element","decl":{"start":{"line":236,"column":16},"end":{"line":236,"column":27}},"loc":{"start":{"line":236,"column":37},"end":{"line":239,"column":1}},"line":236},"22":{"name":"Venn","decl":{"start":{"line":240,"column":16},"end":{"line":240,"column":20}},"loc":{"start":{"line":240,"column":22},"end":{"line":242,"column":1}},"line":240},"23":{"name":"IEP","decl":{"start":{"line":244,"column":16},"end":{"line":244,"column":19}},"loc":{"start":{"line":244,"column":21},"end":{"line":246,"column":1}},"line":244}},"branchMap":{"0":{"loc":{"start":{"line":20,"column":12},"end":{"line":20,"column":47}},"type":"binary-expr","locations":[{"start":{"line":20,"column":12},"end":{"line":20,"column":27}},{"start":{"line":20,"column":30},"end":{"line":20,"column":47}}],"line":20},"1":{"loc":{"start":{"line":29,"column":11},"end":{"line":29,"column":56}},"type":"binary-expr","locations":[{"start":{"line":29,"column":11},"end":{"line":29,"column":34}},{"start":{"line":29,"column":38},"end":{"line":29,"column":56}}],"line":29},"2":{"loc":{"start":{"line":62,"column":4},"end":{"line":62,"column":50}},"type":"if","locations":[{"start":{"line":62,"column":4},"end":{"line":62,"column":50}},{"start":{},"end":{}}],"line":62},"3":{"loc":{"start":{"line":76,"column":4},"end":{"line":76,"column":79}},"type":"if","locations":[{"start":{"line":76,"column":4},"end":{"line":76,"column":79}},{"start":{},"end":{}}],"line":76},"4":{"loc":{"start":{"line":76,"column":7},"end":{"line":76,"column":43}},"type":"binary-expr","locations":[{"start":{"line":76,"column":7},"end":{"line":76,"column":29}},{"start":{"line":76,"column":31},"end":{"line":76,"column":43}}],"line":76},"5":{"loc":{"start":{"line":89,"column":4},"end":{"line":89,"column":83}},"type":"if","locations":[{"start":{"line":89,"column":4},"end":{"line":89,"column":83}},{"start":{},"end":{}}],"line":89},"6":{"loc":{"start":{"line":89,"column":7},"end":{"line":89,"column":43}},"type":"binary-expr","locations":[{"start":{"line":89,"column":7},"end":{"line":89,"column":29}},{"start":{"line":89,"column":31},"end":{"line":89,"column":43}}],"line":89},"7":{"loc":{"start":{"line":102,"column":4},"end":{"line":102,"column":67}},"type":"if","locations":[{"start":{"line":102,"column":4},"end":{"line":102,"column":67}},{"start":{},"end":{}}],"line":102},"8":{"loc":{"start":{"line":102,"column":7},"end":{"line":102,"column":35}},"type":"binary-expr","locations":[{"start":{"line":102,"column":7},"end":{"line":102,"column":20}},{"start":{"line":102,"column":22},"end":{"line":102,"column":35}}],"line":102},"9":{"loc":{"start":{"line":103,"column":11},"end":{"line":103,"column":75}},"type":"binary-expr","locations":[{"start":{"line":103,"column":11},"end":{"line":103,"column":42}},{"start":{"line":103,"column":44},"end":{"line":103,"column":75}}],"line":103},"10":{"loc":{"start":{"line":115,"column":4},"end":{"line":115,"column":70}},"type":"if","locations":[{"start":{"line":115,"column":4},"end":{"line":115,"column":70}},{"start":{},"end":{}}],"line":115},"11":{"loc":{"start":{"line":115,"column":7},"end":{"line":115,"column":35}},"type":"binary-expr","locations":[{"start":{"line":115,"column":7},"end":{"line":115,"column":20}},{"start":{"line":115,"column":22},"end":{"line":115,"column":35}}],"line":115},"12":{"loc":{"start":{"line":117,"column":8},"end":{"line":119,"column":9}},"type":"if","locations":[{"start":{"line":117,"column":8},"end":{"line":119,"column":9}},{"start":{},"end":{}}],"line":117},"13":{"loc":{"start":{"line":132,"column":4},"end":{"line":132,"column":75}},"type":"if","locations":[{"start":{"line":132,"column":4},"end":{"line":132,"column":75}},{"start":{},"end":{}}],"line":132},"14":{"loc":{"start":{"line":132,"column":7},"end":{"line":132,"column":35}},"type":"binary-expr","locations":[{"start":{"line":132,"column":7},"end":{"line":132,"column":20}},{"start":{"line":132,"column":22},"end":{"line":132,"column":35}}],"line":132},"15":{"loc":{"start":{"line":133,"column":11},"end":{"line":133,"column":59}},"type":"binary-expr","locations":[{"start":{"line":133,"column":11},"end":{"line":133,"column":34}},{"start":{"line":133,"column":38},"end":{"line":133,"column":59}}],"line":133},"16":{"loc":{"start":{"line":144,"column":4},"end":{"line":144,"column":72}},"type":"if","locations":[{"start":{"line":144,"column":4},"end":{"line":144,"column":72}},{"start":{},"end":{}}],"line":144},"17":{"loc":{"start":{"line":144,"column":7},"end":{"line":144,"column":39}},"type":"binary-expr","locations":[{"start":{"line":144,"column":7},"end":{"line":144,"column":20}},{"start":{"line":144,"column":22},"end":{"line":144,"column":39}}],"line":144},"18":{"loc":{"start":{"line":158,"column":8},"end":{"line":158,"column":51}},"type":"if","locations":[{"start":{"line":158,"column":8},"end":{"line":158,"column":51}},{"start":{},"end":{}}],"line":158},"19":{"loc":{"start":{"line":178,"column":8},"end":{"line":178,"column":68}},"type":"if","locations":[{"start":{"line":178,"column":8},"end":{"line":178,"column":68}},{"start":{},"end":{}}],"line":178},"20":{"loc":{"start":{"line":194,"column":4},"end":{"line":194,"column":68}},"type":"if","locations":[{"start":{"line":194,"column":4},"end":{"line":194,"column":68}},{"start":{},"end":{}}],"line":194},"21":{"loc":{"start":{"line":194,"column":7},"end":{"line":194,"column":35}},"type":"binary-expr","locations":[{"start":{"line":194,"column":7},"end":{"line":194,"column":20}},{"start":{"line":194,"column":22},"end":{"line":194,"column":35}}],"line":194},"22":{"loc":{"start":{"line":197,"column":8},"end":{"line":199,"column":9}},"type":"if","locations":[{"start":{"line":197,"column":8},"end":{"line":199,"column":9}},{"start":{},"end":{}}],"line":197},"23":{"loc":{"start":{"line":212,"column":4},"end":{"line":212,"column":53}},"type":"if","locations":[{"start":{"line":212,"column":4},"end":{"line":212,"column":53}},{"start":{},"end":{}}],"line":212},"24":{"loc":{"start":{"line":224,"column":4},"end":{"line":224,"column":77}},"type":"if","locations":[{"start":{"line":224,"column":4},"end":{"line":224,"column":77}},{"start":{},"end":{}}],"line":224},"25":{"loc":{"start":{"line":224,"column":7},"end":{"line":224,"column":43}},"type":"binary-expr","locations":[{"start":{"line":224,"column":7},"end":{"line":224,"column":19}},{"start":{"line":224,"column":21},"end":{"line":224,"column":43}}],"line":224},"26":{"loc":{"start":{"line":226,"column":11},"end":{"line":226,"column":59}},"type":"binary-expr","locations":[{"start":{"line":226,"column":11},"end":{"line":226,"column":24}},{"start":{"line":226,"column":28},"end":{"line":226,"column":58}}],"line":226},"27":{"loc":{"start":{"line":237,"column":4},"end":{"line":237,"column":77}},"type":"if","locations":[{"start":{"line":237,"column":4},"end":{"line":237,"column":77}},{"start":{},"end":{}}],"line":237},"28":{"loc":{"start":{"line":237,"column":7},"end":{"line":237,"column":43}},"type":"binary-expr","locations":[{"start":{"line":237,"column":7},"end":{"line":237,"column":19}},{"start":{"line":237,"column":21},"end":{"line":237,"column":43}}],"line":237},"29":{"loc":{"start":{"line":238,"column":11},"end":{"line":238,"column":53}},"type":"binary-expr","locations":[{"start":{"line":238,"column":11},"end":{"line":238,"column":25}},{"start":{"line":238,"column":29},"end":{"line":238,"column":52}}],"line":238}},"s":{"0":82,"1":42,"2":42,"3":109,"4":0,"5":2,"6":2,"7":6,"8":2,"9":2,"10":2,"11":2,"12":6,"13":2,"14":11,"15":0,"16":11,"17":4,"18":0,"19":4,"20":2,"21":0,"22":2,"23":5,"24":0,"25":5,"26":6,"27":0,"28":6,"29":14,"30":2,"31":4,"32":4,"33":0,"34":4,"35":3,"36":0,"37":3,"38":4,"39":12,"40":0,"41":4,"42":4,"43":12,"44":24,"45":4,"46":3,"47":3,"48":8,"49":0,"50":3,"51":3,"52":5,"53":9,"54":15,"55":0,"56":15,"57":15,"58":58,"59":16,"60":15,"61":2,"62":0,"63":2,"64":2,"65":0,"66":2,"67":2,"68":2,"69":0,"70":2},"f":{"0":82,"1":42,"2":109,"3":0,"4":2,"5":6,"6":2,"7":11,"8":4,"9":2,"10":5,"11":6,"12":4,"13":3,"14":4,"15":3,"16":5,"17":9,"18":15,"19":2,"20":2,"21":2,"22":0,"23":0},"b":{"0":[42,42],"1":[109,109],"2":[0,11],"3":[0,4],"4":[4,4],"5":[0,2],"6":[2,2],"7":[0,5],"8":[5,5],"9":[5,4],"10":[0,6],"11":[6,6],"12":[2,12],"13":[0,4],"14":[4,4],"15":[4,3],"16":[0,3],"17":[3,3],"18":[0,12],"19":[0,8],"20":[0,15],"21":[15,15],"22":[16,42],"23":[0,2],"24":[0,2],"25":[2,2],"26":[2,1],"27":[0,2],"28":[2,2],"29":[2,1]},"_coverageSchema":"1a1c01bbd47fc00a2c39e90264f33305004495a9","hash":"1af34ee9a26f60381639c945d802445b2f2d6456"}
,"D:\\SzE\\parser-TDK\\Parser\\javascript-parser-for-set-theory\\src\\parser.js": {"path":"D:\\SzE\\parser-TDK\\Parser\\javascript-parser-for-set-theory\\src\\parser.js","statementMap":{"0":{"start":{"line":16,"column":8},"end":{"line":16,"column":30}},"1":{"start":{"line":26,"column":8},"end":{"line":26,"column":78}},"2":{"start":{"line":35,"column":17},"end":{"line":35,"column":41}},"3":{"start":{"line":36,"column":17},"end":{"line":36,"column":39}},"4":{"start":{"line":46,"column":17},"end":{"line":46,"column":31}},"5":{"start":{"line":47,"column":8},"end":{"line":47,"column":56}},"6":{"start":{"line":47,"column":35},"end":{"line":47,"column":56}},"7":{"start":{"line":48,"column":8},"end":{"line":48,"column":24}},"8":{"start":{"line":58,"column":17},"end":{"line":58,"column":31}},"9":{"start":{"line":59,"column":8},"end":{"line":59,"column":54}},"10":{"start":{"line":59,"column":33},"end":{"line":59,"column":54}},"11":{"start":{"line":60,"column":8},"end":{"line":60,"column":18}},"12":{"start":{"line":69,"column":29},"end":{"line":69,"column":43}},"13":{"start":{"line":70,"column":8},"end":{"line":70,"column":72}},"14":{"start":{"line":70,"column":51},"end":{"line":70,"column":72}},"15":{"start":{"line":71,"column":8},"end":{"line":71,"column":30}},"16":{"start":{"line":238,"column":16},"end":{"line":238,"column":18}},"17":{"start":{"line":239,"column":8},"end":{"line":241,"column":9}},"18":{"start":{"line":239,"column":21},"end":{"line":239,"column":22}},"19":{"start":{"line":242,"column":8},"end":{"line":242,"column":19}}},"fnMap":{"0":{"name":"(anonymous_0)","decl":{"start":{"line":15,"column":4},"end":{"line":15,"column":5}},"loc":{"start":{"line":15,"column":23},"end":{"line":17,"column":5}},"line":15},"1":{"name":"(anonymous_1)","decl":{"start":{"line":237,"column":4},"end":{"line":237,"column":5}},"loc":{"start":{"line":237,"column":12},"end":{"line":243,"column":5}},"line":237}},"branchMap":{"0":{"loc":{"start":{"line":47,"column":8},"end":{"line":47,"column":56}},"type":"if","locations":[{"start":{"line":47,"column":8},"end":{"line":47,"column":56}},{"start":{},"end":{}}],"line":47},"1":{"loc":{"start":{"line":59,"column":8},"end":{"line":59,"column":54}},"type":"if","locations":[{"start":{"line":59,"column":8},"end":{"line":59,"column":54}},{"start":{},"end":{}}],"line":59},"2":{"loc":{"start":{"line":70,"column":8},"end":{"line":70,"column":72}},"type":"if","locations":[{"start":{"line":70,"column":8},"end":{"line":70,"column":72}},{"start":{},"end":{}}],"line":70}},"s":{"0":0,"1":0,"2":0,"3":0,"4":0,"5":0,"6":0,"7":0,"8":0,"9":0,"10":0,"11":0,"12":0,"13":0,"14":0,"15":0,"16":0,"17":0,"18":0,"19":0},"f":{"0":0,"1":0},"b":{"0":[0,0],"1":[0,0],"2":[0,0]},"_coverageSchema":"1a1c01bbd47fc00a2c39e90264f33305004495a9","hash":"f2216eb76dc0ac58c5a3ee130dee40174deff813"}
,"D:\\SzE\\parser-TDK\\Parser\\javascript-parser-for-set-theory\\src\\pointsetdiagramlib.js": {"path":"D:\\SzE\\parser-TDK\\Parser\\javascript-parser-for-set-theory\\src\\pointsetdiagramlib.js","statementMap":{"0":{"start":{"line":15,"column":8},"end":{"line":15,"column":85}},"1":{"start":{"line":15,"column":41},"end":{"line":15,"column":85}},"2":{"start":{"line":16,"column":8},"end":{"line":24,"column":9}},"3":{"start":{"line":18,"column":12},"end":{"line":18,"column":40}},"4":{"start":{"line":19,"column":12},"end":{"line":19,"column":40}},"5":{"start":{"line":22,"column":12},"end":{"line":22,"column":21}},"6":{"start":{"line":23,"column":12},"end":{"line":23,"column":21}},"7":{"start":{"line":36,"column":4},"end":{"line":36,"column":63}},"8":{"start":{"line":45,"column":4},"end":{"line":45,"column":68}},"9":{"start":{"line":45,"column":52},"end":{"line":45,"column":67}},"10":{"start":{"line":153,"column":8},"end":{"line":153,"column":24}},"11":{"start":{"line":154,"column":8},"end":{"line":154,"column":25}},"12":{"start":{"line":155,"column":8},"end":{"line":155,"column":73}},"13":{"start":{"line":156,"column":8},"end":{"line":156,"column":73}},"14":{"start":{"line":157,"column":8},"end":{"line":157,"column":59}},"15":{"start":{"line":158,"column":8},"end":{"line":158,"column":59}},"16":{"start":{"line":159,"column":8},"end":{"line":159,"column":66}},"17":{"start":{"line":160,"column":8},"end":{"line":160,"column":67}},"18":{"start":{"line":161,"column":8},"end":{"line":161,"column":103}},"19":{"start":{"line":162,"column":8},"end":{"line":162,"column":103}},"20":{"start":{"line":169,"column":8},"end":{"line":169,"column":26}},"21":{"start":{"line":170,"column":8},"end":{"line":170,"column":22}},"22":{"start":{"line":171,"column":8},"end":{"line":171,"column":26}},"23":{"start":{"line":172,"column":8},"end":{"line":172,"column":22}},"24":{"start":{"line":173,"column":8},"end":{"line":173,"column":28}},"25":{"start":{"line":174,"column":8},"end":{"line":174,"column":28}},"26":{"start":{"line":175,"column":8},"end":{"line":175,"column":29}},"27":{"start":{"line":184,"column":8},"end":{"line":184,"column":27}},"28":{"start":{"line":192,"column":8},"end":{"line":192,"column":25}},"29":{"start":{"line":200,"column":8},"end":{"line":200,"column":28}},"30":{"start":{"line":208,"column":8},"end":{"line":208,"column":27}},"31":{"start":{"line":216,"column":8},"end":{"line":216,"column":25}},"32":{"start":{"line":224,"column":8},"end":{"line":224,"column":28}},"33":{"start":{"line":232,"column":8},"end":{"line":232,"column":27}},"34":{"start":{"line":240,"column":8},"end":{"line":240,"column":28}},"35":{"start":{"line":248,"column":8},"end":{"line":248,"column":32}},"36":{"start":{"line":256,"column":8},"end":{"line":256,"column":32}},"37":{"start":{"line":264,"column":8},"end":{"line":264,"column":37}},"38":{"start":{"line":272,"column":8},"end":{"line":272,"column":37}},"39":{"start":{"line":280,"column":8},"end":{"line":280,"column":34}},"40":{"start":{"line":288,"column":8},"end":{"line":288,"column":34}},"41":{"start":{"line":296,"column":8},"end":{"line":296,"column":36}},"42":{"start":{"line":304,"column":8},"end":{"line":304,"column":36}},"43":{"start":{"line":325,"column":4},"end":{"line":325,"column":68}},"44":{"start":{"line":325,"column":30},"end":{"line":325,"column":68}},"45":{"start":{"line":326,"column":25},"end":{"line":343,"column":5}},"46":{"start":{"line":345,"column":17},"end":{"line":345,"column":129}},"47":{"start":{"line":346,"column":14},"end":{"line":346,"column":37}},"48":{"start":{"line":347,"column":4},"end":{"line":347,"column":59}},"49":{"start":{"line":348,"column":4},"end":{"line":348,"column":56}},"50":{"start":{"line":349,"column":4},"end":{"line":349,"column":43}},"51":{"start":{"line":351,"column":4},"end":{"line":351,"column":37}},"52":{"start":{"line":352,"column":4},"end":{"line":352,"column":30}},"53":{"start":{"line":361,"column":4},"end":{"line":361,"column":23}},"54":{"start":{"line":362,"column":4},"end":{"line":362,"column":48}},"55":{"start":{"line":363,"column":4},"end":{"line":363,"column":52}},"56":{"start":{"line":364,"column":4},"end":{"line":364,"column":17}},"57":{"start":{"line":367,"column":4},"end":{"line":389,"column":5}},"58":{"start":{"line":367,"column":14},"end":{"line":367,"column":15}},"59":{"start":{"line":368,"column":8},"end":{"line":368,"column":80}},"60":{"start":{"line":368,"column":71},"end":{"line":368,"column":80}},"61":{"start":{"line":370,"column":8},"end":{"line":382,"column":9}},"62":{"start":{"line":371,"column":12},"end":{"line":374,"column":13}},"63":{"start":{"line":376,"column":13},"end":{"line":382,"column":9}},"64":{"start":{"line":378,"column":12},"end":{"line":381,"column":17}},"65":{"start":{"line":385,"column":8},"end":{"line":385,"column":27}},"66":{"start":{"line":386,"column":8},"end":{"line":386,"column":109}},"67":{"start":{"line":387,"column":8},"end":{"line":387,"column":109}},"68":{"start":{"line":388,"column":8},"end":{"line":388,"column":21}},"69":{"start":{"line":398,"column":4},"end":{"line":398,"column":23}},"70":{"start":{"line":399,"column":4},"end":{"line":399,"column":48}},"71":{"start":{"line":400,"column":4},"end":{"line":400,"column":53}},"72":{"start":{"line":401,"column":4},"end":{"line":401,"column":17}},"73":{"start":{"line":404,"column":4},"end":{"line":423,"column":5}},"74":{"start":{"line":404,"column":14},"end":{"line":404,"column":15}},"75":{"start":{"line":405,"column":8},"end":{"line":405,"column":80}},"76":{"start":{"line":405,"column":71},"end":{"line":405,"column":80}},"77":{"start":{"line":407,"column":8},"end":{"line":418,"column":9}},"78":{"start":{"line":408,"column":12},"end":{"line":411,"column":14}},"79":{"start":{"line":413,"column":13},"end":{"line":418,"column":9}},"80":{"start":{"line":414,"column":12},"end":{"line":417,"column":14}},"81":{"start":{"line":419,"column":8},"end":{"line":419,"column":27}},"82":{"start":{"line":420,"column":8},"end":{"line":420,"column":109}},"83":{"start":{"line":421,"column":8},"end":{"line":421,"column":109}},"84":{"start":{"line":422,"column":8},"end":{"line":422,"column":21}},"85":{"start":{"line":432,"column":4},"end":{"line":439,"column":7}},"86":{"start":{"line":434,"column":18},"end":{"line":434,"column":72}},"87":{"start":{"line":435,"column":8},"end":{"line":435,"column":24}},"88":{"start":{"line":436,"column":8},"end":{"line":436,"column":34}},"89":{"start":{"line":437,"column":8},"end":{"line":437,"column":21}},"90":{"start":{"line":451,"column":14},"end":{"line":451,"column":79}},"91":{"start":{"line":452,"column":23},"end":{"line":452,"column":70}},"92":{"start":{"line":453,"column":23},"end":{"line":453,"column":70}},"93":{"start":{"line":454,"column":4},"end":{"line":454,"column":76}}},"fnMap":{"0":{"name":"(anonymous_0)","decl":{"start":{"line":14,"column":4},"end":{"line":14,"column":5}},"loc":{"start":{"line":14,"column":20},"end":{"line":26,"column":5}},"line":14},"1":{"name":"is_point","decl":{"start":{"line":35,"column":9},"end":{"line":35,"column":17}},"loc":{"start":{"line":35,"column":24},"end":{"line":37,"column":1}},"line":35},"2":{"name":"is_point_set","decl":{"start":{"line":44,"column":9},"end":{"line":44,"column":21}},"loc":{"start":{"line":44,"column":29},"end":{"line":46,"column":1}},"line":44},"3":{"name":"(anonymous_3)","decl":{"start":{"line":45,"column":45},"end":{"line":45,"column":46}},"loc":{"start":{"line":45,"column":52},"end":{"line":45,"column":67}},"line":45},"4":{"name":"(anonymous_4)","decl":{"start":{"line":168,"column":4},"end":{"line":168,"column":5}},"loc":{"start":{"line":168,"column":52},"end":{"line":177,"column":5}},"line":168},"5":{"name":"(anonymous_5)","decl":{"start":{"line":183,"column":4},"end":{"line":183,"column":5}},"loc":{"start":{"line":183,"column":16},"end":{"line":185,"column":5}},"line":183},"6":{"name":"(anonymous_6)","decl":{"start":{"line":191,"column":4},"end":{"line":191,"column":5}},"loc":{"start":{"line":191,"column":14},"end":{"line":193,"column":5}},"line":191},"7":{"name":"(anonymous_7)","decl":{"start":{"line":199,"column":4},"end":{"line":199,"column":5}},"loc":{"start":{"line":199,"column":17},"end":{"line":201,"column":5}},"line":199},"8":{"name":"(anonymous_8)","decl":{"start":{"line":207,"column":4},"end":{"line":207,"column":5}},"loc":{"start":{"line":207,"column":16},"end":{"line":209,"column":5}},"line":207},"9":{"name":"(anonymous_9)","decl":{"start":{"line":215,"column":4},"end":{"line":215,"column":5}},"loc":{"start":{"line":215,"column":14},"end":{"line":217,"column":5}},"line":215},"10":{"name":"(anonymous_10)","decl":{"start":{"line":223,"column":4},"end":{"line":223,"column":5}},"loc":{"start":{"line":223,"column":17},"end":{"line":225,"column":5}},"line":223},"11":{"name":"(anonymous_11)","decl":{"start":{"line":231,"column":4},"end":{"line":231,"column":5}},"loc":{"start":{"line":231,"column":15},"end":{"line":233,"column":5}},"line":231},"12":{"name":"(anonymous_12)","decl":{"start":{"line":239,"column":4},"end":{"line":239,"column":5}},"loc":{"start":{"line":239,"column":16},"end":{"line":241,"column":5}},"line":239},"13":{"name":"(anonymous_13)","decl":{"start":{"line":247,"column":4},"end":{"line":247,"column":5}},"loc":{"start":{"line":247,"column":20},"end":{"line":249,"column":5}},"line":247},"14":{"name":"(anonymous_14)","decl":{"start":{"line":255,"column":4},"end":{"line":255,"column":5}},"loc":{"start":{"line":255,"column":20},"end":{"line":257,"column":5}},"line":255},"15":{"name":"(anonymous_15)","decl":{"start":{"line":263,"column":4},"end":{"line":263,"column":5}},"loc":{"start":{"line":263,"column":25},"end":{"line":265,"column":5}},"line":263},"16":{"name":"(anonymous_16)","decl":{"start":{"line":271,"column":4},"end":{"line":271,"column":5}},"loc":{"start":{"line":271,"column":25},"end":{"line":273,"column":5}},"line":271},"17":{"name":"(anonymous_17)","decl":{"start":{"line":279,"column":4},"end":{"line":279,"column":5}},"loc":{"start":{"line":279,"column":22},"end":{"line":281,"column":5}},"line":279},"18":{"name":"(anonymous_18)","decl":{"start":{"line":287,"column":4},"end":{"line":287,"column":5}},"loc":{"start":{"line":287,"column":22},"end":{"line":289,"column":5}},"line":287},"19":{"name":"(anonymous_19)","decl":{"start":{"line":295,"column":4},"end":{"line":295,"column":5}},"loc":{"start":{"line":295,"column":24},"end":{"line":297,"column":5}},"line":295},"20":{"name":"(anonymous_20)","decl":{"start":{"line":303,"column":4},"end":{"line":303,"column":5}},"loc":{"start":{"line":303,"column":24},"end":{"line":305,"column":5}},"line":303},"21":{"name":"point_set_diagram","decl":{"start":{"line":320,"column":16},"end":{"line":320,"column":33}},"loc":{"start":{"line":324,"column":3},"end":{"line":353,"column":1}},"line":324},"22":{"name":"draw_horizontal_axes","decl":{"start":{"line":360,"column":9},"end":{"line":360,"column":29}},"loc":{"start":{"line":360,"column":55},"end":{"line":390,"column":1}},"line":360},"23":{"name":"draw_vertical_axes","decl":{"start":{"line":397,"column":9},"end":{"line":397,"column":27}},"loc":{"start":{"line":397,"column":54},"end":{"line":424,"column":1}},"line":397},"24":{"name":"draw_points","decl":{"start":{"line":431,"column":9},"end":{"line":431,"column":20}},"loc":{"start":{"line":431,"column":47},"end":{"line":441,"column":1}},"line":431},"25":{"name":"(anonymous_25)","decl":{"start":{"line":432,"column":19},"end":{"line":432,"column":20}},"loc":{"start":{"line":432,"column":28},"end":{"line":439,"column":5}},"line":432},"26":{"name":"get_canvas_coordinates","decl":{"start":{"line":449,"column":9},"end":{"line":449,"column":31}},"loc":{"start":{"line":449,"column":61},"end":{"line":455,"column":1}},"line":449}},"branchMap":{"0":{"loc":{"start":{"line":15,"column":8},"end":{"line":15,"column":85}},"type":"if","locations":[{"start":{"line":15,"column":8},"end":{"line":15,"column":85}},{"start":{},"end":{}}],"line":15},"1":{"loc":{"start":{"line":15,"column":11},"end":{"line":15,"column":39}},"type":"binary-expr","locations":[{"start":{"line":15,"column":11},"end":{"line":15,"column":24}},{"start":{"line":15,"column":26},"end":{"line":15,"column":39}}],"line":15},"2":{"loc":{"start":{"line":16,"column":8},"end":{"line":24,"column":9}},"type":"if","locations":[{"start":{"line":16,"column":8},"end":{"line":24,"column":9}},{"start":{"line":21,"column":12},"end":{"line":24,"column":9}}],"line":16},"3":{"loc":{"start":{"line":16,"column":11},"end":{"line":16,"column":51}},"type":"binary-expr","locations":[{"start":{"line":16,"column":11},"end":{"line":16,"column":30}},{"start":{"line":16,"column":32},"end":{"line":16,"column":51}}],"line":16},"4":{"loc":{"start":{"line":36,"column":11},"end":{"line":36,"column":62}},"type":"binary-expr","locations":[{"start":{"line":36,"column":11},"end":{"line":36,"column":36}},{"start":{"line":36,"column":40},"end":{"line":36,"column":62}}],"line":36},"5":{"loc":{"start":{"line":45,"column":11},"end":{"line":45,"column":68}},"type":"binary-expr","locations":[{"start":{"line":45,"column":11},"end":{"line":45,"column":25}},{"start":{"line":45,"column":27},"end":{"line":45,"column":68}}],"line":45},"6":{"loc":{"start":{"line":320,"column":41},"end":{"line":324,"column":2}},"type":"default-arg","locations":[{"start":{"line":320,"column":49},"end":{"line":324,"column":2}}],"line":320},"7":{"loc":{"start":{"line":325,"column":4},"end":{"line":325,"column":68}},"type":"if","locations":[{"start":{"line":325,"column":4},"end":{"line":325,"column":68}},{"start":{},"end":{}}],"line":325},"8":{"loc":{"start":{"line":368,"column":8},"end":{"line":368,"column":80}},"type":"if","locations":[{"start":{"line":368,"column":8},"end":{"line":368,"column":80}},{"start":{},"end":{}}],"line":368},"9":{"loc":{"start":{"line":370,"column":8},"end":{"line":382,"column":9}},"type":"if","locations":[{"start":{"line":370,"column":8},"end":{"line":382,"column":9}},{"start":{"line":376,"column":13},"end":{"line":382,"column":9}}],"line":370},"10":{"loc":{"start":{"line":370,"column":11},"end":{"line":370,"column":136}},"type":"binary-expr","locations":[{"start":{"line":370,"column":11},"end":{"line":370,"column":58}},{"start":{"line":370,"column":60},"end":{"line":370,"column":136}}],"line":370},"11":{"loc":{"start":{"line":376,"column":13},"end":{"line":382,"column":9}},"type":"if","locations":[{"start":{"line":376,"column":13},"end":{"line":382,"column":9}},{"start":{},"end":{}}],"line":376},"12":{"loc":{"start":{"line":376,"column":16},"end":{"line":376,"column":139}},"type":"binary-expr","locations":[{"start":{"line":376,"column":16},"end":{"line":376,"column":61}},{"start":{"line":376,"column":63},"end":{"line":376,"column":139}}],"line":376},"13":{"loc":{"start":{"line":405,"column":8},"end":{"line":405,"column":80}},"type":"if","locations":[{"start":{"line":405,"column":8},"end":{"line":405,"column":80}},{"start":{},"end":{}}],"line":405},"14":{"loc":{"start":{"line":407,"column":8},"end":{"line":418,"column":9}},"type":"if","locations":[{"start":{"line":407,"column":8},"end":{"line":418,"column":9}},{"start":{"line":413,"column":13},"end":{"line":418,"column":9}}],"line":407},"15":{"loc":{"start":{"line":407,"column":11},"end":{"line":407,"column":136}},"type":"binary-expr","locations":[{"start":{"line":407,"column":11},"end":{"line":407,"column":58}},{"start":{"line":407,"column":60},"end":{"line":407,"column":136}}],"line":407},"16":{"loc":{"start":{"line":413,"column":13},"end":{"line":418,"column":9}},"type":"if","locations":[{"start":{"line":413,"column":13},"end":{"line":418,"column":9}},{"start":{},"end":{}}],"line":413},"17":{"loc":{"start":{"line":413,"column":16},"end":{"line":413,"column":139}},"type":"binary-expr","locations":[{"start":{"line":413,"column":16},"end":{"line":413,"column":61}},{"start":{"line":413,"column":63},"end":{"line":413,"column":139}}],"line":413}},"s":{"0":20,"1":0,"2":20,"3":8,"4":8,"5":12,"6":12,"7":0,"8":0,"9":0,"10":0,"11":0,"12":0,"13":0,"14":0,"15":0,"16":0,"17":0,"18":0,"19":0,"20":0,"21":0,"22":0,"23":0,"24":0,"25":0,"26":0,"27":0,"28":0,"29":0,"30":0,"31":0,"32":0,"33":0,"34":0,"35":0,"36":0,"37":0,"38":0,"39":0,"40":0,"41":0,"42":0,"43":0,"44":0,"45":0,"46":0,"47":0,"48":0,"49":0,"50":0,"51":0,"52":0,"53":0,"54":0,"55":0,"56":0,"57":0,"58":0,"59":0,"60":0,"61":0,"62":0,"63":0,"64":0,"65":0,"66":0,"67":0,"68":0,"69":0,"70":0,"71":0,"72":0,"73":0,"74":0,"75":0,"76":0,"77":0,"78":0,"79":0,"80":0,"81":0,"82":0,"83":0,"84":0,"85":0,"86":0,"87":0,"88":0,"89":0,"90":0,"91":0,"92":0,"93":0},"f":{"0":20,"1":0,"2":0,"3":0,"4":0,"5":0,"6":0,"7":0,"8":0,"9":0,"10":0,"11":0,"12":0,"13":0,"14":0,"15":0,"16":0,"17":0,"18":0,"19":0,"20":0,"21":0,"22":0,"23":0,"24":0,"25":0,"26":0},"b":{"0":[0,20],"1":[20,20],"2":[8,12],"3":[20,12],"4":[0,0],"5":[0,0],"6":[0],"7":[0,0],"8":[0,0],"9":[0,0],"10":[0,0],"11":[0,0],"12":[0,0],"13":[0,0],"14":[0,0],"15":[0,0],"16":[0,0],"17":[0,0]},"_coverageSchema":"1a1c01bbd47fc00a2c39e90264f33305004495a9","hash":"f44e34b26207d61a15c248555643334c79fdc5a1"}
,"D:\\SzE\\parser-TDK\\Parser\\javascript-parser-for-set-theory\\src\\token.js": {"path":"D:\\SzE\\parser-TDK\\Parser\\javascript-parser-for-set-theory\\src\\token.js","statementMap":{"0":{"start":{"line":6,"column":19},"end":{"line":27,"column":1}}},"fnMap":{},"branchMap":{},"s":{"0":1},"f":{},"b":{},"_coverageSchema":"1a1c01bbd47fc00a2c39e90264f33305004495a9","hash":"96ee5ca38ec22f97a9c7894fad62ced0d2252c53"}
}
