{"D:\\SzE\\parser-TDK\\Parser\\javascript-parser-for-set-theory\\src\\builtin.js": {"path":"D:\\SzE\\parser-TDK\\Parser\\javascript-parser-for-set-theory\\src\\builtin.js","statementMap":{"0":{"start":{"line":6,"column":21},"end":{"line":6,"column":62}}},"fnMap":{},"branchMap":{},"s":{"0":1},"f":{},"b":{},"_coverageSchema":"1a1c01bbd47fc00a2c39e90264f33305004495a9","hash":"289db448562b6ec0b01536af92fca3fc571491ea"}
,"D:\\SzE\\parser-TDK\\Parser\\javascript-parser-for-set-theory\\src\\lexer.js": {"path":"D:\\SzE\\parser-TDK\\Parser\\javascript-parser-for-set-theory\\src\\lexer.js","statementMap":{"0":{"start":{"line":19,"column":8},"end":{"line":19,"column":30}},"1":{"start":{"line":20,"column":8},"end":{"line":24,"column":9}},"2":{"start":{"line":21,"column":12},"end":{"line":23,"column":13}},"3":{"start":{"line":22,"column":16},"end":{"line":22,"column":35}},"4":{"start":{"line":31,"column":21},"end":{"line":31,"column":23}},"5":{"start":{"line":32,"column":22},"end":{"line":32,"column":46}},"6":{"start":{"line":33,"column":21},"end":{"line":33,"column":49}},"7":{"start":{"line":34,"column":25},"end":{"line":34,"column":52}},"8":{"start":{"line":35,"column":31},"end":{"line":35,"column":64}},"9":{"start":{"line":36,"column":34},"end":{"line":36,"column":70}},"10":{"start":{"line":38,"column":8},"end":{"line":169,"column":9}},"11":{"start":{"line":38,"column":21},"end":{"line":38,"column":22}},"12":{"start":{"line":39,"column":18},"end":{"line":39,"column":32}},"13":{"start":{"line":40,"column":12},"end":{"line":168,"column":13}},"14":{"start":{"line":41,"column":24},"end":{"line":41,"column":25}},"15":{"start":{"line":42,"column":16},"end":{"line":44,"column":17}},"16":{"start":{"line":43,"column":20},"end":{"line":43,"column":41}},"17":{"start":{"line":45,"column":16},"end":{"line":45,"column":108}},"18":{"start":{"line":46,"column":16},"end":{"line":46,"column":19}},"19":{"start":{"line":48,"column":17},"end":{"line":168,"column":13}},"20":{"start":{"line":49,"column":22},"end":{"line":49,"column":23}},"21":{"start":{"line":50,"column":15},"end":{"line":52,"column":17}},"22":{"start":{"line":51,"column":20},"end":{"line":51,"column":40}},"23":{"start":{"line":53,"column":16},"end":{"line":53,"column":34}},"24":{"start":{"line":54,"column":16},"end":{"line":55,"column":92}},"25":{"start":{"line":54,"column":41},"end":{"line":54,"column":80}},"26":{"start":{"line":55,"column":21},"end":{"line":55,"column":92}},"27":{"start":{"line":56,"column":16},"end":{"line":56,"column":19}},"28":{"start":{"line":58,"column":17},"end":{"line":168,"column":13}},"29":{"start":{"line":59,"column":16},"end":{"line":59,"column":100}},"30":{"start":{"line":60,"column":16},"end":{"line":60,"column":20}},"31":{"start":{"line":62,"column":17},"end":{"line":168,"column":13}},"32":{"start":{"line":63,"column":16},"end":{"line":63,"column":112}},"33":{"start":{"line":64,"column":16},"end":{"line":64,"column":20}},"34":{"start":{"line":66,"column":17},"end":{"line":168,"column":13}},"35":{"start":{"line":67,"column":16},"end":{"line":67,"column":118}},"36":{"start":{"line":68,"column":16},"end":{"line":68,"column":20}},"37":{"start":{"line":70,"column":17},"end":{"line":168,"column":13}},"38":{"start":{"line":71,"column":16},"end":{"line":71,"column":25}},"39":{"start":{"line":74,"column":15},"end":{"line":167,"column":17}},"40":{"start":{"line":76,"column":24},"end":{"line":76,"column":98}},"41":{"start":{"line":77,"column":24},"end":{"line":77,"column":30}},"42":{"start":{"line":79,"column":24},"end":{"line":79,"column":100}},"43":{"start":{"line":80,"column":24},"end":{"line":80,"column":30}},"44":{"start":{"line":82,"column":24},"end":{"line":82,"column":106}},"45":{"start":{"line":83,"column":24},"end":{"line":83,"column":30}},"46":{"start":{"line":85,"column":24},"end":{"line":85,"column":102}},"47":{"start":{"line":86,"column":24},"end":{"line":86,"column":30}},"48":{"start":{"line":88,"column":24},"end":{"line":88,"column":96}},"49":{"start":{"line":89,"column":24},"end":{"line":89,"column":30}},"50":{"start":{"line":91,"column":24},"end":{"line":91,"column":110}},"51":{"start":{"line":92,"column":24},"end":{"line":92,"column":30}},"52":{"start":{"line":94,"column":24},"end":{"line":94,"column":108}},"53":{"start":{"line":95,"column":24},"end":{"line":95,"column":30}},"54":{"start":{"line":97,"column":24},"end":{"line":97,"column":114}},"55":{"start":{"line":98,"column":24},"end":{"line":98,"column":30}},"56":{"start":{"line":100,"column":24},"end":{"line":100,"column":100}},"57":{"start":{"line":101,"column":24},"end":{"line":101,"column":30}},"58":{"start":{"line":103,"column":24},"end":{"line":103,"column":106}},"59":{"start":{"line":104,"column":24},"end":{"line":104,"column":30}},"60":{"start":{"line":106,"column":24},"end":{"line":106,"column":114}},"61":{"start":{"line":107,"column":24},"end":{"line":107,"column":30}},"62":{"start":{"line":109,"column":24},"end":{"line":109,"column":100}},"63":{"start":{"line":110,"column":24},"end":{"line":110,"column":30}},"64":{"start":{"line":112,"column":24},"end":{"line":112,"column":114}},"65":{"start":{"line":113,"column":24},"end":{"line":113,"column":30}},"66":{"start":{"line":115,"column":24},"end":{"line":115,"column":106}},"67":{"start":{"line":116,"column":24},"end":{"line":116,"column":30}},"68":{"start":{"line":118,"column":24},"end":{"line":118,"column":100}},"69":{"start":{"line":119,"column":24},"end":{"line":119,"column":30}},"70":{"start":{"line":121,"column":24},"end":{"line":121,"column":104}},"71":{"start":{"line":122,"column":24},"end":{"line":122,"column":30}},"72":{"start":{"line":124,"column":24},"end":{"line":124,"column":116}},"73":{"start":{"line":125,"column":24},"end":{"line":125,"column":30}},"74":{"start":{"line":127,"column":24},"end":{"line":127,"column":98}},"75":{"start":{"line":128,"column":24},"end":{"line":128,"column":30}},"76":{"start":{"line":130,"column":24},"end":{"line":130,"column":96}},"77":{"start":{"line":131,"column":24},"end":{"line":131,"column":30}},"78":{"start":{"line":133,"column":24},"end":{"line":133,"column":114}},"79":{"start":{"line":134,"column":24},"end":{"line":134,"column":30}},"80":{"start":{"line":136,"column":24},"end":{"line":136,"column":118}},"81":{"start":{"line":137,"column":24},"end":{"line":137,"column":30}},"82":{"start":{"line":139,"column":25},"end":{"line":139,"column":121}},"83":{"start":{"line":140,"column":25},"end":{"line":140,"column":31}},"84":{"start":{"line":142,"column":24},"end":{"line":142,"column":120}},"85":{"start":{"line":143,"column":24},"end":{"line":143,"column":30}},"86":{"start":{"line":145,"column":24},"end":{"line":145,"column":122}},"87":{"start":{"line":146,"column":24},"end":{"line":146,"column":30}},"88":{"start":{"line":148,"column":24},"end":{"line":148,"column":124}},"89":{"start":{"line":149,"column":24},"end":{"line":149,"column":30}},"90":{"start":{"line":151,"column":24},"end":{"line":151,"column":126}},"91":{"start":{"line":152,"column":24},"end":{"line":152,"column":30}},"92":{"start":{"line":154,"column":24},"end":{"line":154,"column":106}},"93":{"start":{"line":155,"column":24},"end":{"line":155,"column":30}},"94":{"start":{"line":157,"column":24},"end":{"line":157,"column":112}},"95":{"start":{"line":158,"column":24},"end":{"line":158,"column":30}},"96":{"start":{"line":160,"column":24},"end":{"line":160,"column":96}},"97":{"start":{"line":161,"column":24},"end":{"line":161,"column":30}},"98":{"start":{"line":165,"column":24},"end":{"line":165,"column":88}},"99":{"start":{"line":166,"column":24},"end":{"line":166,"column":38}},"100":{"start":{"line":170,"column":8},"end":{"line":170,"column":21}},"101":{"start":{"line":174,"column":8},"end":{"line":174,"column":84}},"102":{"start":{"line":174,"column":47},"end":{"line":174,"column":68}}},"fnMap":{"0":{"name":"(anonymous_0)","decl":{"start":{"line":18,"column":4},"end":{"line":18,"column":5}},"loc":{"start":{"line":18,"column":37},"end":{"line":25,"column":5}},"line":18},"1":{"name":"(anonymous_1)","decl":{"start":{"line":21,"column":26},"end":{"line":21,"column":27}},"loc":{"start":{"line":21,"column":30},"end":{"line":23,"column":13}},"line":21},"2":{"name":"(anonymous_2)","decl":{"start":{"line":30,"column":4},"end":{"line":30,"column":5}},"loc":{"start":{"line":30,"column":14},"end":{"line":171,"column":5}},"line":30},"3":{"name":"(anonymous_3)","decl":{"start":{"line":174,"column":40},"end":{"line":174,"column":41}},"loc":{"start":{"line":174,"column":47},"end":{"line":174,"column":68}},"line":174}},"branchMap":{"0":{"loc":{"start":{"line":18,"column":16},"end":{"line":18,"column":24}},"type":"default-arg","locations":[{"start":{"line":18,"column":22},"end":{"line":18,"column":24}}],"line":18},"1":{"loc":{"start":{"line":18,"column":26},"end":{"line":18,"column":36}},"type":"default-arg","locations":[{"start":{"line":18,"column":31},"end":{"line":18,"column":36}}],"line":18},"2":{"loc":{"start":{"line":20,"column":8},"end":{"line":24,"column":9}},"type":"if","locations":[{"start":{"line":20,"column":8},"end":{"line":24,"column":9}},{"start":{},"end":{}}],"line":20},"3":{"loc":{"start":{"line":40,"column":12},"end":{"line":168,"column":13}},"type":"if","locations":[{"start":{"line":40,"column":12},"end":{"line":168,"column":13}},{"start":{"line":48,"column":17},"end":{"line":168,"column":13}}],"line":40},"4":{"loc":{"start":{"line":48,"column":17},"end":{"line":168,"column":13}},"type":"if","locations":[{"start":{"line":48,"column":17},"end":{"line":168,"column":13}},{"start":{"line":58,"column":17},"end":{"line":168,"column":13}}],"line":48},"5":{"loc":{"start":{"line":54,"column":16},"end":{"line":55,"column":92}},"type":"if","locations":[{"start":{"line":54,"column":16},"end":{"line":55,"column":92}},{"start":{"line":55,"column":21},"end":{"line":55,"column":92}}],"line":54},"6":{"loc":{"start":{"line":58,"column":17},"end":{"line":168,"column":13}},"type":"if","locations":[{"start":{"line":58,"column":17},"end":{"line":168,"column":13}},{"start":{"line":62,"column":17},"end":{"line":168,"column":13}}],"line":58},"7":{"loc":{"start":{"line":62,"column":17},"end":{"line":168,"column":13}},"type":"if","locations":[{"start":{"line":62,"column":17},"end":{"line":168,"column":13}},{"start":{"line":66,"column":17},"end":{"line":168,"column":13}}],"line":62},"8":{"loc":{"start":{"line":66,"column":17},"end":{"line":168,"column":13}},"type":"if","locations":[{"start":{"line":66,"column":17},"end":{"line":168,"column":13}},{"start":{"line":70,"column":17},"end":{"line":168,"column":13}}],"line":66},"9":{"loc":{"start":{"line":70,"column":17},"end":{"line":168,"column":13}},"type":"if","locations":[{"start":{"line":70,"column":17},"end":{"line":168,"column":13}},{"start":{"line":73,"column":16},"end":{"line":168,"column":13}}],"line":70},"10":{"loc":{"start":{"line":70,"column":20},"end":{"line":70,"column":37}},"type":"binary-expr","locations":[{"start":{"line":70,"column":20},"end":{"line":70,"column":27}},{"start":{"line":70,"column":29},"end":{"line":70,"column":37}}],"line":70},"11":{"loc":{"start":{"line":74,"column":15},"end":{"line":167,"column":17}},"type":"switch","locations":[{"start":{"line":75,"column":20},"end":{"line":77,"column":30}},{"start":{"line":78,"column":20},"end":{"line":80,"column":30}},{"start":{"line":81,"column":20},"end":{"line":83,"column":30}},{"start":{"line":84,"column":20},"end":{"line":86,"column":30}},{"start":{"line":87,"column":20},"end":{"line":89,"column":30}},{"start":{"line":90,"column":20},"end":{"line":92,"column":30}},{"start":{"line":93,"column":20},"end":{"line":95,"column":30}},{"start":{"line":96,"column":20},"end":{"line":98,"column":30}},{"start":{"line":99,"column":20},"end":{"line":101,"column":30}},{"start":{"line":102,"column":20},"end":{"line":104,"column":30}},{"start":{"line":105,"column":20},"end":{"line":107,"column":30}},{"start":{"line":108,"column":20},"end":{"line":110,"column":30}},{"start":{"line":111,"column":20},"end":{"line":113,"column":30}},{"start":{"line":114,"column":20},"end":{"line":116,"column":30}},{"start":{"line":117,"column":20},"end":{"line":119,"column":30}},{"start":{"line":120,"column":20},"end":{"line":122,"column":30}},{"start":{"line":123,"column":20},"end":{"line":125,"column":30}},{"start":{"line":126,"column":20},"end":{"line":128,"column":30}},{"start":{"line":129,"column":20},"end":{"line":131,"column":30}},{"start":{"line":132,"column":20},"end":{"line":134,"column":30}},{"start":{"line":135,"column":20},"end":{"line":137,"column":30}},{"start":{"line":138,"column":20},"end":{"line":140,"column":31}},{"start":{"line":141,"column":20},"end":{"line":143,"column":30}},{"start":{"line":144,"column":20},"end":{"line":146,"column":30}},{"start":{"line":147,"column":20},"end":{"line":149,"column":30}},{"start":{"line":150,"column":20},"end":{"line":152,"column":30}},{"start":{"line":153,"column":20},"end":{"line":155,"column":30}},{"start":{"line":156,"column":20},"end":{"line":158,"column":30}},{"start":{"line":159,"column":20},"end":{"line":161,"column":30}},{"start":{"line":164,"column":20},"end":{"line":166,"column":38}}],"line":74}},"s":{"0":46,"1":46,"2":2,"3":2,"4":44,"5":44,"6":44,"7":44,"8":44,"9":44,"10":44,"11":44,"12":451,"13":451,"14":34,"15":34,"16":39,"17":34,"18":34,"19":417,"20":134,"21":134,"22":172,"23":134,"24":134,"25":5,"26":129,"27":134,"28":283,"29":10,"30":10,"31":273,"32":3,"33":3,"34":270,"35":2,"36":2,"37":268,"38":14,"39":254,"40":8,"41":8,"42":14,"43":14,"44":1,"45":1,"46":1,"47":1,"48":2,"49":2,"50":10,"51":10,"52":2,"53":2,"54":2,"55":2,"56":7,"57":7,"58":2,"59":2,"60":3,"61":3,"62":14,"63":14,"64":21,"65":21,"66":3,"67":3,"68":13,"69":13,"70":6,"71":6,"72":1,"73":1,"74":8,"75":8,"76":1,"77":1,"78":38,"79":38,"80":9,"81":9,"82":9,"83":9,"84":10,"85":10,"86":10,"87":10,"88":6,"89":6,"90":6,"91":6,"92":1,"93":1,"94":2,"95":2,"96":43,"97":43,"98":1,"99":1,"100":43,"101":431,"102":10294},"f":{"0":46,"1":2,"2":44,"3":10294},"b":{"0":[0],"1":[44],"2":[2,44],"3":[34,417],"4":[134,283],"5":[5,129],"6":[10,273],"7":[3,270],"8":[2,268],"9":[14,254],"10":[268,254],"11":[8,14,1,1,2,10,2,2,7,2,3,14,21,3,13,6,1,8,1,38,9,9,10,10,6,6,1,2,43,1]},"_coverageSchema":"1a1c01bbd47fc00a2c39e90264f33305004495a9","hash":"73695ac3f2e1d8667809482a8a9b141792be736b"}
,"D:\\SzE\\parser-TDK\\Parser\\javascript-parser-for-set-theory\\src\\lib.js": {"path":"D:\\SzE\\parser-TDK\\Parser\\javascript-parser-for-set-theory\\src\\lib.js","statementMap":{"0":{"start":{"line":10,"column":4},"end":{"line":10,"column":36}},"1":{"start":{"line":19,"column":4},"end":{"line":19,"column":39}},"2":{"start":{"line":28,"column":4},"end":{"line":28,"column":42}},"3":{"start":{"line":37,"column":17},"end":{"line":37,"column":50}},"4":{"start":{"line":38,"column":4},"end":{"line":38,"column":48}},"5":{"start":{"line":47,"column":4},"end":{"line":47,"column":56}},"6":{"start":{"line":55,"column":4},"end":{"line":55,"column":69}},"7":{"start":{"line":64,"column":4},"end":{"line":64,"column":76}},"8":{"start":{"line":64,"column":32},"end":{"line":64,"column":76}},"9":{"start":{"line":65,"column":19},"end":{"line":65,"column":28}},"10":{"start":{"line":66,"column":4},"end":{"line":68,"column":6}},"11":{"start":{"line":67,"column":8},"end":{"line":67,"column":36}},"12":{"start":{"line":69,"column":4},"end":{"line":69,"column":18}},"13":{"start":{"line":80,"column":4},"end":{"line":80,"column":134}},"14":{"start":{"line":80,"column":83},"end":{"line":80,"column":134}},"15":{"start":{"line":81,"column":19},"end":{"line":81,"column":28}},"16":{"start":{"line":82,"column":4},"end":{"line":84,"column":5}},"17":{"start":{"line":82,"column":17},"end":{"line":82,"column":22}},"18":{"start":{"line":83,"column":8},"end":{"line":83,"column":31}},"19":{"start":{"line":85,"column":4},"end":{"line":85,"column":18}},"20":{"start":{"line":95,"column":4},"end":{"line":95,"column":51}},"21":{"start":{"line":95,"column":22},"end":{"line":95,"column":51}},"22":{"start":{"line":96,"column":4},"end":{"line":96,"column":26}},"23":{"start":{"line":107,"column":4},"end":{"line":107,"column":82}},"24":{"start":{"line":107,"column":48},"end":{"line":107,"column":82}},"25":{"start":{"line":108,"column":4},"end":{"line":108,"column":24}},"26":{"start":{"line":119,"column":4},"end":{"line":119,"column":86}},"27":{"start":{"line":119,"column":48},"end":{"line":119,"column":86}},"28":{"start":{"line":120,"column":4},"end":{"line":120,"column":36}},"29":{"start":{"line":131,"column":4},"end":{"line":131,"column":70}},"30":{"start":{"line":131,"column":40},"end":{"line":131,"column":70}},"31":{"start":{"line":132,"column":4},"end":{"line":132,"column":79}},"32":{"start":{"line":143,"column":4},"end":{"line":143,"column":73}},"33":{"start":{"line":143,"column":40},"end":{"line":143,"column":73}},"34":{"start":{"line":144,"column":4},"end":{"line":148,"column":5}},"35":{"start":{"line":145,"column":8},"end":{"line":147,"column":9}},"36":{"start":{"line":146,"column":12},"end":{"line":146,"column":24}},"37":{"start":{"line":149,"column":4},"end":{"line":149,"column":15}},"38":{"start":{"line":160,"column":4},"end":{"line":160,"column":78}},"39":{"start":{"line":160,"column":40},"end":{"line":160,"column":78}},"40":{"start":{"line":161,"column":4},"end":{"line":161,"column":62}},"41":{"start":{"line":172,"column":4},"end":{"line":172,"column":75}},"42":{"start":{"line":172,"column":44},"end":{"line":172,"column":75}},"43":{"start":{"line":173,"column":4},"end":{"line":173,"column":38}},"44":{"start":{"line":184,"column":4},"end":{"line":186,"column":5}},"45":{"start":{"line":185,"column":8},"end":{"line":185,"column":52}},"46":{"start":{"line":185,"column":26},"end":{"line":185,"column":52}},"47":{"start":{"line":187,"column":19},"end":{"line":187,"column":28}},"48":{"start":{"line":188,"column":4},"end":{"line":192,"column":5}},"49":{"start":{"line":189,"column":8},"end":{"line":191,"column":9}},"50":{"start":{"line":190,"column":12},"end":{"line":190,"column":32}},"51":{"start":{"line":193,"column":4},"end":{"line":193,"column":18}},"52":{"start":{"line":203,"column":4},"end":{"line":205,"column":5}},"53":{"start":{"line":204,"column":8},"end":{"line":204,"column":60}},"54":{"start":{"line":204,"column":26},"end":{"line":204,"column":60}},"55":{"start":{"line":206,"column":4},"end":{"line":208,"column":7}},"56":{"start":{"line":207,"column":8},"end":{"line":207,"column":84}},"57":{"start":{"line":207,"column":58},"end":{"line":207,"column":81}},"58":{"start":{"line":219,"column":4},"end":{"line":219,"column":71}},"59":{"start":{"line":219,"column":40},"end":{"line":219,"column":71}},"60":{"start":{"line":220,"column":19},"end":{"line":220,"column":28}},"61":{"start":{"line":221,"column":4},"end":{"line":225,"column":5}},"62":{"start":{"line":222,"column":8},"end":{"line":224,"column":9}},"63":{"start":{"line":223,"column":12},"end":{"line":223,"column":32}},"64":{"start":{"line":226,"column":4},"end":{"line":226,"column":17}},"65":{"start":{"line":236,"column":4},"end":{"line":236,"column":54}},"66":{"start":{"line":236,"column":22},"end":{"line":236,"column":54}},"67":{"start":{"line":237,"column":4},"end":{"line":237,"column":19}},"68":{"start":{"line":248,"column":4},"end":{"line":248,"column":80}},"69":{"start":{"line":248,"column":48},"end":{"line":248,"column":80}},"70":{"start":{"line":249,"column":18},"end":{"line":249,"column":26}},"71":{"start":{"line":250,"column":4},"end":{"line":250,"column":65}},"72":{"start":{"line":261,"column":4},"end":{"line":261,"column":80}},"73":{"start":{"line":261,"column":48},"end":{"line":261,"column":80}},"74":{"start":{"line":262,"column":4},"end":{"line":262,"column":56}}},"fnMap":{"0":{"name":"is_number","decl":{"start":{"line":9,"column":16},"end":{"line":9,"column":25}},"loc":{"start":{"line":9,"column":32},"end":{"line":11,"column":1}},"line":9},"1":{"name":"is_string","decl":{"start":{"line":18,"column":16},"end":{"line":18,"column":25}},"loc":{"start":{"line":18,"column":35},"end":{"line":20,"column":1}},"line":18},"2":{"name":"is_function","decl":{"start":{"line":27,"column":16},"end":{"line":27,"column":27}},"loc":{"start":{"line":27,"column":39},"end":{"line":29,"column":1}},"line":27},"3":{"name":"is_whole_number","decl":{"start":{"line":36,"column":16},"end":{"line":36,"column":31}},"loc":{"start":{"line":36,"column":38},"end":{"line":39,"column":1}},"line":36},"4":{"name":"is_set","decl":{"start":{"line":46,"column":16},"end":{"line":46,"column":22}},"loc":{"start":{"line":46,"column":28},"end":{"line":48,"column":1}},"line":46},"5":{"name":"illegal_arguments","decl":{"start":{"line":54,"column":16},"end":{"line":54,"column":33}},"loc":{"start":{"line":54,"column":45},"end":{"line":56,"column":1}},"line":54},"6":{"name":"create_set_from_literal","decl":{"start":{"line":63,"column":16},"end":{"line":63,"column":39}},"loc":{"start":{"line":63,"column":52},"end":{"line":70,"column":1}},"line":63},"7":{"name":"(anonymous_7)","decl":{"start":{"line":66,"column":47},"end":{"line":66,"column":48}},"loc":{"start":{"line":66,"column":55},"end":{"line":68,"column":5}},"line":66},"8":{"name":"create_set_from_formula","decl":{"start":{"line":79,"column":16},"end":{"line":79,"column":39}},"loc":{"start":{"line":79,"column":61},"end":{"line":86,"column":1}},"line":79},"9":{"name":"is_empty","decl":{"start":{"line":94,"column":16},"end":{"line":94,"column":24}},"loc":{"start":{"line":94,"column":30},"end":{"line":97,"column":1}},"line":94},"10":{"name":"is_element_of","decl":{"start":{"line":106,"column":16},"end":{"line":106,"column":29}},"loc":{"start":{"line":106,"column":41},"end":{"line":109,"column":1}},"line":106},"11":{"name":"is_not_element_of","decl":{"start":{"line":118,"column":16},"end":{"line":118,"column":33}},"loc":{"start":{"line":118,"column":45},"end":{"line":121,"column":1}},"line":118},"12":{"name":"are_equal","decl":{"start":{"line":130,"column":16},"end":{"line":130,"column":25}},"loc":{"start":{"line":130,"column":38},"end":{"line":133,"column":1}},"line":130},"13":{"name":"is_subset_of","decl":{"start":{"line":142,"column":16},"end":{"line":142,"column":28}},"loc":{"start":{"line":142,"column":41},"end":{"line":150,"column":1}},"line":142},"14":{"name":"is_real_subset_of","decl":{"start":{"line":159,"column":16},"end":{"line":159,"column":33}},"loc":{"start":{"line":159,"column":46},"end":{"line":162,"column":1}},"line":159},"15":{"name":"complement","decl":{"start":{"line":171,"column":16},"end":{"line":171,"column":26}},"loc":{"start":{"line":171,"column":43},"end":{"line":174,"column":1}},"line":171},"16":{"name":"union","decl":{"start":{"line":182,"column":16},"end":{"line":182,"column":21}},"loc":{"start":{"line":182,"column":31},"end":{"line":194,"column":1}},"line":182},"17":{"name":"intersection","decl":{"start":{"line":202,"column":16},"end":{"line":202,"column":28}},"loc":{"start":{"line":202,"column":38},"end":{"line":209,"column":1}},"line":202},"18":{"name":"(anonymous_18)","decl":{"start":{"line":206,"column":23},"end":{"line":206,"column":24}},"loc":{"start":{"line":206,"column":52},"end":{"line":208,"column":5}},"line":206},"19":{"name":"(anonymous_19)","decl":{"start":{"line":207,"column":47},"end":{"line":207,"column":48}},"loc":{"start":{"line":207,"column":58},"end":{"line":207,"column":81}},"line":207},"20":{"name":"difference","decl":{"start":{"line":218,"column":16},"end":{"line":218,"column":26}},"loc":{"start":{"line":218,"column":39},"end":{"line":227,"column":1}},"line":218},"21":{"name":"cardinality","decl":{"start":{"line":235,"column":16},"end":{"line":235,"column":27}},"loc":{"start":{"line":235,"column":33},"end":{"line":238,"column":1}},"line":235},"22":{"name":"add_element","decl":{"start":{"line":247,"column":16},"end":{"line":247,"column":27}},"loc":{"start":{"line":247,"column":39},"end":{"line":251,"column":1}},"line":247},"23":{"name":"del_element","decl":{"start":{"line":260,"column":16},"end":{"line":260,"column":27}},"loc":{"start":{"line":260,"column":39},"end":{"line":263,"column":1}},"line":260},"24":{"name":"Venn","decl":{"start":{"line":264,"column":16},"end":{"line":264,"column":20}},"loc":{"start":{"line":264,"column":23},"end":{"line":266,"column":1}},"line":264},"25":{"name":"IEP","decl":{"start":{"line":268,"column":16},"end":{"line":268,"column":19}},"loc":{"start":{"line":268,"column":22},"end":{"line":270,"column":1}},"line":268}},"branchMap":{"0":{"loc":{"start":{"line":38,"column":11},"end":{"line":38,"column":47}},"type":"binary-expr","locations":[{"start":{"line":38,"column":11},"end":{"line":38,"column":26}},{"start":{"line":38,"column":30},"end":{"line":38,"column":47}}],"line":38},"1":{"loc":{"start":{"line":47,"column":11},"end":{"line":47,"column":56}},"type":"binary-expr","locations":[{"start":{"line":47,"column":11},"end":{"line":47,"column":34}},{"start":{"line":47,"column":38},"end":{"line":47,"column":56}}],"line":47},"2":{"loc":{"start":{"line":64,"column":4},"end":{"line":64,"column":76}},"type":"if","locations":[{"start":{"line":64,"column":4},"end":{"line":64,"column":76}},{"start":{},"end":{}}],"line":64},"3":{"loc":{"start":{"line":80,"column":4},"end":{"line":80,"column":134}},"type":"if","locations":[{"start":{"line":80,"column":4},"end":{"line":80,"column":134}},{"start":{},"end":{}}],"line":80},"4":{"loc":{"start":{"line":80,"column":8},"end":{"line":80,"column":81}},"type":"binary-expr","locations":[{"start":{"line":80,"column":8},"end":{"line":80,"column":31}},{"start":{"line":80,"column":35},"end":{"line":80,"column":56}},{"start":{"line":80,"column":60},"end":{"line":80,"column":81}}],"line":80},"5":{"loc":{"start":{"line":95,"column":4},"end":{"line":95,"column":51}},"type":"if","locations":[{"start":{"line":95,"column":4},"end":{"line":95,"column":51}},{"start":{},"end":{}}],"line":95},"6":{"loc":{"start":{"line":107,"column":4},"end":{"line":107,"column":82}},"type":"if","locations":[{"start":{"line":107,"column":4},"end":{"line":107,"column":82}},{"start":{},"end":{}}],"line":107},"7":{"loc":{"start":{"line":107,"column":8},"end":{"line":107,"column":46}},"type":"binary-expr","locations":[{"start":{"line":107,"column":8},"end":{"line":107,"column":30}},{"start":{"line":107,"column":34},"end":{"line":107,"column":46}}],"line":107},"8":{"loc":{"start":{"line":119,"column":4},"end":{"line":119,"column":86}},"type":"if","locations":[{"start":{"line":119,"column":4},"end":{"line":119,"column":86}},{"start":{},"end":{}}],"line":119},"9":{"loc":{"start":{"line":119,"column":8},"end":{"line":119,"column":46}},"type":"binary-expr","locations":[{"start":{"line":119,"column":8},"end":{"line":119,"column":30}},{"start":{"line":119,"column":34},"end":{"line":119,"column":46}}],"line":119},"10":{"loc":{"start":{"line":131,"column":4},"end":{"line":131,"column":70}},"type":"if","locations":[{"start":{"line":131,"column":4},"end":{"line":131,"column":70}},{"start":{},"end":{}}],"line":131},"11":{"loc":{"start":{"line":131,"column":8},"end":{"line":131,"column":38}},"type":"binary-expr","locations":[{"start":{"line":131,"column":8},"end":{"line":131,"column":21}},{"start":{"line":131,"column":25},"end":{"line":131,"column":38}}],"line":131},"12":{"loc":{"start":{"line":132,"column":11},"end":{"line":132,"column":79}},"type":"binary-expr","locations":[{"start":{"line":132,"column":11},"end":{"line":132,"column":43}},{"start":{"line":132,"column":47},"end":{"line":132,"column":79}}],"line":132},"13":{"loc":{"start":{"line":143,"column":4},"end":{"line":143,"column":73}},"type":"if","locations":[{"start":{"line":143,"column":4},"end":{"line":143,"column":73}},{"start":{},"end":{}}],"line":143},"14":{"loc":{"start":{"line":143,"column":8},"end":{"line":143,"column":38}},"type":"binary-expr","locations":[{"start":{"line":143,"column":8},"end":{"line":143,"column":21}},{"start":{"line":143,"column":25},"end":{"line":143,"column":38}}],"line":143},"15":{"loc":{"start":{"line":145,"column":8},"end":{"line":147,"column":9}},"type":"if","locations":[{"start":{"line":145,"column":8},"end":{"line":147,"column":9}},{"start":{},"end":{}}],"line":145},"16":{"loc":{"start":{"line":160,"column":4},"end":{"line":160,"column":78}},"type":"if","locations":[{"start":{"line":160,"column":4},"end":{"line":160,"column":78}},{"start":{},"end":{}}],"line":160},"17":{"loc":{"start":{"line":160,"column":8},"end":{"line":160,"column":38}},"type":"binary-expr","locations":[{"start":{"line":160,"column":8},"end":{"line":160,"column":21}},{"start":{"line":160,"column":25},"end":{"line":160,"column":38}}],"line":160},"18":{"loc":{"start":{"line":161,"column":11},"end":{"line":161,"column":61}},"type":"binary-expr","locations":[{"start":{"line":161,"column":11},"end":{"line":161,"column":35}},{"start":{"line":161,"column":39},"end":{"line":161,"column":61}}],"line":161},"19":{"loc":{"start":{"line":172,"column":4},"end":{"line":172,"column":75}},"type":"if","locations":[{"start":{"line":172,"column":4},"end":{"line":172,"column":75}},{"start":{},"end":{}}],"line":172},"20":{"loc":{"start":{"line":172,"column":8},"end":{"line":172,"column":42}},"type":"binary-expr","locations":[{"start":{"line":172,"column":8},"end":{"line":172,"column":21}},{"start":{"line":172,"column":25},"end":{"line":172,"column":42}}],"line":172},"21":{"loc":{"start":{"line":185,"column":8},"end":{"line":185,"column":52}},"type":"if","locations":[{"start":{"line":185,"column":8},"end":{"line":185,"column":52}},{"start":{},"end":{}}],"line":185},"22":{"loc":{"start":{"line":204,"column":8},"end":{"line":204,"column":60}},"type":"if","locations":[{"start":{"line":204,"column":8},"end":{"line":204,"column":60}},{"start":{},"end":{}}],"line":204},"23":{"loc":{"start":{"line":219,"column":4},"end":{"line":219,"column":71}},"type":"if","locations":[{"start":{"line":219,"column":4},"end":{"line":219,"column":71}},{"start":{},"end":{}}],"line":219},"24":{"loc":{"start":{"line":219,"column":8},"end":{"line":219,"column":38}},"type":"binary-expr","locations":[{"start":{"line":219,"column":8},"end":{"line":219,"column":21}},{"start":{"line":219,"column":25},"end":{"line":219,"column":38}}],"line":219},"25":{"loc":{"start":{"line":222,"column":8},"end":{"line":224,"column":9}},"type":"if","locations":[{"start":{"line":222,"column":8},"end":{"line":224,"column":9}},{"start":{},"end":{}}],"line":222},"26":{"loc":{"start":{"line":236,"column":4},"end":{"line":236,"column":54}},"type":"if","locations":[{"start":{"line":236,"column":4},"end":{"line":236,"column":54}},{"start":{},"end":{}}],"line":236},"27":{"loc":{"start":{"line":248,"column":4},"end":{"line":248,"column":80}},"type":"if","locations":[{"start":{"line":248,"column":4},"end":{"line":248,"column":80}},{"start":{},"end":{}}],"line":248},"28":{"loc":{"start":{"line":248,"column":8},"end":{"line":248,"column":46}},"type":"binary-expr","locations":[{"start":{"line":248,"column":8},"end":{"line":248,"column":20}},{"start":{"line":248,"column":24},"end":{"line":248,"column":46}}],"line":248},"29":{"loc":{"start":{"line":250,"column":11},"end":{"line":250,"column":64}},"type":"binary-expr","locations":[{"start":{"line":250,"column":11},"end":{"line":250,"column":24}},{"start":{"line":250,"column":29},"end":{"line":250,"column":63}}],"line":250},"30":{"loc":{"start":{"line":261,"column":4},"end":{"line":261,"column":80}},"type":"if","locations":[{"start":{"line":261,"column":4},"end":{"line":261,"column":80}},{"start":{},"end":{}}],"line":261},"31":{"loc":{"start":{"line":261,"column":8},"end":{"line":261,"column":46}},"type":"binary-expr","locations":[{"start":{"line":261,"column":8},"end":{"line":261,"column":20}},{"start":{"line":261,"column":24},"end":{"line":261,"column":46}}],"line":261},"32":{"loc":{"start":{"line":262,"column":11},"end":{"line":262,"column":56}},"type":"binary-expr","locations":[{"start":{"line":262,"column":11},"end":{"line":262,"column":25}},{"start":{"line":262,"column":30},"end":{"line":262,"column":55}}],"line":262}},"s":{"0":86,"1":2,"2":2,"3":46,"4":46,"5":111,"6":0,"7":2,"8":0,"9":2,"10":2,"11":6,"12":2,"13":2,"14":0,"15":2,"16":2,"17":2,"18":6,"19":2,"20":11,"21":0,"22":11,"23":4,"24":0,"25":4,"26":2,"27":0,"28":2,"29":5,"30":0,"31":5,"32":6,"33":0,"34":6,"35":14,"36":2,"37":4,"38":4,"39":0,"40":4,"41":3,"42":0,"43":3,"44":5,"45":14,"46":0,"47":5,"48":5,"49":14,"50":28,"51":5,"52":3,"53":8,"54":0,"55":3,"56":5,"57":9,"58":15,"59":0,"60":15,"61":15,"62":58,"63":16,"64":15,"65":2,"66":0,"67":2,"68":2,"69":0,"70":2,"71":2,"72":2,"73":0,"74":2},"f":{"0":86,"1":2,"2":2,"3":46,"4":111,"5":0,"6":2,"7":6,"8":2,"9":11,"10":4,"11":2,"12":5,"13":6,"14":4,"15":3,"16":5,"17":3,"18":5,"19":9,"20":15,"21":2,"22":2,"23":2,"24":0,"25":0},"b":{"0":[46,46],"1":[111,111],"2":[0,2],"3":[0,2],"4":[2,2,2],"5":[0,11],"6":[0,4],"7":[4,4],"8":[0,2],"9":[2,2],"10":[0,5],"11":[5,5],"12":[5,4],"13":[0,6],"14":[6,6],"15":[2,12],"16":[0,4],"17":[4,4],"18":[4,3],"19":[0,3],"20":[3,3],"21":[0,14],"22":[0,8],"23":[0,15],"24":[15,15],"25":[16,42],"26":[0,2],"27":[0,2],"28":[2,2],"29":[2,1],"30":[0,2],"31":[2,2],"32":[2,1]},"_coverageSchema":"1a1c01bbd47fc00a2c39e90264f33305004495a9","hash":"f6ab944bc4d614c753d2af9433b2f2ecfbac894c"}
,"D:\\SzE\\parser-TDK\\Parser\\javascript-parser-for-set-theory\\src\\parser.js": {"path":"D:\\SzE\\parser-TDK\\Parser\\javascript-parser-for-set-theory\\src\\parser.js","statementMap":{"0":{"start":{"line":16,"column":8},"end":{"line":16,"column":30}},"1":{"start":{"line":26,"column":8},"end":{"line":26,"column":78}},"2":{"start":{"line":35,"column":17},"end":{"line":35,"column":41}},"3":{"start":{"line":36,"column":17},"end":{"line":36,"column":39}},"4":{"start":{"line":46,"column":17},"end":{"line":46,"column":31}},"5":{"start":{"line":47,"column":8},"end":{"line":47,"column":56}},"6":{"start":{"line":47,"column":35},"end":{"line":47,"column":56}},"7":{"start":{"line":48,"column":8},"end":{"line":48,"column":24}},"8":{"start":{"line":58,"column":17},"end":{"line":58,"column":31}},"9":{"start":{"line":59,"column":8},"end":{"line":59,"column":54}},"10":{"start":{"line":59,"column":33},"end":{"line":59,"column":54}},"11":{"start":{"line":60,"column":8},"end":{"line":60,"column":18}},"12":{"start":{"line":69,"column":29},"end":{"line":69,"column":43}},"13":{"start":{"line":70,"column":8},"end":{"line":70,"column":72}},"14":{"start":{"line":70,"column":51},"end":{"line":70,"column":72}},"15":{"start":{"line":71,"column":8},"end":{"line":71,"column":30}},"16":{"start":{"line":238,"column":16},"end":{"line":238,"column":18}},"17":{"start":{"line":239,"column":8},"end":{"line":241,"column":9}},"18":{"start":{"line":239,"column":21},"end":{"line":239,"column":22}},"19":{"start":{"line":242,"column":8},"end":{"line":242,"column":19}}},"fnMap":{"0":{"name":"(anonymous_0)","decl":{"start":{"line":15,"column":4},"end":{"line":15,"column":5}},"loc":{"start":{"line":15,"column":23},"end":{"line":17,"column":5}},"line":15},"1":{"name":"(anonymous_1)","decl":{"start":{"line":237,"column":4},"end":{"line":237,"column":5}},"loc":{"start":{"line":237,"column":12},"end":{"line":243,"column":5}},"line":237}},"branchMap":{"0":{"loc":{"start":{"line":47,"column":8},"end":{"line":47,"column":56}},"type":"if","locations":[{"start":{"line":47,"column":8},"end":{"line":47,"column":56}},{"start":{},"end":{}}],"line":47},"1":{"loc":{"start":{"line":59,"column":8},"end":{"line":59,"column":54}},"type":"if","locations":[{"start":{"line":59,"column":8},"end":{"line":59,"column":54}},{"start":{},"end":{}}],"line":59},"2":{"loc":{"start":{"line":70,"column":8},"end":{"line":70,"column":72}},"type":"if","locations":[{"start":{"line":70,"column":8},"end":{"line":70,"column":72}},{"start":{},"end":{}}],"line":70}},"s":{"0":0,"1":0,"2":0,"3":0,"4":0,"5":0,"6":0,"7":0,"8":0,"9":0,"10":0,"11":0,"12":0,"13":0,"14":0,"15":0,"16":0,"17":0,"18":0,"19":0},"f":{"0":0,"1":0},"b":{"0":[0,0],"1":[0,0],"2":[0,0]},"_coverageSchema":"1a1c01bbd47fc00a2c39e90264f33305004495a9","hash":"f2216eb76dc0ac58c5a3ee130dee40174deff813"}
,"D:\\SzE\\parser-TDK\\Parser\\javascript-parser-for-set-theory\\src\\pointsetdiagramlib.js": {"path":"D:\\SzE\\parser-TDK\\Parser\\javascript-parser-for-set-theory\\src\\pointsetdiagramlib.js","statementMap":{"0":{"start":{"line":15,"column":8},"end":{"line":15,"column":85}},"1":{"start":{"line":15,"column":41},"end":{"line":15,"column":85}},"2":{"start":{"line":16,"column":8},"end":{"line":24,"column":9}},"3":{"start":{"line":18,"column":12},"end":{"line":18,"column":40}},"4":{"start":{"line":19,"column":12},"end":{"line":19,"column":40}},"5":{"start":{"line":22,"column":12},"end":{"line":22,"column":21}},"6":{"start":{"line":23,"column":12},"end":{"line":23,"column":21}},"7":{"start":{"line":36,"column":4},"end":{"line":36,"column":63}},"8":{"start":{"line":45,"column":4},"end":{"line":45,"column":68}},"9":{"start":{"line":45,"column":52},"end":{"line":45,"column":67}},"10":{"start":{"line":48,"column":4},"end":{"line":50,"column":5}},"11":{"start":{"line":49,"column":8},"end":{"line":49,"column":72}},"12":{"start":{"line":49,"column":29},"end":{"line":49,"column":72}},"13":{"start":{"line":160,"column":8},"end":{"line":160,"column":24}},"14":{"start":{"line":161,"column":8},"end":{"line":161,"column":25}},"15":{"start":{"line":162,"column":8},"end":{"line":162,"column":73}},"16":{"start":{"line":163,"column":8},"end":{"line":163,"column":73}},"17":{"start":{"line":164,"column":8},"end":{"line":164,"column":59}},"18":{"start":{"line":165,"column":8},"end":{"line":165,"column":59}},"19":{"start":{"line":166,"column":8},"end":{"line":166,"column":66}},"20":{"start":{"line":167,"column":8},"end":{"line":167,"column":67}},"21":{"start":{"line":168,"column":8},"end":{"line":168,"column":103}},"22":{"start":{"line":169,"column":8},"end":{"line":169,"column":103}},"23":{"start":{"line":179,"column":8},"end":{"line":179,"column":24}},"24":{"start":{"line":184,"column":8},"end":{"line":184,"column":21}},"25":{"start":{"line":189,"column":8},"end":{"line":189,"column":24}},"26":{"start":{"line":194,"column":8},"end":{"line":194,"column":21}},"27":{"start":{"line":199,"column":8},"end":{"line":199,"column":23}},"28":{"start":{"line":204,"column":8},"end":{"line":204,"column":23}},"29":{"start":{"line":205,"column":8},"end":{"line":205,"column":29}},"30":{"start":{"line":214,"column":8},"end":{"line":214,"column":27}},"31":{"start":{"line":222,"column":8},"end":{"line":222,"column":25}},"32":{"start":{"line":230,"column":8},"end":{"line":230,"column":28}},"33":{"start":{"line":238,"column":8},"end":{"line":238,"column":27}},"34":{"start":{"line":246,"column":8},"end":{"line":246,"column":25}},"35":{"start":{"line":254,"column":8},"end":{"line":254,"column":28}},"36":{"start":{"line":262,"column":8},"end":{"line":262,"column":27}},"37":{"start":{"line":270,"column":8},"end":{"line":270,"column":28}},"38":{"start":{"line":278,"column":8},"end":{"line":278,"column":32}},"39":{"start":{"line":286,"column":8},"end":{"line":286,"column":32}},"40":{"start":{"line":294,"column":8},"end":{"line":294,"column":37}},"41":{"start":{"line":302,"column":8},"end":{"line":302,"column":37}},"42":{"start":{"line":310,"column":8},"end":{"line":310,"column":34}},"43":{"start":{"line":318,"column":8},"end":{"line":318,"column":34}},"44":{"start":{"line":326,"column":8},"end":{"line":326,"column":36}},"45":{"start":{"line":334,"column":8},"end":{"line":334,"column":36}},"46":{"start":{"line":349,"column":4},"end":{"line":349,"column":68}},"47":{"start":{"line":349,"column":30},"end":{"line":349,"column":68}},"48":{"start":{"line":350,"column":25},"end":{"line":367,"column":5}},"49":{"start":{"line":369,"column":17},"end":{"line":369,"column":129}},"50":{"start":{"line":370,"column":14},"end":{"line":370,"column":37}},"51":{"start":{"line":371,"column":4},"end":{"line":371,"column":59}},"52":{"start":{"line":372,"column":4},"end":{"line":372,"column":56}},"53":{"start":{"line":373,"column":4},"end":{"line":373,"column":43}},"54":{"start":{"line":375,"column":4},"end":{"line":375,"column":37}},"55":{"start":{"line":376,"column":4},"end":{"line":376,"column":30}},"56":{"start":{"line":386,"column":4},"end":{"line":386,"column":23}},"57":{"start":{"line":387,"column":4},"end":{"line":387,"column":48}},"58":{"start":{"line":388,"column":4},"end":{"line":388,"column":52}},"59":{"start":{"line":389,"column":4},"end":{"line":389,"column":17}},"60":{"start":{"line":392,"column":4},"end":{"line":414,"column":5}},"61":{"start":{"line":392,"column":14},"end":{"line":392,"column":15}},"62":{"start":{"line":393,"column":8},"end":{"line":393,"column":80}},"63":{"start":{"line":393,"column":71},"end":{"line":393,"column":80}},"64":{"start":{"line":395,"column":8},"end":{"line":407,"column":9}},"65":{"start":{"line":396,"column":12},"end":{"line":399,"column":13}},"66":{"start":{"line":401,"column":13},"end":{"line":407,"column":9}},"67":{"start":{"line":403,"column":12},"end":{"line":406,"column":17}},"68":{"start":{"line":410,"column":8},"end":{"line":410,"column":27}},"69":{"start":{"line":411,"column":8},"end":{"line":411,"column":109}},"70":{"start":{"line":412,"column":8},"end":{"line":412,"column":109}},"71":{"start":{"line":413,"column":8},"end":{"line":413,"column":21}},"72":{"start":{"line":424,"column":4},"end":{"line":424,"column":23}},"73":{"start":{"line":425,"column":4},"end":{"line":425,"column":48}},"74":{"start":{"line":426,"column":4},"end":{"line":426,"column":53}},"75":{"start":{"line":427,"column":4},"end":{"line":427,"column":17}},"76":{"start":{"line":430,"column":4},"end":{"line":449,"column":5}},"77":{"start":{"line":430,"column":14},"end":{"line":430,"column":15}},"78":{"start":{"line":431,"column":8},"end":{"line":431,"column":80}},"79":{"start":{"line":431,"column":71},"end":{"line":431,"column":80}},"80":{"start":{"line":433,"column":8},"end":{"line":444,"column":9}},"81":{"start":{"line":434,"column":12},"end":{"line":437,"column":14}},"82":{"start":{"line":439,"column":13},"end":{"line":444,"column":9}},"83":{"start":{"line":440,"column":12},"end":{"line":443,"column":14}},"84":{"start":{"line":445,"column":8},"end":{"line":445,"column":27}},"85":{"start":{"line":446,"column":8},"end":{"line":446,"column":109}},"86":{"start":{"line":447,"column":8},"end":{"line":447,"column":109}},"87":{"start":{"line":448,"column":8},"end":{"line":448,"column":21}},"88":{"start":{"line":459,"column":4},"end":{"line":466,"column":7}},"89":{"start":{"line":461,"column":18},"end":{"line":461,"column":72}},"90":{"start":{"line":462,"column":8},"end":{"line":462,"column":24}},"91":{"start":{"line":463,"column":8},"end":{"line":463,"column":34}},"92":{"start":{"line":464,"column":8},"end":{"line":464,"column":21}},"93":{"start":{"line":479,"column":14},"end":{"line":479,"column":79}},"94":{"start":{"line":480,"column":23},"end":{"line":480,"column":70}},"95":{"start":{"line":481,"column":23},"end":{"line":481,"column":70}},"96":{"start":{"line":482,"column":4},"end":{"line":482,"column":76}}},"fnMap":{"0":{"name":"(anonymous_0)","decl":{"start":{"line":14,"column":4},"end":{"line":14,"column":5}},"loc":{"start":{"line":14,"column":20},"end":{"line":26,"column":5}},"line":14},"1":{"name":"is_point","decl":{"start":{"line":35,"column":9},"end":{"line":35,"column":17}},"loc":{"start":{"line":35,"column":24},"end":{"line":37,"column":1}},"line":35},"2":{"name":"is_point_set","decl":{"start":{"line":44,"column":9},"end":{"line":44,"column":21}},"loc":{"start":{"line":44,"column":29},"end":{"line":46,"column":1}},"line":44},"3":{"name":"(anonymous_3)","decl":{"start":{"line":45,"column":45},"end":{"line":45,"column":46}},"loc":{"start":{"line":45,"column":52},"end":{"line":45,"column":67}},"line":45},"4":{"name":"create_set_from_points","decl":{"start":{"line":47,"column":16},"end":{"line":47,"column":38}},"loc":{"start":{"line":47,"column":40},"end":{"line":53,"column":1}},"line":47},"5":{"name":"(anonymous_5)","decl":{"start":{"line":174,"column":4},"end":{"line":174,"column":5}},"loc":{"start":{"line":174,"column":17},"end":{"line":207,"column":5}},"line":174},"6":{"name":"(anonymous_6)","decl":{"start":{"line":213,"column":4},"end":{"line":213,"column":5}},"loc":{"start":{"line":213,"column":16},"end":{"line":215,"column":5}},"line":213},"7":{"name":"(anonymous_7)","decl":{"start":{"line":221,"column":4},"end":{"line":221,"column":5}},"loc":{"start":{"line":221,"column":14},"end":{"line":223,"column":5}},"line":221},"8":{"name":"(anonymous_8)","decl":{"start":{"line":229,"column":4},"end":{"line":229,"column":5}},"loc":{"start":{"line":229,"column":17},"end":{"line":231,"column":5}},"line":229},"9":{"name":"(anonymous_9)","decl":{"start":{"line":237,"column":4},"end":{"line":237,"column":5}},"loc":{"start":{"line":237,"column":16},"end":{"line":239,"column":5}},"line":237},"10":{"name":"(anonymous_10)","decl":{"start":{"line":245,"column":4},"end":{"line":245,"column":5}},"loc":{"start":{"line":245,"column":14},"end":{"line":247,"column":5}},"line":245},"11":{"name":"(anonymous_11)","decl":{"start":{"line":253,"column":4},"end":{"line":253,"column":5}},"loc":{"start":{"line":253,"column":17},"end":{"line":255,"column":5}},"line":253},"12":{"name":"(anonymous_12)","decl":{"start":{"line":261,"column":4},"end":{"line":261,"column":5}},"loc":{"start":{"line":261,"column":15},"end":{"line":263,"column":5}},"line":261},"13":{"name":"(anonymous_13)","decl":{"start":{"line":269,"column":4},"end":{"line":269,"column":5}},"loc":{"start":{"line":269,"column":16},"end":{"line":271,"column":5}},"line":269},"14":{"name":"(anonymous_14)","decl":{"start":{"line":277,"column":4},"end":{"line":277,"column":5}},"loc":{"start":{"line":277,"column":20},"end":{"line":279,"column":5}},"line":277},"15":{"name":"(anonymous_15)","decl":{"start":{"line":285,"column":4},"end":{"line":285,"column":5}},"loc":{"start":{"line":285,"column":20},"end":{"line":287,"column":5}},"line":285},"16":{"name":"(anonymous_16)","decl":{"start":{"line":293,"column":4},"end":{"line":293,"column":5}},"loc":{"start":{"line":293,"column":25},"end":{"line":295,"column":5}},"line":293},"17":{"name":"(anonymous_17)","decl":{"start":{"line":301,"column":4},"end":{"line":301,"column":5}},"loc":{"start":{"line":301,"column":25},"end":{"line":303,"column":5}},"line":301},"18":{"name":"(anonymous_18)","decl":{"start":{"line":309,"column":4},"end":{"line":309,"column":5}},"loc":{"start":{"line":309,"column":22},"end":{"line":311,"column":5}},"line":309},"19":{"name":"(anonymous_19)","decl":{"start":{"line":317,"column":4},"end":{"line":317,"column":5}},"loc":{"start":{"line":317,"column":22},"end":{"line":319,"column":5}},"line":317},"20":{"name":"(anonymous_20)","decl":{"start":{"line":325,"column":4},"end":{"line":325,"column":5}},"loc":{"start":{"line":325,"column":24},"end":{"line":327,"column":5}},"line":325},"21":{"name":"(anonymous_21)","decl":{"start":{"line":333,"column":4},"end":{"line":333,"column":5}},"loc":{"start":{"line":333,"column":24},"end":{"line":335,"column":5}},"line":333},"22":{"name":"point_set_diagram","decl":{"start":{"line":348,"column":16},"end":{"line":348,"column":33}},"loc":{"start":{"line":348,"column":78},"end":{"line":377,"column":1}},"line":348},"23":{"name":"draw_horizontal_axes","decl":{"start":{"line":385,"column":9},"end":{"line":385,"column":29}},"loc":{"start":{"line":385,"column":55},"end":{"line":415,"column":1}},"line":385},"24":{"name":"draw_vertical_axes","decl":{"start":{"line":423,"column":9},"end":{"line":423,"column":27}},"loc":{"start":{"line":423,"column":54},"end":{"line":450,"column":1}},"line":423},"25":{"name":"draw_points","decl":{"start":{"line":458,"column":9},"end":{"line":458,"column":20}},"loc":{"start":{"line":458,"column":47},"end":{"line":468,"column":1}},"line":458},"26":{"name":"(anonymous_26)","decl":{"start":{"line":459,"column":19},"end":{"line":459,"column":20}},"loc":{"start":{"line":459,"column":28},"end":{"line":466,"column":5}},"line":459},"27":{"name":"get_canvas_coordinates","decl":{"start":{"line":477,"column":9},"end":{"line":477,"column":31}},"loc":{"start":{"line":477,"column":61},"end":{"line":483,"column":1}},"line":477}},"branchMap":{"0":{"loc":{"start":{"line":15,"column":8},"end":{"line":15,"column":85}},"type":"if","locations":[{"start":{"line":15,"column":8},"end":{"line":15,"column":85}},{"start":{},"end":{}}],"line":15},"1":{"loc":{"start":{"line":15,"column":11},"end":{"line":15,"column":39}},"type":"binary-expr","locations":[{"start":{"line":15,"column":11},"end":{"line":15,"column":24}},{"start":{"line":15,"column":26},"end":{"line":15,"column":39}}],"line":15},"2":{"loc":{"start":{"line":16,"column":8},"end":{"line":24,"column":9}},"type":"if","locations":[{"start":{"line":16,"column":8},"end":{"line":24,"column":9}},{"start":{"line":21,"column":12},"end":{"line":24,"column":9}}],"line":16},"3":{"loc":{"start":{"line":16,"column":11},"end":{"line":16,"column":51}},"type":"binary-expr","locations":[{"start":{"line":16,"column":11},"end":{"line":16,"column":30}},{"start":{"line":16,"column":32},"end":{"line":16,"column":51}}],"line":16},"4":{"loc":{"start":{"line":36,"column":11},"end":{"line":36,"column":62}},"type":"binary-expr","locations":[{"start":{"line":36,"column":11},"end":{"line":36,"column":36}},{"start":{"line":36,"column":40},"end":{"line":36,"column":62}}],"line":36},"5":{"loc":{"start":{"line":45,"column":11},"end":{"line":45,"column":68}},"type":"binary-expr","locations":[{"start":{"line":45,"column":11},"end":{"line":45,"column":25}},{"start":{"line":45,"column":27},"end":{"line":45,"column":68}}],"line":45},"6":{"loc":{"start":{"line":49,"column":8},"end":{"line":49,"column":72}},"type":"if","locations":[{"start":{"line":49,"column":8},"end":{"line":49,"column":72}},{"start":{},"end":{}}],"line":49},"7":{"loc":{"start":{"line":348,"column":41},"end":{"line":348,"column":77}},"type":"default-arg","locations":[{"start":{"line":348,"column":49},"end":{"line":348,"column":77}}],"line":348},"8":{"loc":{"start":{"line":349,"column":4},"end":{"line":349,"column":68}},"type":"if","locations":[{"start":{"line":349,"column":4},"end":{"line":349,"column":68}},{"start":{},"end":{}}],"line":349},"9":{"loc":{"start":{"line":393,"column":8},"end":{"line":393,"column":80}},"type":"if","locations":[{"start":{"line":393,"column":8},"end":{"line":393,"column":80}},{"start":{},"end":{}}],"line":393},"10":{"loc":{"start":{"line":395,"column":8},"end":{"line":407,"column":9}},"type":"if","locations":[{"start":{"line":395,"column":8},"end":{"line":407,"column":9}},{"start":{"line":401,"column":13},"end":{"line":407,"column":9}}],"line":395},"11":{"loc":{"start":{"line":395,"column":11},"end":{"line":395,"column":136}},"type":"binary-expr","locations":[{"start":{"line":395,"column":11},"end":{"line":395,"column":58}},{"start":{"line":395,"column":60},"end":{"line":395,"column":136}}],"line":395},"12":{"loc":{"start":{"line":401,"column":13},"end":{"line":407,"column":9}},"type":"if","locations":[{"start":{"line":401,"column":13},"end":{"line":407,"column":9}},{"start":{},"end":{}}],"line":401},"13":{"loc":{"start":{"line":401,"column":16},"end":{"line":401,"column":139}},"type":"binary-expr","locations":[{"start":{"line":401,"column":16},"end":{"line":401,"column":61}},{"start":{"line":401,"column":63},"end":{"line":401,"column":139}}],"line":401},"14":{"loc":{"start":{"line":431,"column":8},"end":{"line":431,"column":80}},"type":"if","locations":[{"start":{"line":431,"column":8},"end":{"line":431,"column":80}},{"start":{},"end":{}}],"line":431},"15":{"loc":{"start":{"line":433,"column":8},"end":{"line":444,"column":9}},"type":"if","locations":[{"start":{"line":433,"column":8},"end":{"line":444,"column":9}},{"start":{"line":439,"column":13},"end":{"line":444,"column":9}}],"line":433},"16":{"loc":{"start":{"line":433,"column":11},"end":{"line":433,"column":136}},"type":"binary-expr","locations":[{"start":{"line":433,"column":11},"end":{"line":433,"column":58}},{"start":{"line":433,"column":60},"end":{"line":433,"column":136}}],"line":433},"17":{"loc":{"start":{"line":439,"column":13},"end":{"line":444,"column":9}},"type":"if","locations":[{"start":{"line":439,"column":13},"end":{"line":444,"column":9}},{"start":{},"end":{}}],"line":439},"18":{"loc":{"start":{"line":439,"column":16},"end":{"line":439,"column":139}},"type":"binary-expr","locations":[{"start":{"line":439,"column":16},"end":{"line":439,"column":61}},{"start":{"line":439,"column":63},"end":{"line":439,"column":139}}],"line":439}},"s":{"0":20,"1":0,"2":20,"3":8,"4":8,"5":12,"6":12,"7":0,"8":0,"9":0,"10":0,"11":0,"12":0,"13":0,"14":0,"15":0,"16":0,"17":0,"18":0,"19":0,"20":0,"21":0,"22":0,"23":0,"24":0,"25":0,"26":0,"27":0,"28":0,"29":0,"30":0,"31":0,"32":0,"33":0,"34":0,"35":0,"36":0,"37":0,"38":0,"39":0,"40":0,"41":0,"42":0,"43":0,"44":0,"45":0,"46":0,"47":0,"48":0,"49":0,"50":0,"51":0,"52":0,"53":0,"54":0,"55":0,"56":0,"57":0,"58":0,"59":0,"60":0,"61":0,"62":0,"63":0,"64":0,"65":0,"66":0,"67":0,"68":0,"69":0,"70":0,"71":0,"72":0,"73":0,"74":0,"75":0,"76":0,"77":0,"78":0,"79":0,"80":0,"81":0,"82":0,"83":0,"84":0,"85":0,"86":0,"87":0,"88":0,"89":0,"90":0,"91":0,"92":0,"93":0,"94":0,"95":0,"96":0},"f":{"0":20,"1":0,"2":0,"3":0,"4":0,"5":0,"6":0,"7":0,"8":0,"9":0,"10":0,"11":0,"12":0,"13":0,"14":0,"15":0,"16":0,"17":0,"18":0,"19":0,"20":0,"21":0,"22":0,"23":0,"24":0,"25":0,"26":0,"27":0},"b":{"0":[0,20],"1":[20,20],"2":[8,12],"3":[20,12],"4":[0,0],"5":[0,0],"6":[0,0],"7":[0],"8":[0,0],"9":[0,0],"10":[0,0],"11":[0,0],"12":[0,0],"13":[0,0],"14":[0,0],"15":[0,0],"16":[0,0],"17":[0,0],"18":[0,0]},"_coverageSchema":"1a1c01bbd47fc00a2c39e90264f33305004495a9","hash":"1f2ed6998b5d9b5d8ec075fdd020512547808d98"}
,"D:\\SzE\\parser-TDK\\Parser\\javascript-parser-for-set-theory\\src\\token.js": {"path":"D:\\SzE\\parser-TDK\\Parser\\javascript-parser-for-set-theory\\src\\token.js","statementMap":{"0":{"start":{"line":6,"column":19},"end":{"line":41,"column":1}}},"fnMap":{},"branchMap":{},"s":{"0":1},"f":{},"b":{},"_coverageSchema":"1a1c01bbd47fc00a2c39e90264f33305004495a9","hash":"6b2c8db750f0558b09f83bdeab4bfe61081c1db7"}
}
