TN:
SF:src\builtin.js
FNF:0
FNH:0
DA:6,1
LF:1
LH:1
BRF:0
BRH:0
end_of_record
TN:
SF:src\lexer.js
FN:18,(anonymous_0)
FN:21,(anonymous_1)
FN:30,(anonymous_2)
FN:174,(anonymous_3)
FNF:4
FNH:4
FNDA:46,(anonymous_0)
FNDA:2,(anonymous_1)
FNDA:44,(anonymous_2)
FNDA:10294,(anonymous_3)
DA:19,46
DA:20,46
DA:21,2
DA:22,2
DA:31,44
DA:32,44
DA:33,44
DA:34,44
DA:35,44
DA:36,44
DA:38,44
DA:39,451
DA:40,451
DA:41,34
DA:42,34
DA:43,39
DA:45,34
DA:46,34
DA:48,417
DA:49,134
DA:50,134
DA:51,172
DA:53,134
DA:54,134
DA:55,129
DA:56,134
DA:58,283
DA:59,10
DA:60,10
DA:62,273
DA:63,3
DA:64,3
DA:66,270
DA:67,2
DA:68,2
DA:70,268
DA:71,14
DA:74,254
DA:76,8
DA:77,8
DA:79,14
DA:80,14
DA:82,1
DA:83,1
DA:85,1
DA:86,1
DA:88,2
DA:89,2
DA:91,10
DA:92,10
DA:94,2
DA:95,2
DA:97,2
DA:98,2
DA:100,7
DA:101,7
DA:103,2
DA:104,2
DA:106,3
DA:107,3
DA:109,14
DA:110,14
DA:112,21
DA:113,21
DA:115,3
DA:116,3
DA:118,13
DA:119,13
DA:121,6
DA:122,6
DA:124,1
DA:125,1
DA:127,8
DA:128,8
DA:130,1
DA:131,1
DA:133,38
DA:134,38
DA:136,9
DA:137,9
DA:139,9
DA:140,9
DA:142,10
DA:143,10
DA:145,10
DA:146,10
DA:148,6
DA:149,6
DA:151,6
DA:152,6
DA:154,1
DA:155,1
DA:157,2
DA:158,2
DA:160,43
DA:161,43
DA:165,1
DA:166,1
DA:170,43
DA:174,10294
LF:100
LH:100
BRDA:18,0,0,0
BRDA:18,1,0,44
BRDA:20,2,0,2
BRDA:20,2,1,44
BRDA:40,3,0,34
BRDA:40,3,1,417
BRDA:48,4,0,134
BRDA:48,4,1,283
BRDA:54,5,0,5
BRDA:54,5,1,129
BRDA:58,6,0,10
BRDA:58,6,1,273
BRDA:62,7,0,3
BRDA:62,7,1,270
BRDA:66,8,0,2
BRDA:66,8,1,268
BRDA:70,9,0,14
BRDA:70,9,1,254
BRDA:70,10,0,268
BRDA:70,10,1,254
BRDA:74,11,0,8
BRDA:74,11,1,14
BRDA:74,11,2,1
BRDA:74,11,3,1
BRDA:74,11,4,2
BRDA:74,11,5,10
BRDA:74,11,6,2
BRDA:74,11,7,2
BRDA:74,11,8,7
BRDA:74,11,9,2
BRDA:74,11,10,3
BRDA:74,11,11,14
BRDA:74,11,12,21
BRDA:74,11,13,3
BRDA:74,11,14,13
BRDA:74,11,15,6
BRDA:74,11,16,1
BRDA:74,11,17,8
BRDA:74,11,18,1
BRDA:74,11,19,38
BRDA:74,11,20,9
BRDA:74,11,21,9
BRDA:74,11,22,10
BRDA:74,11,23,10
BRDA:74,11,24,6
BRDA:74,11,25,6
BRDA:74,11,26,1
BRDA:74,11,27,2
BRDA:74,11,28,43
BRDA:74,11,29,1
BRF:50
BRH:49
end_of_record
TN:
SF:src\lib.js
FN:9,is_number
FN:18,is_string
FN:27,is_function
FN:36,is_whole_number
FN:46,is_set
FN:54,illegal_arguments
FN:63,create_set_from_literal
FN:66,(anonymous_7)
FN:79,create_set_from_formula
FN:94,is_empty
FN:106,is_element_of
FN:118,is_not_element_of
FN:130,are_equal
FN:142,is_subset_of
FN:159,is_real_subset_of
FN:171,complement
FN:182,union
FN:202,intersection
FN:206,(anonymous_18)
FN:207,(anonymous_19)
FN:218,difference
FN:235,cardinality
FN:247,add_element
FN:260,del_element
FN:264,Venn
FN:268,IEP
FNF:26
FNH:23
FNDA:86,is_number
FNDA:2,is_string
FNDA:2,is_function
FNDA:46,is_whole_number
FNDA:111,is_set
FNDA:0,illegal_arguments
FNDA:2,create_set_from_literal
FNDA:6,(anonymous_7)
FNDA:2,create_set_from_formula
FNDA:11,is_empty
FNDA:4,is_element_of
FNDA:2,is_not_element_of
FNDA:5,are_equal
FNDA:6,is_subset_of
FNDA:4,is_real_subset_of
FNDA:3,complement
FNDA:5,union
FNDA:3,intersection
FNDA:5,(anonymous_18)
FNDA:9,(anonymous_19)
FNDA:15,difference
FNDA:2,cardinality
FNDA:2,add_element
FNDA:2,del_element
FNDA:0,Venn
FNDA:0,IEP
DA:10,86
DA:19,2
DA:28,2
DA:37,46
DA:38,46
DA:47,111
DA:55,0
DA:64,2
DA:65,2
DA:66,2
DA:67,6
DA:69,2
DA:80,2
DA:81,2
DA:82,2
DA:83,6
DA:85,2
DA:95,11
DA:96,11
DA:107,4
DA:108,4
DA:119,2
DA:120,2
DA:131,5
DA:132,5
DA:143,6
DA:144,6
DA:145,14
DA:146,2
DA:149,4
DA:160,4
DA:161,4
DA:172,3
DA:173,3
DA:184,5
DA:185,14
DA:187,5
DA:188,5
DA:189,14
DA:190,28
DA:193,5
DA:203,3
DA:204,8
DA:206,3
DA:207,9
DA:219,15
DA:220,15
DA:221,15
DA:222,58
DA:223,16
DA:226,15
DA:236,2
DA:237,2
DA:248,2
DA:249,2
DA:250,2
DA:261,2
DA:262,2
LF:58
LH:57
BRDA:38,0,0,46
BRDA:38,0,1,46
BRDA:47,1,0,111
BRDA:47,1,1,111
BRDA:64,2,0,0
BRDA:64,2,1,2
BRDA:80,3,0,0
BRDA:80,3,1,2
BRDA:80,4,0,2
BRDA:80,4,1,2
BRDA:80,4,2,2
BRDA:95,5,0,0
BRDA:95,5,1,11
BRDA:107,6,0,0
BRDA:107,6,1,4
BRDA:107,7,0,4
BRDA:107,7,1,4
BRDA:119,8,0,0
BRDA:119,8,1,2
BRDA:119,9,0,2
BRDA:119,9,1,2
BRDA:131,10,0,0
BRDA:131,10,1,5
BRDA:131,11,0,5
BRDA:131,11,1,5
BRDA:132,12,0,5
BRDA:132,12,1,4
BRDA:143,13,0,0
BRDA:143,13,1,6
BRDA:143,14,0,6
BRDA:143,14,1,6
BRDA:145,15,0,2
BRDA:145,15,1,12
BRDA:160,16,0,0
BRDA:160,16,1,4
BRDA:160,17,0,4
BRDA:160,17,1,4
BRDA:161,18,0,4
BRDA:161,18,1,3
BRDA:172,19,0,0
BRDA:172,19,1,3
BRDA:172,20,0,3
BRDA:172,20,1,3
BRDA:185,21,0,0
BRDA:185,21,1,14
BRDA:204,22,0,0
BRDA:204,22,1,8
BRDA:219,23,0,0
BRDA:219,23,1,15
BRDA:219,24,0,15
BRDA:219,24,1,15
BRDA:222,25,0,16
BRDA:222,25,1,42
BRDA:236,26,0,0
BRDA:236,26,1,2
BRDA:248,27,0,0
BRDA:248,27,1,2
BRDA:248,28,0,2
BRDA:248,28,1,2
BRDA:250,29,0,2
BRDA:250,29,1,1
BRDA:261,30,0,0
BRDA:261,30,1,2
BRDA:261,31,0,2
BRDA:261,31,1,2
BRDA:262,32,0,2
BRDA:262,32,1,1
BRF:67
BRH:52
end_of_record
TN:
SF:src\parser.js
FN:15,(anonymous_0)
FN:237,(anonymous_1)
FNF:2
FNH:0
FNDA:0,(anonymous_0)
FNDA:0,(anonymous_1)
DA:16,0
DA:26,0
DA:35,0
DA:36,0
DA:46,0
DA:47,0
DA:48,0
DA:58,0
DA:59,0
DA:60,0
DA:69,0
DA:70,0
DA:71,0
DA:238,0
DA:239,0
DA:242,0
LF:16
LH:0
BRDA:47,0,0,0
BRDA:47,0,1,0
BRDA:59,1,0,0
BRDA:59,1,1,0
BRDA:70,2,0,0
BRDA:70,2,1,0
BRF:6
BRH:0
end_of_record
TN:
SF:src\pointsetdiagramlib.js
FN:14,(anonymous_0)
FN:35,is_point
FN:44,is_point_set
FN:45,(anonymous_3)
FN:47,create_set_from_points
FN:174,(anonymous_5)
FN:213,(anonymous_6)
FN:221,(anonymous_7)
FN:229,(anonymous_8)
FN:237,(anonymous_9)
FN:245,(anonymous_10)
FN:253,(anonymous_11)
FN:261,(anonymous_12)
FN:269,(anonymous_13)
FN:277,(anonymous_14)
FN:285,(anonymous_15)
FN:293,(anonymous_16)
FN:301,(anonymous_17)
FN:309,(anonymous_18)
FN:317,(anonymous_19)
FN:325,(anonymous_20)
FN:333,(anonymous_21)
FN:348,point_set_diagram
FN:385,draw_horizontal_axes
FN:423,draw_vertical_axes
FN:458,draw_points
FN:459,(anonymous_26)
FN:477,get_canvas_coordinates
FNF:28
FNH:1
FNDA:20,(anonymous_0)
FNDA:0,is_point
FNDA:0,is_point_set
FNDA:0,(anonymous_3)
FNDA:0,create_set_from_points
FNDA:0,(anonymous_5)
FNDA:0,(anonymous_6)
FNDA:0,(anonymous_7)
FNDA:0,(anonymous_8)
FNDA:0,(anonymous_9)
FNDA:0,(anonymous_10)
FNDA:0,(anonymous_11)
FNDA:0,(anonymous_12)
FNDA:0,(anonymous_13)
FNDA:0,(anonymous_14)
FNDA:0,(anonymous_15)
FNDA:0,(anonymous_16)
FNDA:0,(anonymous_17)
FNDA:0,(anonymous_18)
FNDA:0,(anonymous_19)
FNDA:0,(anonymous_20)
FNDA:0,(anonymous_21)
FNDA:0,point_set_diagram
FNDA:0,draw_horizontal_axes
FNDA:0,draw_vertical_axes
FNDA:0,draw_points
FNDA:0,(anonymous_26)
FNDA:0,get_canvas_coordinates
DA:15,20
DA:16,20
DA:18,8
DA:19,8
DA:22,12
DA:23,12
DA:36,0
DA:45,0
DA:48,0
DA:49,0
DA:160,0
DA:161,0
DA:162,0
DA:163,0
DA:164,0
DA:165,0
DA:166,0
DA:167,0
DA:168,0
DA:169,0
DA:179,0
DA:184,0
DA:189,0
DA:194,0
DA:199,0
DA:204,0
DA:205,0
DA:214,0
DA:222,0
DA:230,0
DA:238,0
DA:246,0
DA:254,0
DA:262,0
DA:270,0
DA:278,0
DA:286,0
DA:294,0
DA:302,0
DA:310,0
DA:318,0
DA:326,0
DA:334,0
DA:349,0
DA:350,0
DA:369,0
DA:370,0
DA:371,0
DA:372,0
DA:373,0
DA:375,0
DA:376,0
DA:386,0
DA:387,0
DA:388,0
DA:389,0
DA:392,0
DA:393,0
DA:395,0
DA:396,0
DA:401,0
DA:403,0
DA:410,0
DA:411,0
DA:412,0
DA:413,0
DA:424,0
DA:425,0
DA:426,0
DA:427,0
DA:430,0
DA:431,0
DA:433,0
DA:434,0
DA:439,0
DA:440,0
DA:445,0
DA:446,0
DA:447,0
DA:448,0
DA:459,0
DA:461,0
DA:462,0
DA:463,0
DA:464,0
DA:479,0
DA:480,0
DA:481,0
DA:482,0
LF:89
LH:6
BRDA:15,0,0,0
BRDA:15,0,1,20
BRDA:15,1,0,20
BRDA:15,1,1,20
BRDA:16,2,0,8
BRDA:16,2,1,12
BRDA:16,3,0,20
BRDA:16,3,1,12
BRDA:36,4,0,0
BRDA:36,4,1,0
BRDA:45,5,0,0
BRDA:45,5,1,0
BRDA:49,6,0,0
BRDA:49,6,1,0
BRDA:348,7,0,0
BRDA:349,8,0,0
BRDA:349,8,1,0
BRDA:393,9,0,0
BRDA:393,9,1,0
BRDA:395,10,0,0
BRDA:395,10,1,0
BRDA:395,11,0,0
BRDA:395,11,1,0
BRDA:401,12,0,0
BRDA:401,12,1,0
BRDA:401,13,0,0
BRDA:401,13,1,0
BRDA:431,14,0,0
BRDA:431,14,1,0
BRDA:433,15,0,0
BRDA:433,15,1,0
BRDA:433,16,0,0
BRDA:433,16,1,0
BRDA:439,17,0,0
BRDA:439,17,1,0
BRDA:439,18,0,0
BRDA:439,18,1,0
BRF:37
BRH:7
end_of_record
TN:
SF:src\token.js
FNF:0
FNH:0
DA:6,1
LF:1
LH:1
BRF:0
BRH:0
end_of_record
