TN:
SF:src\lexer.js
FN:17,(anonymous_0)
FN:24,(anonymous_1)
FNF:2
FNH:2
FNDA:1,(anonymous_0)
FNDA:1,(anonymous_1)
DA:18,1
DA:25,1
DA:26,1
DA:27,1
DA:28,1
DA:29,1
DA:30,1
DA:32,1
DA:33,3
DA:34,3
DA:35,1
DA:36,1
DA:37,2
DA:39,1
DA:40,1
DA:42,2
DA:43,0
DA:44,0
DA:45,0
DA:47,0
DA:48,0
DA:50,2
DA:51,0
DA:52,0
DA:54,2
DA:55,0
DA:56,0
DA:58,2
DA:59,0
DA:60,0
DA:63,2
DA:65,0
DA:66,0
DA:68,0
DA:69,0
DA:71,0
DA:72,0
DA:74,0
DA:75,0
DA:77,0
DA:78,0
DA:80,0
DA:81,0
DA:83,0
DA:84,0
DA:86,0
DA:87,0
DA:89,0
DA:90,0
DA:92,0
DA:93,0
DA:95,1
DA:96,1
DA:98,1
DA:99,1
DA:101,0
DA:102,0
DA:104,0
DA:105,0
DA:109,0
DA:110,0
DA:114,1
LF:62
LH:25
BRDA:17,0,0,0
BRDA:34,1,0,1
BRDA:34,1,1,2
BRDA:42,2,0,0
BRDA:42,2,1,2
BRDA:50,3,0,0
BRDA:50,3,1,2
BRDA:54,4,0,0
BRDA:54,4,1,2
BRDA:58,5,0,0
BRDA:58,5,1,2
BRDA:63,6,0,0
BRDA:63,6,1,0
BRDA:63,6,2,0
BRDA:63,6,3,0
BRDA:63,6,4,0
BRDA:63,6,5,0
BRDA:63,6,6,0
BRDA:63,6,7,0
BRDA:63,6,8,0
BRDA:63,6,9,0
BRDA:63,6,10,1
BRDA:63,6,11,1
BRDA:63,6,12,0
BRDA:63,6,13,0
BRDA:63,6,14,0
BRF:26
BRH:8
end_of_record
TN:
SF:src\lib.js
FN:9,is_number
FN:18,is_whole_number
FN:28,is_set
FN:37,illegal_arguments
FN:40,create_set_from_literal
FN:42,(anonymous_5)
FN:47,create_set_from_formula
FN:61,is_empty
FN:75,is_element_of
FN:88,is_not_element_of
FN:101,are_equal
FN:114,is_subset_of
FN:131,is_real_subset_of
FN:143,complement
FN:155,union
FN:176,intersection
FN:181,(anonymous_16)
FN:182,(anonymous_17)
FN:193,difference
FN:211,cardinality
FN:223,add_element
FN:236,del_element
FN:240,Venn
FN:244,IEP
FNF:24
FNH:21
FNDA:82,is_number
FNDA:42,is_whole_number
FNDA:109,is_set
FNDA:0,illegal_arguments
FNDA:2,create_set_from_literal
FNDA:6,(anonymous_5)
FNDA:2,create_set_from_formula
FNDA:11,is_empty
FNDA:4,is_element_of
FNDA:2,is_not_element_of
FNDA:5,are_equal
FNDA:6,is_subset_of
FNDA:4,is_real_subset_of
FNDA:3,complement
FNDA:4,union
FNDA:3,intersection
FNDA:5,(anonymous_16)
FNDA:9,(anonymous_17)
FNDA:15,difference
FNDA:2,cardinality
FNDA:2,add_element
FNDA:2,del_element
FNDA:0,Venn
FNDA:0,IEP
DA:10,82
DA:19,42
DA:20,42
DA:29,109
DA:38,0
DA:41,2
DA:42,2
DA:43,6
DA:45,2
DA:48,2
DA:49,2
DA:50,6
DA:52,2
DA:62,11
DA:63,11
DA:76,4
DA:77,4
DA:89,2
DA:90,2
DA:102,5
DA:103,5
DA:115,6
DA:116,6
DA:117,14
DA:118,2
DA:121,4
DA:132,4
DA:133,4
DA:144,3
DA:145,3
DA:157,4
DA:158,12
DA:160,4
DA:161,4
DA:162,12
DA:163,24
DA:166,4
DA:177,3
DA:178,8
DA:180,3
DA:181,3
DA:182,9
DA:194,15
DA:195,15
DA:196,15
DA:197,58
DA:198,16
DA:201,15
DA:212,2
DA:213,2
DA:224,2
DA:225,2
DA:226,2
DA:237,2
DA:238,2
LF:55
LH:54
BRDA:20,0,0,42
BRDA:20,0,1,42
BRDA:29,1,0,109
BRDA:29,1,1,109
BRDA:62,2,0,0
BRDA:62,2,1,11
BRDA:76,3,0,0
BRDA:76,3,1,4
BRDA:76,4,0,4
BRDA:76,4,1,4
BRDA:89,5,0,0
BRDA:89,5,1,2
BRDA:89,6,0,2
BRDA:89,6,1,2
BRDA:102,7,0,0
BRDA:102,7,1,5
BRDA:102,8,0,5
BRDA:102,8,1,5
BRDA:103,9,0,5
BRDA:103,9,1,4
BRDA:115,10,0,0
BRDA:115,10,1,6
BRDA:115,11,0,6
BRDA:115,11,1,6
BRDA:117,12,0,2
BRDA:117,12,1,12
BRDA:132,13,0,0
BRDA:132,13,1,4
BRDA:132,14,0,4
BRDA:132,14,1,4
BRDA:133,15,0,4
BRDA:133,15,1,3
BRDA:144,16,0,0
BRDA:144,16,1,3
BRDA:144,17,0,3
BRDA:144,17,1,3
BRDA:158,18,0,0
BRDA:158,18,1,12
BRDA:178,19,0,0
BRDA:178,19,1,8
BRDA:194,20,0,0
BRDA:194,20,1,15
BRDA:194,21,0,15
BRDA:194,21,1,15
BRDA:197,22,0,16
BRDA:197,22,1,42
BRDA:212,23,0,0
BRDA:212,23,1,2
BRDA:224,24,0,0
BRDA:224,24,1,2
BRDA:224,25,0,2
BRDA:224,25,1,2
BRDA:226,26,0,2
BRDA:226,26,1,1
BRDA:237,27,0,0
BRDA:237,27,1,2
BRDA:237,28,0,2
BRDA:237,28,1,2
BRDA:238,29,0,2
BRDA:238,29,1,1
BRF:60
BRH:47
end_of_record
TN:
SF:src\parser.js
FN:15,(anonymous_0)
FN:237,(anonymous_1)
FNF:2
FNH:0
FNDA:0,(anonymous_0)
FNDA:0,(anonymous_1)
DA:16,0
DA:26,0
DA:35,0
DA:36,0
DA:46,0
DA:47,0
DA:48,0
DA:58,0
DA:59,0
DA:60,0
DA:69,0
DA:70,0
DA:71,0
DA:238,0
DA:239,0
DA:242,0
LF:16
LH:0
BRDA:47,0,0,0
BRDA:47,0,1,0
BRDA:59,1,0,0
BRDA:59,1,1,0
BRDA:70,2,0,0
BRDA:70,2,1,0
BRF:6
BRH:0
end_of_record
TN:
SF:src\pointsetdiagramlib.js
FN:14,(anonymous_0)
FN:35,is_point
FN:44,is_point_set
FN:45,(anonymous_3)
FN:168,(anonymous_4)
FN:183,(anonymous_5)
FN:191,(anonymous_6)
FN:199,(anonymous_7)
FN:207,(anonymous_8)
FN:215,(anonymous_9)
FN:223,(anonymous_10)
FN:231,(anonymous_11)
FN:239,(anonymous_12)
FN:247,(anonymous_13)
FN:255,(anonymous_14)
FN:263,(anonymous_15)
FN:271,(anonymous_16)
FN:279,(anonymous_17)
FN:287,(anonymous_18)
FN:295,(anonymous_19)
FN:303,(anonymous_20)
FN:320,point_set_diagram
FN:360,draw_horizontal_axes
FN:397,draw_vertical_axes
FN:431,draw_points
FN:432,(anonymous_25)
FN:449,get_canvas_coordinates
FNF:27
FNH:1
FNDA:20,(anonymous_0)
FNDA:0,is_point
FNDA:0,is_point_set
FNDA:0,(anonymous_3)
FNDA:0,(anonymous_4)
FNDA:0,(anonymous_5)
FNDA:0,(anonymous_6)
FNDA:0,(anonymous_7)
FNDA:0,(anonymous_8)
FNDA:0,(anonymous_9)
FNDA:0,(anonymous_10)
FNDA:0,(anonymous_11)
FNDA:0,(anonymous_12)
FNDA:0,(anonymous_13)
FNDA:0,(anonymous_14)
FNDA:0,(anonymous_15)
FNDA:0,(anonymous_16)
FNDA:0,(anonymous_17)
FNDA:0,(anonymous_18)
FNDA:0,(anonymous_19)
FNDA:0,(anonymous_20)
FNDA:0,point_set_diagram
FNDA:0,draw_horizontal_axes
FNDA:0,draw_vertical_axes
FNDA:0,draw_points
FNDA:0,(anonymous_25)
FNDA:0,get_canvas_coordinates
DA:15,20
DA:16,20
DA:18,8
DA:19,8
DA:22,12
DA:23,12
DA:36,0
DA:45,0
DA:153,0
DA:154,0
DA:155,0
DA:156,0
DA:157,0
DA:158,0
DA:159,0
DA:160,0
DA:161,0
DA:162,0
DA:169,0
DA:170,0
DA:171,0
DA:172,0
DA:173,0
DA:174,0
DA:175,0
DA:184,0
DA:192,0
DA:200,0
DA:208,0
DA:216,0
DA:224,0
DA:232,0
DA:240,0
DA:248,0
DA:256,0
DA:264,0
DA:272,0
DA:280,0
DA:288,0
DA:296,0
DA:304,0
DA:325,0
DA:326,0
DA:345,0
DA:346,0
DA:347,0
DA:348,0
DA:349,0
DA:351,0
DA:352,0
DA:361,0
DA:362,0
DA:363,0
DA:364,0
DA:367,0
DA:368,0
DA:370,0
DA:371,0
DA:376,0
DA:378,0
DA:385,0
DA:386,0
DA:387,0
DA:388,0
DA:398,0
DA:399,0
DA:400,0
DA:401,0
DA:404,0
DA:405,0
DA:407,0
DA:408,0
DA:413,0
DA:414,0
DA:419,0
DA:420,0
DA:421,0
DA:422,0
DA:432,0
DA:434,0
DA:435,0
DA:436,0
DA:437,0
DA:451,0
DA:452,0
DA:453,0
DA:454,0
LF:87
LH:6
BRDA:15,0,0,0
BRDA:15,0,1,20
BRDA:15,1,0,20
BRDA:15,1,1,20
BRDA:16,2,0,8
BRDA:16,2,1,12
BRDA:16,3,0,20
BRDA:16,3,1,12
BRDA:36,4,0,0
BRDA:36,4,1,0
BRDA:45,5,0,0
BRDA:45,5,1,0
BRDA:320,6,0,0
BRDA:325,7,0,0
BRDA:325,7,1,0
BRDA:368,8,0,0
BRDA:368,8,1,0
BRDA:370,9,0,0
BRDA:370,9,1,0
BRDA:370,10,0,0
BRDA:370,10,1,0
BRDA:376,11,0,0
BRDA:376,11,1,0
BRDA:376,12,0,0
BRDA:376,12,1,0
BRDA:405,13,0,0
BRDA:405,13,1,0
BRDA:407,14,0,0
BRDA:407,14,1,0
BRDA:407,15,0,0
BRDA:407,15,1,0
BRDA:413,16,0,0
BRDA:413,16,1,0
BRDA:413,17,0,0
BRDA:413,17,1,0
BRF:35
BRH:7
end_of_record
TN:
SF:src\token.js
FNF:0
FNH:0
DA:6,1
LF:1
LH:1
BRF:0
BRH:0
end_of_record
